#
#model:
#
#<?xml version="1.0" encoding="UTF-8" standalone="no"?><input id="posterior" spec="beast.core.util.CompoundDistribution">
#    <distribution id="prior" spec="beast.core.util.CompoundDistribution">
#        <distribution id="BirthDeath.t:sequence_data" spec="beast.evolution.speciation.BirthDeathGernhard08Model">
#            <parameter id="relativeDeathRate2.t:sequence_data" lower="0.0" name="relativeDeathRate" upper="1.0">0.5</parameter>
#            <parameter id="birthRate2.t:sequence_data" lower="0.0" name="birthDiffRate" upper="10000.0">1.0</parameter>
#            <tree id="Tree.t:sequence_data">
#                <taxonset id="TaxonSet.sequence_data" spec="beast.evolution.alignment.TaxonSet">
#                </taxonset>
#            </tree>
#        </distribution>
#        <prior id="BirthRatePrior.t:sequence_data" name="distribution" x="@birthRate2.t:sequence_data">
#            <Uniform id="Uniform.0" name="distr" upper="1000.0"/>
#        </prior>
#        <prior id="ClockPrior.c:sequence_data" name="distribution">
#            <parameter id="clockRate.c:sequence_data" name="x">1.0</parameter>
#            <Uniform id="Uniform.01" name="distr" upper="Infinity"/>
#        </prior>
#        <prior id="DeathRatePrior.t:sequence_data" name="distribution" x="@relativeDeathRate2.t:sequence_data">
#            <Uniform id="Uniform.02" name="distr"/>
#        </prior>
#        <distribution id="all.prior" monophyletic="true" spec="beast.math.distributions.MRCAPrior" tree="@Tree.t:sequence_data">
#            <taxonset id="all" spec="beast.evolution.alignment.TaxonSet">
#                <taxon id="t1" spec="beast.evolution.alignment.Taxon"/>
#                <taxon id="t10" spec="beast.evolution.alignment.Taxon"/>
#                <taxon id="t2" spec="beast.evolution.alignment.Taxon"/>
#                <taxon id="t3" spec="beast.evolution.alignment.Taxon"/>
#                <taxon id="t4" spec="beast.evolution.alignment.Taxon"/>
#                <taxon id="t5" spec="beast.evolution.alignment.Taxon"/>
#                <taxon id="t6" spec="beast.evolution.alignment.Taxon"/>
#                <taxon id="t7" spec="beast.evolution.alignment.Taxon"/>
#                <taxon id="t8" spec="beast.evolution.alignment.Taxon"/>
#                <taxon id="t9" spec="beast.evolution.alignment.Taxon"/>
#            </taxonset>
#            <Normal id="Normal.0" name="distr">
#                <parameter estimate="false" id="RealParameter.0" name="mean">100.0</parameter>
#                <parameter estimate="false" id="RealParameter.01" name="sigma">0.5</parameter>
#            </Normal>
#        </distribution>
#    </distribution>
#    <distribution id="likelihood" spec="beast.core.util.CompoundDistribution">
#        <distribution data="@sequence_data" id="treeLikelihood.sequence_data" spec="beast.evolution.likelihood.TreeLikelihood" tree="@Tree.t:sequence_data">
#            <siteModel id="SiteModel.s:sequence_data" spec="beast.evolution.sitemodel.SiteModel">
#                <parameter estimate="false" id="mutationRate.s:sequence_data" name="mutationRate">1.0</parameter>
#                <parameter estimate="false" id="gammaShape.s:sequence_data" name="shape">1.0</parameter>
#                <parameter estimate="false" id="proportionInvariant.s:sequence_data" lower="0.0" name="proportionInvariant" upper="1.0">0.0</parameter>
#                <substModel id="JC69.s:sequence_data" spec="beast.evolution.substitutionmodel.JukesCantor"/>
#            </siteModel>
#            <branchRateModel clock.rate="@clockRate.c:sequence_data" id="StrictClock.c:sequence_data" spec="beast.evolution.branchratemodel.StrictClockModel"/>
#        </distribution>
#    </distribution>
#</input>
#
Sample	posterior	likelihood	prior	treeLikelihood	TreeHeight	BirthDeath	birthRate2	relativeDeathRate2	logP(mrca(all))	mrcatime(all)	clockRate	
0	-22511.43820452888	-3083.204082934121	-19428.23412159476	-3083.204082934121	1.461919833073544	-1.594088995879591	1.0	0.5	-19419.732277319898	1.461919833073544	1.0	
1000	-2432.082843304312	-2314.5905887085437	-117.49225459576823	-2314.5905887085437	99.74730071906926	-110.23099411097554	0.5459512473101591	0.7699788443954866	-0.3535052058105551	99.74730071906926	0.21438876147593539	
2000	-2335.748238815739	-2309.135493027367	-26.612745788372248	-2309.135493027367	99.76443336099196	-19.368215873918295	0.05107385379951035	0.9794128906572521	-0.3367746354718173	99.76443336099196	0.18560228569532658	
3000	-2339.0101119975825	-2314.601883668242	-24.408228329340545	-2314.601883668242	99.15648412998294	-15.851643651772411	0.030049669250108543	0.9934952147308952	-1.6488293985859945	99.15648412998294	0.19371136880905926	
4000	-2334.1922197254235	-2311.8346491276793	-22.35757059774393	-2311.8346491276793	99.68494813006963	-15.025508604623818	0.013738816531814252	0.9934952147308952	-0.42430671413797505	99.68494813006963	0.17851452841337337	
5000	-2334.7860638251937	-2313.148508693584	-21.637555131609524	-2313.148508693584	100.23586705310876	-14.392741966498233	0.00726394132845697	0.9973005855957048	-0.337057886129151	100.23586705310876	0.1650393513671874	
6000	-2332.5266515164867	-2311.005994687546	-21.52065682894097	-2311.005994687546	100.14179665972469	-14.34689761189595	0.010277316114375653	0.9973005855957048	-0.2660039380628866	100.14179665972469	0.17355464742097865	
7000	-2334.227826206437	-2311.6759935787786	-22.551832627658193	-2311.6759935787786	99.592789293638	-15.086644877279662	0.015107770986278668	0.9973005855957048	-0.5574324713963954	99.592789293638	0.16671602583924752	
8000	-2340.601999288446	-2317.0249971385315	-23.577002149914648	-2317.0249971385315	99.79315011181622	-16.357881765804496	0.022500338724276467	0.9973005855957048	-0.3113651051280141	99.79315011181622	0.1690583400356813	
9000	-2335.2747015425966	-2313.2159050496316	-22.058796492964944	-2313.2159050496316	99.65683138635688	-14.689720466558606	0.016254756632473298	0.994748362660752	-0.4613207474242029	99.65683138635688	0.18495019180477204	
10000	-2332.961461838432	-2309.820475247912	-23.14098659052008	-2309.820475247912	99.20064668507341	-14.729508514724953	0.01600710371096918	0.994748362660752	-1.5037227968129883	99.20064668507341	0.18671115629157753	
11000	-2338.777447207669	-2312.448135228784	-26.329311978885116	-2312.448135228784	101.29426684344615	-15.845512023170116	0.02358080422725678	0.994748362660752	-3.5760446767328617	101.29426684344615	0.185154264681616	
12000	-2338.2723547601468	-2316.2494160520514	-22.022938708095168	-2316.2494160520514	100.06016435843206	-14.88215257641722	0.014104250743852922	0.994748362660752	-0.23303085269581048	100.06016435843206	0.21441751102407147	
13000	-2333.4781783670137	-2311.556531963706	-21.92164640330763	-2311.556531963706	100.0713025581094	-14.777931662094879	0.015280653603748464	0.994748362660752	-0.23595946223061454	100.0713025581094	0.18246460368155568	
14000	-2341.3586286056193	-2314.926994187765	-26.431634417854205	-2314.926994187765	99.12628153337967	-17.771319868400575	0.003922557934095801	0.994748362660752	-1.7525592704714956	99.12628153337967	0.15881532166430534	
15000	-2337.9959493545925	-2314.1610145241357	-23.834934830456934	-2314.1610145241357	100.05534361592179	-16.695262367183474	0.003873368630986463	0.9963314737639045	-0.23191718429132355	100.05534361592179	0.19595363448882389	
16000	-2333.3696844041933	-2311.005172736944	-22.364511667249307	-2311.005172736944	99.82162927744716	-15.167332806294398	0.009913320861436637	0.9963314737639045	-0.28942358197277307	99.82162927744716	0.16426237231365556	
17000	-2336.6429733910218	-2313.4951232995604	-23.147850091461258	-2313.4951232995604	99.49030686895172	-15.494729284158794	0.006409106957844371	0.9963314737639045	-0.745365528320326	99.49030686895172	0.16101011054488945	
18000	-2334.4460775429757	-2311.120513872692	-23.325563670283728	-2311.120513872692	99.55860077338122	-15.80235048413754	0.0074367824872853825	0.9963314737639045	-0.6154579071640499	99.55860077338122	0.14755674630505447	
19000	-2334.5226929351597	-2310.618467463326	-23.904225471833623	-2310.618467463326	99.39287972381115	-16.033488780687506	0.01061049814746051	0.9963314737639045	-0.9629814121639819	99.39287972381115	0.14976773459352807	
20000	-2336.740549057644	-2311.722313519189	-25.018235538454775	-2311.722313519189	99.99875910597748	-17.88468582719196	0.02249690546652718	0.9847665584727464	-0.2257944322806776	99.99875910597748	0.13582260021315523	
21000	-2340.713592359253	-2315.333394708628	-25.38019765062523	-2315.333394708628	100.51946853560194	-17.70695590003751	0.018040492791938194	0.9864871113216623	-0.7654864716055855	100.51946853560194	0.13126966593627368	
22000	-2334.6589798015343	-2311.155458440694	-23.50352136084014	-2311.155458440694	100.18481612785949	-16.301660726979325	0.014441008036436656	0.9915558799544034	-0.2941053548786792	100.18481612785949	0.162761734526842	
23000	-2337.805410161088	-2310.0240471632083	-27.78136299787946	-2310.0240471632083	101.04005510473516	-18.484387124481266	0.035921526991376476	0.9834666195672693	-2.389220594416056	101.04005510473516	0.13840940309252733	
24000	-2339.5660739370064	-2314.067340992543	-25.498732944463477	-2314.067340992543	100.55881390270292	-17.74064035712847	0.031611600093779044	0.99103092825227	-0.8503373083528708	100.55881390270292	0.14426848144807453	
25000	-2338.2354612774798	-2313.521896002252	-24.713565275227882	-2313.521896002252	100.48780324010649	-17.104114641484244	0.012990484525514245	0.99103092825227	-0.7016953547615017	100.48780324010649	0.13607088412993737	
26000	-2338.6666041789695	-2310.4559257910964	-28.210678387872886	-2310.4559257910964	99.40987136033306	-20.38062813353571	0.022264409505659163	0.967974513691221	-0.9222949753550417	99.40987136033306	0.12390923679904502	
27000	-2337.981166431816	-2312.084510427986	-25.89665600382956	-2312.084510427986	99.3842284353123	-18.004760132446805	0.01801740283733229	0.9868101989495085	-0.9841405924006166	99.3842284353123	0.11489339389265016	
28000	-2338.5547991125345	-2314.3541536282105	-24.200645484323797	-2314.3541536282105	100.11193476746517	-17.042040068361967	0.020198275320309874	0.9949944637521823	-0.25085013697969166	100.11193476746517	0.12421866025255057	
29000	-2335.508861277853	-2311.1930234444544	-24.315837833398575	-2311.1930234444544	100.01831369032732	-17.181620419264902	0.018573246787611426	0.9954433610813797	-0.22646213515153718	100.01831369032732	0.11562583806188134	
30000	-2341.387408908411	-2315.136191874541	-26.251217033869924	-2315.136191874541	100.47902891030625	-18.658733008424665	0.012049608528202168	0.9901902337169696	-0.6847287464631233	100.47902891030625	0.11510451855890537	
31000	-2338.7338547379973	-2310.454034445859	-28.279820292138066	-2310.454034445859	99.72087712223014	-20.99045449872214	0.022579046540321262	0.9658124764959274	-0.38161051443378924	99.72087712223014	0.11101797631403247	
32000	-2344.32457287654	-2311.41613947022	-32.90843340632002	-2311.41613947022	98.82689487634518	-23.022535512402772	0.051433506292692034	0.954102708931707	-2.9781426149351136	98.82689487634518	0.10952959745574962	
33000	-2337.5963976681974	-2311.8334988341267	-25.76289883407067	-2311.8334988341267	100.2553341907083	-18.498961104554482	0.01367495406651988	0.9921228365837959	-0.356182450534049	100.2553341907083	0.10030330953462505	
34000	-2338.2754672103642	-2311.2589260877653	-27.01654112259903	-2311.2589260877653	99.53976734144851	-19.45936629097742	0.012343852719630035	0.9937223247347201	-0.6494195526394726	99.53976734144851	0.08358146108863548	
35000	-2337.9223295249612	-2310.500376263165	-27.42195326179611	-2310.500376263165	100.37365832188937	-20.00916554713489	0.017680568290885896	0.9967961945575334	-0.505032435679081	100.37365832188937	0.09780529614818734	
36000	-2336.560245219764	-2311.6509152190283	-24.909330000735874	-2311.6509152190283	100.24799469158913	-17.652780634996237	0.015736644989968115	0.9932241565089551	-0.3487940867575004	100.24799469158913	0.11137613418922011	
37000	-2335.196273446115	-2309.5911325216816	-25.60514092443336	-2309.5911325216816	99.6996621491418	-18.29118864349025	0.020554566524110182	0.9950298865883624	-0.40619700196097075	99.6996621491418	0.11031166093555092	
38000	-2340.3680667499707	-2313.703185150133	-26.66488159983788	-2313.703185150133	100.3176813696718	-19.32949206293791	0.026446687565759585	0.9841576924928629	-0.42763425791783266	100.3176813696718	0.11228279700699836	
39000	-2336.8770925474723	-2309.259462860714	-27.617629686758473	-2309.259462860714	100.79335787679335	-19.2252496137915	0.010577085402478072	0.9984282859072708	-1.4846247939848354	100.79335787679335	0.10159299528106625	
40000	-2336.716917613805	-2312.2876110727707	-24.429306541034276	-2312.2876110727707	99.87629540310346	-17.26515425482074	0.004949567679491611	0.9984282859072708	-0.2563970072314006	99.87629540310346	0.12279972719729895	
41000	-2338.109059936447	-2313.0974167940317	-25.01164314241513	-2313.0974167940317	100.04374302286402	-17.8742696066897	0.02150665941657087	0.9929306433156019	-0.22961825674329192	100.04374302286402	0.13655802681674206	
42000	-2338.7581291498946	-2310.43482493674	-28.323304213154596	-2310.43482493674	100.36792991334441	-20.91901273926048	0.0347036863913313	0.9899694016489224	-0.4965361949119802	100.36792991334441	0.10681191534952625	
43000	-2341.507333052281	-2312.7323337177245	-28.774999334556366	-2312.7323337177245	100.89930916107046	-20.023938768558985	0.015444400693131861	0.977931376914996	-1.8433052870152453	100.89930916107046	0.12212229674863494	
44000	-2344.5083672170203	-2313.9267483986036	-30.581618818416842	-2313.9267483986036	101.40236035068934	-19.51484308041895	0.026116315360649078	0.9913615910647248	-4.159020459015758	101.40236035068934	0.09944149590546898	
45000	-2342.9340846506157	-2316.9453304172466	-25.988754233369114	-2316.9453304172466	100.15050410914743	-18.809904628001725	0.02644239201864609	0.9913615910647248	-0.2710943263852528	100.15050410914743	0.0918221051504259	
46000	-2335.8502140547207	-2309.8085653557473	-26.041648698973287	-2309.8085653557473	100.49152196928158	-18.42491437477354	0.015004389174303646	0.9906237238717543	-0.7089790452176088	100.49152196928158	0.09402913106826422	
47000	-2336.5381176661017	-2310.17245265205	-26.365665014051466	-2310.17245265205	99.85850020336004	-19.1920739975263	0.020765808499424245	0.9883959777629635	-0.26583573754302886	99.85850020336004	0.09114212733495203	
48000	-2335.7188689943155	-2309.2831083361452	-26.43576065817031	-2309.2831083361452	100.03527518922103	-19.299725348594286	0.022598721355639922	0.9934204687645345	-0.22828003059388563	100.03527518922103	0.10573910316189465	
49000	-2336.4445930997163	-2308.8344099969845	-27.610183102731913	-2308.8344099969845	99.79947230854317	-20.39621376102304	0.01843613421978158	0.9819195810934346	-0.30621406272673624	99.79947230854317	0.07830273721589254	
50000	-2341.889426709794	-2314.038779433134	-27.85064727665964	-2314.038779433134	100.78748117239113	-19.476847451291775	0.012109521636881847	0.9870233985377551	-1.4660445463857288	100.78748117239113	0.10590655197254184	
51000	-2338.942091371747	-2312.7367692185753	-26.205322153171732	-2312.7367692185753	99.93143004685885	-19.06237184459731	0.013276295834953012	0.9859232443100088	-0.23519502959228641	99.93143004685885	0.10447806388575252	
52000	-2338.426190629701	-2312.905958120395	-25.52023250930607	-2312.905958120395	100.1507678532344	-18.341223986541387	0.027014292718607103	0.9859232443100088	-0.2712532437825458	100.1507678532344	0.14672820005399748	
53000	-2336.5031662149527	-2310.464985477112	-26.038180737840758	-2310.464985477112	99.12810601825426	-17.384235875405004	0.015086802941467452	0.9910588252160298	-1.7461895834536176	99.12810601825426	0.13497828244424637	
54000	-2335.100967064352	-2311.9601299410024	-23.140837123349847	-2311.9601299410024	99.95371974836374	-16.00300676833995	0.011156334409910911	0.9967672512070496	-0.23007507602775876	99.95371974836374	0.12835047306590547	
55000	-2336.0659742964635	-2312.286377468062	-23.77959682840153	-2312.286377468062	100.32273303003078	-16.437736979428976	0.006995275481420031	0.9967672512070496	-0.43410456999041835	100.32273303003078	0.127860953607624	
56000	-2336.0752862060253	-2310.2611657662696	-25.81412043975575	-2310.2611657662696	99.17995606811432	-17.335629707683843	0.009971621032202178	0.9959350313365869	-1.5707354530897724	99.17995606811432	0.09768677992682726	
57000	-2336.458907305402	-2310.3230274292027	-26.135879876199358	-2310.3230274292027	100.50895918482578	-18.48425434093544	0.004035350314030684	0.9971588439943747	-0.7438702562817804	100.50895918482578	0.09285732722915624	
58000	-2341.2070902953797	-2315.125291424263	-26.08179887111644	-2315.125291424263	99.99189417907762	-18.948120830823925	0.008231720871608655	0.9975200438876336	-0.2259227613103788	99.99189417907762	0.08891844613396797	
59000	-2339.2985557255233	-2311.8448505864912	-27.45370513903231	-2311.8448505864912	100.0637304378562	-20.31203536998676	0.011769424212382605	0.9933972490810977	-0.2339144900634117	100.0637304378562	0.05844062548621565	
60000	-2339.133022820981	-2310.403484782625	-28.729538038355752	-2310.403484782625	99.7841733468565	-21.502829118314644	0.02121565508423691	0.9810831427015554	-0.3189536410589721	99.7841733468565	0.05996430148027218	
61000	-2344.5963843105133	-2311.426582280248	-33.16980203026516	-2311.426582280248	100.40726690425983	-25.704522736027524	0.04195394902473202	0.9077932819128242	-0.5575240152554949	100.40726690425983	0.06374377571957919	
62000	-2338.0300081843848	-2309.317731002797	-28.712277181587798	-2309.317731002797	99.73755101695932	-21.440971612562755	0.011282405720662636	0.987697980923006	-0.3635502900429063	99.73755101695932	0.055472079953447426	
63000	-2349.891094602114	-2315.040537453285	-34.85055714882902	-2315.040537453285	100.40643657363867	-27.386629140419867	0.04610969216863423	0.8739351165246271	-0.5561727294270146	100.40643657363867	0.0465129198458435	
64000	-2348.2676210384166	-2312.132760467543	-36.13486057087354	-2312.132760467543	99.09242153712519	-27.35391660669827	0.04238107203907527	0.8817753268213295	-1.8731886851931314	99.09242153712519	0.05427887356798227	
65000	-2342.5781332005913	-2312.922707200412	-29.655426000179283	-2312.922707200412	100.21673217415501	-22.4279336979245	0.010758833482740465	0.9842927148880755	-0.31973702327264475	100.21673217415501	0.04898619952242599	
66000	-2340.826987850616	-2311.3764370179174	-29.450550832698823	-2311.3764370179174	100.16984100906502	-22.259312264351507	0.02288376323598702	0.9728501819849803	-0.28348328936517864	100.16984100906502	0.05922786383713377	
67000	-2340.460760513416	-2312.211721977241	-28.249038536175444	-2312.211721977241	100.45582487792265	-20.69993926588218	0.007194383370976918	0.9920282867765683	-0.6413439913111281	100.45582487792265	0.06437249163581424	
68000	-2339.8903244805806	-2313.0037989205553	-26.886525560025405	-2313.0037989205553	100.0002373809055	-19.75297881569915	0.010727608416686478	0.992982240555706	-0.22579146534411598	100.0002373809055	0.07670914656288794	
69000	-2336.25693158521	-2308.5630494154066	-27.69388216980368	-2308.5630494154066	99.57587781747179	-20.200576286751833	0.013004112151616563	0.9898378942456697	-0.5855506040697089	99.57587781747179	0.06801755820325746	
70000	-2344.679850916647	-2316.257231410666	-28.422619505980826	-2316.257231410666	100.67766568487704	-20.37061131343422	0.008249318392144931	0.996147542736132	-1.1442529135644668	100.67766568487704	0.07084047183976915	
71000	-2336.026763208551	-2309.1887599118054	-26.838003296745498	-2309.1887599118054	100.4360906653968	-19.324106528226178	0.007120978063778805	0.996147542736132	-0.6061414895371826	100.4360906653968	0.073019054649609	
72000	-2339.1928011641307	-2310.181183909234	-29.01161725489714	-2310.181183909234	100.51661521898849	-21.344288054289223	0.011892657146968973	0.996147542736132	-0.7595739216257807	100.51661521898849	0.07223263091596721	
73000	-2337.208106088466	-2309.5442659975524	-27.663840090913517	-2309.5442659975524	100.25263836335728	-20.402641174006966	0.011035538246595917	0.9916063265162728	-0.3534436379244152	100.25263836335728	0.07172473614056513	
74000	-2339.2569298009216	-2308.3676727958673	-30.889257005054187	-2308.3676727958673	99.80897787604275	-23.682731469745043	0.03334049022282531	0.9909326638584446	-0.2987702563270081	99.80897787604275	0.06554919603831023	
75000	-2341.1964225977513	-2310.887553108397	-30.308869489354517	-2310.887553108397	100.28415831388118	-23.013830963032063	0.012607771422241128	0.9702899549190428	-0.38728324734031616	100.28415831388118	0.065916259368766	
76000	-2339.9779939836635	-2309.6881771183484	-30.289816865315103	-2309.6881771183484	99.82089798136413	-23.09211516752935	0.023677122141871534	0.9862294029359557	-0.28994641880361705	99.82089798136413	0.050557578319175345	
77000	-2343.9136164380134	-2311.308015148413	-32.605601289600436	-2311.308015148413	99.3385497138537	-24.597021695887513	0.02639433393450365	0.9351756028163389	-1.1008243147307855	99.3385497138537	0.06327583799024811	
78000	-2338.8085171199477	-2310.5584469381292	-28.2500701818185	-2310.5584469381292	100.73635731764499	-20.032079351692996	0.014656178695118401	0.9921978642680289	-1.3102355511433696	100.73635731764499	0.07178304605802108	
79000	-2338.969379824628	-2311.358761892511	-27.61061793211681	-2311.358761892511	99.78255898579229	-20.382510111170593	0.013646467048195311	0.9941396828637634	-0.32035254196408064	99.78255898579229	0.06770874458639876	
80000	-2338.852304149657	-2310.4077907176884	-28.444513431968545	-2310.4077907176884	100.20929464519055	-21.2233583033308	0.02079589905211465	0.9743520391962041	-0.3133998496556066	100.20929464519055	0.07521662168022086	
81000	-2345.4857867140477	-2315.3476820713563	-30.13810464269156	-2315.3476820713563	100.2993581646867	-22.825327389535524	0.03548207028412607	0.9855703540651076	-0.40502197417389935	100.2993581646867	0.06622737265930285	
82000	-2339.3834638219746	-2310.202633624148	-29.18083019782658	-2310.202633624148	99.96231220011735	-22.044442825679727	0.021216959276820897	0.9750255591378323	-0.2286320931647163	99.96231220011735	0.06163129263299648	
83000	-2340.412093833947	-2309.1964872422545	-31.215606591692648	-2309.1964872422545	99.93874297469733	-24.07455511376792	0.03805579433008422	0.9355605871770666	-0.23329619894259032	99.93874297469733	0.06980872091968375	
84000	-2340.2946022641377	-2310.0844158124396	-30.210186451698068	-2310.0844158124396	100.27408007926672	-22.926400040369497	0.011069686850692855	0.9737236822175258	-0.37603113234643526	100.27408007926672	0.05715138200509636	
85000	-2336.49869405744	-2308.114303611121	-28.38439044631873	-2308.114303611121	99.80754670196474	-21.176767270842568	0.007040875265431752	0.9886244404388153	-0.2998678964940253	99.80754670196474	0.06929039244712412	
86000	-2339.109728843346	-2310.4602419669527	-28.649486876393418	-2310.4602419669527	100.08878356716524	-21.500175201169384	0.020892328842201754	0.985182505305411	-0.24155639624189562	100.08878356716524	0.06948814562229033	
87000	-2345.1453813897215	-2312.3133639294433	-32.83201746027817	-2312.3133639294433	100.57857774187659	-25.028966421861288	0.03545321635231863	0.9211916951232753	-0.8952957594347463	100.57857774187659	0.0651506564808446	
88000	-2337.8181190361465	-2309.6987959355265	-28.119323100620193	-2309.6987959355265	99.85524454073278	-20.943868183018004	0.018507841342137996	0.983731558689429	-0.26769963862005275	99.85524454073278	0.06852253085673203	
89000	-2341.4652686201584	-2313.788015382225	-27.67725323793359	-2313.788015382225	100.0552395188892	-20.53760379741251	0.013883806342184562	0.983731558689429	-0.23189416153894685	100.0552395188892	0.07780221659917445	
90000	-2340.3223102449388	-2311.42409440215	-28.898215842789064	-2311.42409440215	100.04202918219778	-21.76113630684977	0.021283380052849885	0.9742451646562661	-0.22932425695715572	100.04202918219778	0.06900547031797444	
91000	-2337.997744667823	-2309.9078853154383	-28.08985935238473	-2309.9078853154383	99.65340914025629	-20.716062272642095	0.018025294822793112	0.9824222920699384	-0.4660418007605004	99.65340914025629	0.08234020796747989	
92000	-2337.888078592651	-2308.9666545689906	-28.92142402365999	-2308.9666545689906	99.93166272117233	-21.778537424677985	0.030970560363497462	0.9681218430566075	-0.2351313199998688	99.93166272117233	0.08520654533996959	
93000	-2341.6623963913535	-2310.4353064781503	-31.227089913203102	-2310.4353064781503	101.04317173429216	-21.917128747124018	0.028447698338476095	0.9856496371421234	-2.4022058870969474	101.04317173429216	0.06548191062168297	
94000	-2341.213291198201	-2309.6217856499866	-31.591505548214442	-2309.6217856499866	99.13791844995225	-22.971589718722125	0.045722402723729495	0.9812351263992682	-1.7121605505101818	99.13791844995225	0.081830388287861	
95000	-2339.4197788389306	-2309.956502912776	-29.46327592615425	-2309.956502912776	99.72092362207894	-22.17396204510031	0.02545381555559798	0.9597303199344527	-0.38155860207180164	99.72092362207894	0.07556009071150921	
96000	-2339.332002469447	-2311.069022096232	-28.262980373215186	-2311.069022096232	100.34468852972394	-20.89181337654182	0.008384232944718281	0.9981010926264942	-0.463411717691229	100.34468852972394	0.06836854666339301	
97000	-2339.447838578504	-2312.6432340495207	-26.80460452898347	-2312.6432340495207	100.53326735588499	-19.102309751651475	0.005383514043927958	0.9976586659628826	-0.7945394983498595	100.53326735588499	0.06378478904625522	
98000	-2339.9713805705874	-2313.3847357944323	-26.5866447761551	-2313.3847357944323	100.08736801631876	-19.437831803977286	0.0035722531540486515	0.9973761933391337	-0.24105769319567863	100.08736801631876	0.07054071341903081	
99000	-2338.3658871087996	-2311.2868337045425	-27.07905340425715	-2311.2868337045425	99.7477093939706	-19.818205672848915	0.0019296319985924822	0.9973761933391337	-0.35309245242609605	99.7477093939706	0.08047599211387807	
100000	-2335.2274178675484	-2308.6425432705682	-26.584874596980306	-2308.6425432705682	100.03933456444555	-19.448233549433198	0.01822583146071004	0.984726193408368	-0.2288857685649702	100.03933456444555	0.09275906865457592	
101000	-2336.1318458015367	-2310.8004281469	-25.331417654637022	-2310.8004281469	100.02847655458115	-18.19624919468853	0.010253103338200061	0.9960219625072374	-0.22741318096635343	100.02847655458115	0.09863885569993522	
102000	-2338.7301414062244	-2310.8735163610104	-27.856625045214102	-2310.8735163610104	98.85858589244378	-18.117426083730532	0.01225132474940065	0.9917399868325227	-2.8314436825014315	98.85858589244378	0.11020526366497443	
103000	-2337.5672839360623	-2311.337367442782	-26.229916493280353	-2311.337367442782	99.56756452570653	-18.722368982798653	0.02180467918125981	0.9915361504656828	-0.5997922314995644	99.56756452570653	0.09419884004846989	
104000	-2338.9926619661683	-2311.9095214216795	-27.083140544488856	-2311.9095214216795	100.51883624785175	-19.411211808692222	0.02423702911353194	0.9861557406923408	-0.7641734568144963	100.51883624785175	0.09101520758190351	
105000	-2334.8498276360137	-2309.204782684116	-25.645044951898065	-2309.204782684116	100.1649283058871	-18.457095628105623	0.00920753621428735	0.9934722871379039	-0.2801940448103064	100.1649283058871	0.0884955548684638	
106000	-2340.381179983783	-2313.465163349122	-26.916016634660988	-2313.465163349122	100.16213520085518	-19.729894356321427	0.01196971878174087	0.9909405965620329	-0.2783669993574235	100.16213520085518	0.07624351218418693	
107000	-2339.0916618183956	-2310.1184156860586	-28.973246132336754	-2310.1184156860586	99.09753102612802	-20.210799003106818	0.008889059424155007	0.9909405965620329	-1.8546918502478014	99.09753102612802	0.07205578138579366	
108000	-2337.7465629462495	-2309.675081486136	-28.071481460113336	-2309.675081486136	100.03406642439093	-20.935613785944906	0.01056201882918383	0.9876321714768627	-0.22811239518629312	100.03406642439093	0.06545173648366678	
109000	-2339.654298296309	-2309.326439346088	-30.32785895022111	-2309.326439346088	100.57882437203986	-22.524237011259565	0.027598983369405392	0.9837632188709807	-0.8958666599794065	100.57882437203986	0.06051853163922975	
110000	-2345.7869372262094	-2312.165925558828	-33.621011667381296	-2312.165925558828	98.60155033236643	-22.576142089945545	0.030825968190316907	0.9810491667705364	-4.137114298453618	98.60155033236643	0.06744584471008361	
111000	-2342.5136118249175	-2310.005503886581	-32.50810793833629	-2310.005503886581	100.96641884435743	-23.506630541251106	0.020215305411787603	0.9616806484721873	-2.0937221181030465	100.96641884435743	0.05378595803185471	
112000	-2346.116306777367	-2313.640885198347	-32.47542157901969	-2313.640885198347	99.23571597214362	-24.173614796920088	0.006527119358289313	0.9786236530903983	-1.3940515031174612	99.23571597214362	0.04680069363586408	
113000	-2345.3458270333795	-2314.967720954456	-30.378106078923405	-2314.967720954456	99.90518759862742	-23.22658066438847	0.03202230321321181	0.9832946172890857	-0.24377013555279736	99.90518759862742	0.047180189621198916	
114000	-2351.261664996279	-2320.845950400511	-30.415714595767962	-2320.845950400511	99.96113323120764	-23.279146712708382	0.025913325839355322	0.9423315013106619	-0.22881260407744494	99.96113323120764	0.062399380750407435	
115000	-2340.54269869961	-2310.288175195061	-30.254523504548864	-2310.288175195061	100.25356802860429	-22.992383382661465	0.031610867648594575	0.984671878756826	-0.3543848429052613	100.25356802860429	0.0672112594234337	
116000	-2343.3810070869267	-2312.8813876520685	-30.499619434858122	-2312.8813876520685	99.3183463302768	-22.436769352337038	0.02544471844795581	0.9794305403522956	-1.1550948035389488	99.3183463302768	0.06502564607140005	
117000	-2346.0025146501207	-2313.4080191773974	-32.59449547272349	-2313.4080191773974	99.66043305484146	-25.230337420608024	0.0324116348345461	0.9487118920422324	-0.4564027731333301	99.66043305484146	0.05348390325040255	
118000	-2348.8119638403696	-2316.506230084603	-32.305733755766575	-2316.506230084603	99.6790750223441	-24.96620144157282	0.027269287698255273	0.9588373470616709	-0.4317770352116152	99.6790750223441	0.040684838207744226	
119000	-2350.417459123383	-2313.5465574763593	-36.87090164702406	-2313.5465574763593	99.66079929623432	-29.507240780526928	0.04762209813668244	0.9583342588427995	-0.4559055875149979	99.66079929623432	0.03157675892468351	
120000	-2316.4333387299685	-2280.570655419876	-35.862683310092386	-2280.570655419876	100.63845643400585	-27.913883442218598	0.00785139958715424	0.9653053784809036	-1.04104458889165	100.63845643400585	0.011453444916082082	
121000	-1930.3475393223966	-1880.5026017520731	-49.84493757032351	-1880.5026017520731	100.20582043054466	-42.62666683943746	0.03189880812569153	0.7266512099713783	-0.31051545190390767	100.20582043054466	0.0017587179424619877	
122000	-1893.4261839861642	-1840.8589123929514	-52.567271593212794	-1840.8589123929514	99.78681826319986	-45.34283205577568	0.0078415482862534	0.8527448636958946	-0.3166842584549739	99.78681826319986	0.0010161771148153086	
123000	-1888.5086239715934	-1834.5942216060946	-53.91440236549881	-1834.5942216060946	100.3898123267611	-46.47694843368213	0.01618490810136106	0.5256625709387522	-0.5296986528345368	100.3898123267611	9.700199362535928E-4	
124000	-1887.4638792607789	-1833.6927505793974	-53.771128681381576	-1833.6927505793974	99.91962656517686	-46.624662271704175	0.006546087100512134	0.7977249609064446	-0.23871113069526786	99.91962656517686	8.1910381379005E-4	
125000	-1890.8841795996932	-1838.6461768750482	-52.23800272464503	-1838.6461768750482	100.41721011248202	-44.75632753710364	0.007969312104543505	0.5565356252067734	-0.5739199085592543	100.41721011248202	9.687554278599318E-4	
126000	-1891.2901031564493	-1837.7420253819623	-53.548077774486906	-1837.7420253819623	99.93824686144345	-46.406904242616875	0.026149110960815007	0.4032452898019561	-0.23341825288789733	99.93824686144345	9.82492104112613E-4	
127000	-1890.574956215382	-1833.863776623252	-56.711179592129724	-1833.863776623252	101.37895544517889	-45.77459672092584	0.007200138191589895	0.8314343646100455	-4.0288275922217425	101.37895544517889	9.57137473931129E-4	
128000	-1891.1958224746184	-1837.0588768389857	-54.136945635632564	-1837.0588768389857	99.10294160823717	-45.393971487541485	0.0056125838414126895	0.887020865974198	-1.8352188691089433	99.10294160823717	9.912095611279267E-4	
129000	-1888.9447800228472	-1836.8555034513188	-52.08927657152846	-1836.8555034513188	100.2329333308949	-44.847214066618015	0.010219418252938857	0.6343717928178662	-0.33430722592830836	100.2329333308949	8.929167225425299E-4	
130000	-1888.2196849129164	-1835.2732265112097	-52.94645840170655	-1835.2732265112097	99.69297491530061	-45.62438296481035	0.018651654407265326	0.42585592451855486	-0.4143201579140626	99.69297491530061	7.993223343452053E-4	
131000	-1888.0405615326326	-1835.129311853307	-52.91124967932577	-1835.129311853307	100.11619326698461	-45.75070129711379	0.012306468502244877	0.36392544076837285	-0.2527931032298409	100.11619326698461	9.033228800299543E-4	
132000	-1891.799331817989	-1836.234045868647	-55.565285949342154	-1836.234045868647	98.89971372843281	-46.010479558916856	0.009954239534143155	0.44942896337321564	-2.647051111443163	98.89971372843281	8.982062883560804E-4	
133000	-1886.8727215608749	-1832.1625165635564	-54.71020499731854	-1832.1625165635564	100.22815441316503	-47.47254949319832	0.028706245596069494	0.21634336757252093	-0.32990022513808515	100.22815441316503	8.977348416875533E-4	
134000	-1885.6151970111903	-1832.9817260379402	-52.63347097325	-1832.9817260379402	99.64362296214009	-45.24591515539552	0.015438753321265345	0.1222150429876921	-0.4798005388723412	99.64362296214009	8.965286603648557E-4	
135000	-1890.4120159613833	-1836.1403991645827	-54.271616796800565	-1836.1403991645827	99.53209555859307	-46.700201032597036	0.0097133450795398	0.11484466618854976	-0.663660485221389	99.53209555859307	8.717035665659152E-4	
136000	-1888.707949325472	-1835.8559625563314	-52.85198676914069	-1835.8559625563314	99.61835740276905	-45.427137993471455	0.01919028255336063	0.1286957319678137	-0.5170934966870981	99.61835740276905	9.034607683946873E-4	
137000	-1891.884168721282	-1837.5228326465303	-54.36133607475171	-1837.5228326465303	98.8480667705209	-44.573889112768555	0.01567534005508213	0.2473033034504141	-2.879691683001018	98.8480667705209	9.213648045524742E-4	
138000	-1889.6295110366102	-1835.4589496516521	-54.170561384958056	-1835.4589496516521	100.20258341959703	-46.95493466953994	0.015847754530468383	0.6178516490689491	-0.3078714364359827	100.20258341959703	9.734316453523732E-4	
139000	-1892.2252121341237	-1838.6174826044444	-53.607729529679226	-1838.6174826044444	100.60888393354902	-45.732703608984096	0.010320543781585595	0.5795831228033094	-0.9672706417129907	100.60888393354902	8.050915886712187E-4	
140000	-1893.583210881467	-1842.268737845256	-51.31447303621089	-1842.268737845256	100.0678798803364	-44.17171104827506	0.009184328169203382	0.7950331345280333	-0.235006708953697	100.0678798803364	0.0012059157807715987	
141000	-1888.0471457472363	-1836.2179489963905	-51.8291967508457	-1836.2179489963905	100.24604512106316	-44.574573716020865	0.016272047364411492	0.3237723829716198	-0.34686775584269924	100.24604512106316	9.308904906071304E-4	
142000	-1892.136240930455	-1838.552336883705	-53.58390404674986	-1838.552336883705	100.38722974696279	-46.15046366125726	0.013290650172919485	0.35824512394322366	-0.5256851065104572	100.38722974696279	9.312665094775687E-4	
143000	-1894.6735610970602	-1836.8985051307675	-57.775055966292705	-1836.8985051307675	100.98159302800819	-48.71445958939726	0.0056840905246948225	0.2597595725125332	-2.1528410979133077	100.98159302800819	7.864208691024237E-4	
144000	-1888.5122857140054	-1835.7884342261639	-52.72385148784151	-1835.7884342261639	100.17919686061424	-45.52608182650665	0.016669570359178935	0.37299848917816997	-0.2900143823527264	100.17919686061424	9.229404148489068E-4	
145000	-1894.0483541677056	-1839.7710094250974	-54.27734474260812	-1839.7710094250974	100.03109245194133	-47.14186462984581	0.020170431702034024	0.6015992075898787	-0.22772483378017563	100.03109245194133	8.845869672938024E-4	
146000	-1887.6348244124126	-1834.7742050167767	-52.86061939563588	-1834.7742050167767	100.49663319393837	-45.23378370536617	0.012445256641730934	0.4116686624189691	-0.7190804112875708	100.49663319393837	8.631448737196292E-4	
147000	-1891.6136719990236	-1839.165491024259	-52.44818097476473	-1839.165491024259	99.7582717385576	-45.19776923837793	0.00996765750454559	0.8023704626668142	-0.3426564574046617	99.7582717385576	9.869238740806384E-4	
148000	-1890.8923973903077	-1838.2434920397054	-52.64890535060236	-1838.2434920397054	99.88459119030416	-45.48872033226468	0.010677985123525396	0.545503501491767	-0.2524297393555468	99.88459119030416	0.0010379070827370885	
149000	-1889.4869810235468	-1833.9933355773655	-55.49364544618123	-1833.9933355773655	99.15285186025933	-46.92477887322222	0.019411255209733354	0.5851309957007939	-1.6611112939768753	99.15285186025933	9.467312870817039E-4	
150000	-1888.2437061278213	-1834.5862180040988	-53.657488123722516	-1834.5862180040988	100.68159195700787	-45.59480630038002	0.015421035944130706	0.31527502557239667	-1.1549265443603574	100.68159195700787	9.687111360077873E-4	
151000	-1890.6959904013252	-1837.039736257007	-53.65625414431807	-1837.039736257007	99.8710868827634	-46.48947032909989	0.002851395051018868	0.8653265778249466	-0.2590285362360457	99.8710868827634	9.048630886114088E-4	
152000	-1887.616088224256	-1833.8268178373569	-53.78927038689911	-1833.8268178373569	100.51029840386236	-46.13491483330329	0.0075116248051900454	0.6037162714337475	-0.7466002746136813	100.51029840386236	8.532097493714213E-4	
153000	-1893.8292761849507	-1838.5430616894416	-55.28621449550916	-1838.5430616894416	99.1323903413953	-46.64717482447394	0.006824027089605438	0.7401880498964818	-1.7312843920530785	99.1323903413953	8.316701239789911E-4	
154000	-1896.1471102907424	-1838.9250923648628	-57.2220179258795	-1838.9250923648628	100.52043078774122	-49.54677488459474	0.009340660089962793	0.8296703726274568	-0.7674877623026191	100.52043078774122	8.326634826374756E-4	
155000	-1892.8574533570272	-1839.4510202763945	-53.40643308063261	-1839.4510202763945	100.04249471933454	-46.2692748466631	0.008362016846996211	0.38874698760779935	-0.22940295498737034	100.04249471933454	8.631415459496698E-4	
156000	-1896.5298760517999	-1838.034626849698	-58.49524920210177	-1838.034626849698	101.70053637054914	-45.57805467535399	0.007862700730343949	0.6839075550075563	-6.009439247765644	101.70053637054914	9.554890438948362E-4	
157000	-1890.4379209437573	-1838.2670501043722	-52.17087083938518	-1838.2670501043722	99.80300074477589	-44.9597067946406	0.017226215587015897	0.32551151592473687	-0.3034087657624384	99.80300074477589	0.0010697027952639494	
158000	-1895.4936922768595	-1836.002693736649	-59.490998540210526	-1836.002693736649	101.65046968945614	-46.90935151695674	0.007139538759024954	0.45185035080786623	-5.673891744271653	101.65046968945614	7.964071116583314E-4	
159000	-1889.7453121367396	-1836.4473825757946	-53.29792956094502	-1836.4473825757946	99.73605897538499	-46.02505320036852	0.021302152170231462	0.24051522062173133	-0.3651210815943677	99.73605897538499	8.420974421056971E-4	
160000	-1887.9837100306909	-1836.2178616427734	-51.765848387917465	-1836.2178616427734	99.92872279914513	-44.62214087756719	0.01130180242762522	0.48295963094424216	-0.23595223136813703	99.92872279914513	9.71168430973942E-4	
161000	-1891.4428672830295	-1838.652888100431	-52.78997918259858	-1838.652888100431	99.94006298500403	-45.64924765943846	0.015881501736774876	0.6558132850063064	-0.23297624417798088	99.94006298500403	9.481317065632895E-4	
162000	-1889.0124093529107	-1837.000512865131	-52.01189648777969	-1837.000512865131	99.72376361554683	-44.7257367759613	0.012185968383574115	0.5586245952384725	-0.3784044328362471	99.72376361554683	9.326272177526174E-4	
163000	-1891.4663103681314	-1836.4561715374496	-55.0101388306819	-1836.4561715374496	100.8259927944303	-46.512064006153466	0.00815657470363553	0.7723652586217838	-1.5903195455462984	100.8259927944303	7.871593896227328E-4	
164000	-1890.545647725897	-1837.278959421731	-53.2666883041659	-1837.278959421731	99.73387304888807	-45.99149456432278	0.01550314796113331	0.40450756917434577	-0.3674384608609891	99.73387304888807	9.063433277588463E-4	
165000	-1889.619121528524	-1836.0013941371938	-53.61772739133005	-1836.0013941371938	99.8349828747208	-46.42971945643236	0.010683245422485088	0.467307333412975	-0.2802526559155539	99.8349828747208	7.653971564805853E-4	
166000	-1889.438737832409	-1834.6281475732658	-54.81059025914329	-1834.6281475732658	99.17980598873794	-46.33160719529613	0.008703623992932058	0.21252341584407908	-1.5712277848650253	99.17980598873794	9.127923394845816E-4	
167000	-1889.444098730582	-1836.8967041113638	-52.547394619218345	-1836.8967041113638	99.87538927773107	-45.382792323382716	0.024430519391276023	0.1415434440990529	-0.25684701685349426	99.87538927773107	0.0010093867427022332	
168000	-1887.326104088787	-1834.4758125396588	-52.85029154912804	-1834.4758125396588	99.91992423432657	-45.7039206610048	0.011934699938230757	0.13756831328249033	-0.23861560914109878	99.91992423432657	9.026066153510813E-4	
169000	-1891.727298308572	-1837.3808625863005	-54.34643572227152	-1837.3808625863005	99.31526871778213	-46.27517523294921	0.01085529922836449	0.18413304946964046	-1.1635052103401784	99.31526871778213	8.907415264252607E-4	
170000	-1887.2831625714075	-1834.5611715836512	-52.72199098775618	-1834.5611715836512	100.44416956387195	-45.193871153188915	0.009874360587466541	0.5107450351186346	-0.620364555585128	100.44416956387195	9.242097476845454E-4	
171000	-1890.11820857663	-1836.2542075283748	-53.864001048255254	-1836.2542075283748	99.32088896130617	-45.80807081087676	0.018638692972047302	0.3877742235517643	-1.1481749583963605	99.32088896130617	9.530020303782312E-4	
172000	-1891.1614476499658	-1838.1655534483552	-52.9958942016106	-1838.1655534483552	100.5352426793152	-45.2893781184627	0.017569177576292293	0.10698139633848626	-0.7987608041657628	100.5352426793152	8.63895262079802E-4	
173000	-1887.9289979786593	-1835.175453001381	-52.753544977278366	-1835.175453001381	100.03501027860152	-45.61754690643599	0.024250356491935608	0.08157237063501883	-0.22824279186023927	100.03501027860152	8.145311531657959E-4	
174000	-1888.2443596252162	-1835.7642339740798	-52.48012565113649	-1835.7642339740798	99.66186093755306	-45.11790296840463	0.022190967176152963	0.1439317926398894	-0.454467403749721	99.66186093755306	0.0010724473149384512	
175000	-1894.5185326478404	-1840.1949331838746	-54.323599463965934	-1840.1949331838746	98.87081505823498	-44.63993556692133	0.017479082269475057	0.10688997629231253	-2.7759086180624633	98.87081505823498	9.416946022235454E-4	
176000	-1890.323467305597	-1836.8338952689414	-53.48957203665555	-1836.8338952689414	99.1320660675202	-44.849406782728984	0.01813758883038337	0.08659428761496545	-1.7324099749444302	99.1320660675202	0.001091350256483264	
177000	-1890.4993598663723	-1836.747116065722	-53.75224380065048	-1836.747116065722	100.73707000144415	-45.53215279496585	0.019182522272677756	0.026825194659269122	-1.3123357267024933	100.73707000144415	8.409453269895995E-4	
178000	-1894.6951564024575	-1840.03181791644	-54.66333848601755	-1840.03181791644	99.83511090448185	-47.4754150267491	0.02867146958537008	0.023583074432412143	-0.28016818028631363	99.83511090448185	8.145449196125176E-4	
179000	-1889.3096239283338	-1835.9883328438807	-53.32129108445324	-1835.9883328438807	99.82806216847095	-46.128619217004555	0.01661827747426736	0.026751611442166433	-0.2849165884665512	99.82806216847095	8.469974298834018E-4	
180000	-1887.754579973785	-1833.5970510371692	-54.15752893661578	-1833.5970510371692	100.53348509602148	-46.45476960963482	0.025153013224826194	0.03090708512118041	-0.7950040479988216	100.53348509602148	9.292258624008882E-4	
181000	-1891.7422282662124	-1834.9920329872364	-56.750195278975966	-1834.9920329872364	100.17240016882361	-49.55720501092828	0.03880973761066409	0.04146930339241123	-0.2852349890655488	100.17240016882361	9.246785370370129E-4	
182000	-1888.8644364471127	-1835.2298486574007	-53.634587789712036	-1835.2298486574007	100.67121220633082	-45.599989506230195	0.0215228470314352	0.03686616884250112	-1.126843004499706	100.67121220633082	8.245598409179458E-4	
183000	-1890.7710263771992	-1836.8059877472629	-53.96503862993641	-1836.8059877472629	99.48814979834039	-46.307510740431574	0.01848217408984674	0.051140220137437166	-0.7497726105226993	99.48814979834039	7.630735322983779E-4	
184000	-1885.492584204346	-1832.4448327387952	-53.04775146555079	-1832.4448327387952	99.89112885479477	-45.890498981407326	0.011947530689215278	0.040506181112027445	-0.24949720516132307	99.89112885479477	9.168056541794842E-4	
185000	-1887.0539445008765	-1834.5824820210432	-52.47146247983326	-1834.5824820210432	99.75741425588447	-45.22022016171022	0.017509235339242233	0.08611348598954234	-0.3434870391408983	99.75741425588447	9.154102059293524E-4	
186000	-1895.0625980730197	-1841.8864716994353	-53.176126373584275	-1841.8864716994353	100.02976874142543	-46.0408073860253	0.015315630666806144	0.21231933848246376	-0.22756370857683542	100.02976874142543	8.834395321916245E-4	
187000	-1889.2943685152195	-1835.7822083093502	-53.51216020586944	-1835.7822083093502	100.53410630165617	-45.80807449130492	0.016091902950660913	0.09136266214946735	-0.7963304355823827	100.53410630165617	7.258608571462548E-4	
188000	-1892.2658083427161	-1838.2288030979748	-54.03700524474123	-1838.2288030979748	99.22396772433274	-45.69900642735975	0.021352100266403547	0.08884503762051914	-1.4302435383993468	99.22396772433274	8.913505111880748E-4	
189000	-1887.1677818900127	-1834.3440193163963	-52.82376257361648	-1834.3440193163963	99.65240045184477	-45.44856505023417	0.016380009330984515	0.38771385447542844	-0.4674422444001679	99.65240045184477	9.257342203489843E-4	
190000	-1888.8764179964548	-1835.913628283212	-52.96278971324306	-1835.913628283212	99.73058220803927	-45.684071188366204	0.004781755319358266	0.8095841581961272	-0.3709632458947222	99.73058220803927	8.58552155582978E-4	
191000	-1889.7204279029968	-1835.625432181101	-54.09499572189582	-1835.625432181101	99.24727365381617	-45.828255185790425	0.012183441086772667	0.684701427236959	-1.3589852571232592	99.24727365381617	9.099989653431556E-4	
192000	-1887.1275514914134	-1833.1115597694813	-54.015991721932146	-1833.1115597694813	99.43723035555237	-46.24902574488186	0.0025837519280383927	0.8630038598666385	-0.8592106980681447	99.43723035555237	9.593943736353167E-4	
193000	-1893.0323013730408	-1838.9035232680103	-54.128778105030555	-1838.9035232680103	99.67629157405602	-46.785657183349436	0.0016632120242992012	0.9062697483859	-0.4353656426989817	99.67629157405602	7.294905921473201E-4	
194000	-1889.788520434291	-1838.0288318002208	-51.75968863407034	-1838.0288318002208	100.02393739687615	-44.624996004505064	0.010279833948423923	0.5710649662956444	-0.22693735058314	100.02393739687615	9.80780859330021E-4	
195000	-1888.990361115454	-1835.4076329424142	-53.582728173039754	-1835.4076329424142	100.00735923136816	-46.44907322484023	0.011776331840505291	0.41061246473555574	-0.2258996692173875	100.00735923136816	8.69268582078887E-4	
196000	-1888.1786396114328	-1835.6010169307176	-52.57762268071522	-1835.6010169307176	99.53606258302207	-45.013600195344054	0.016081420199115293	0.17880185944679816	-0.6562672063890298	99.53606258302207	8.654873568646884E-4	
197000	-1887.025872666705	-1835.0175779947722	-52.008294671932795	-1835.0175779947722	99.91439677036763	-44.860092214458945	0.015729914032551508	0.2668648612096334	-0.24044717849171157	99.91439677036763	8.961444545922565E-4	
198000	-1888.5538459112286	-1835.1873593377495	-53.36648657347908	-1835.1873593377495	100.84716405769898	-44.79756606053823	0.013585267182011345	0.2808883223483211	-1.6611652339587142	100.84716405769898	9.88101677429668E-4	
199000	-1890.978071633045	-1837.9625954542412	-53.01547617880373	-1837.9625954542412	100.07644247293811	-45.87024264383908	0.017218013402131138	0.34551352684308906	-0.23747825598251532	100.07644247293811	8.250206716862165E-4	
200000	-1890.2677584699545	-1836.157540023298	-54.11021844665657	-1836.157540023298	99.79383606223702	-46.891664676561824	0.020293841843093234	0.47969491675614534	-0.3107984911126034	99.79383606223702	8.647888188383092E-4	
201000	-1888.735128571028	-1836.1959800630198	-52.53914850800839	-1836.1959800630198	99.86415266402419	-45.368692878998075	0.01364684975239924	0.3061102984485547	-0.262700350028177	99.86415266402419	8.846145226341153E-4	
202000	-1889.6581203247854	-1834.6066509463924	-55.05146937839302	-1834.6066509463924	100.62069520325865	-47.147397676069566	0.025153146815818324	0.5007656784394436	-0.9963164233413175	100.62069520325865	8.693485549681965E-4	
203000	-1887.8937616358012	-1834.4911146130144	-53.40264702278678	-1834.4911146130144	99.25626739507238	-45.16282401589508	0.0126828949820222	0.12029597900494718	-1.3320677279095596	99.25626739507238	8.977617272218446E-4	
204000	-1890.1055741359341	-1837.399086478309	-52.70648765762518	-1837.399086478309	99.93622451387118	-45.56480640073638	0.012438223441387822	0.40999614766120457	-0.23392597790666167	99.93622451387118	9.287896967045273E-4	
205000	-1890.948331129271	-1836.9635019518964	-53.98482917737465	-1836.9635019518964	99.46891529758418	-46.28718062346758	0.014166172478238356	0.6453105485632042	-0.7898932749249381	99.46891529758418	8.094353538993029E-4	
206000	-1891.5480690061656	-1837.2724070028473	-54.275662003318395	-1837.2724070028473	100.42614828643879	-46.7789106476221	0.01455529042556966	0.6742808857109808	-0.5889960767141591	100.42614828643879	8.238018259025521E-4	
207000	-1887.8622513754647	-1834.5728899640544	-53.289361411410226	-1834.5728899640544	100.04933483702816	-46.150946927494175	0.014107650212192752	0.3343084335711538	-0.23065920493391665	100.04933483702816	7.824123500848888E-4	
208000	-1885.60076579917	-1832.9465743963756	-52.65419140279439	-1832.9465743963756	99.95815943977786	-45.51714350620812	0.013559139011797663	0.09840665028914643	-0.22929261760413264	99.95815943977786	8.594577811804062E-4	
209000	-1888.26226345725	-1834.8856195115893	-53.37664394566054	-1834.8856195115893	99.73043686758788	-46.09776874932201	0.02429306331895218	0.12309472680747724	-0.371119917356392	99.73043686758788	9.150957455775143E-4	
210000	-1887.7458816097953	-1835.0417373487342	-52.70414426106115	-1835.0417373487342	99.64865941509412	-45.32371721623027	0.016564413169062705	0.2091480975527795	-0.472671765848745	99.64865941509412	9.318287473235749E-4	
211000	-1892.081683198037	-1838.8646167888953	-53.217066409141566	-1838.8646167888953	100.63652796239751	-45.27318408368686	0.013273019096801831	0.20431716609982775	-1.0361270464725751	100.63652796239751	0.0010842656584380463	
212000	-1890.1729471928124	-1836.7690790173083	-53.40386817550409	-1836.7690790173083	99.5043142292501	-45.77891277722937	0.018743278879449505	0.17342087194132122	-0.7172001192925745	99.5043142292501	8.503671427681063E-4	
213000	-1889.005570123399	-1836.0662447491086	-52.93932537429039	-1836.0662447491086	99.56634077545858	-45.4296580966038	0.013767835141920549	0.2677820597875305	-0.6019119987044506	99.56634077545858	8.797629720739841E-4	
214000	-1890.8409303790975	-1836.9647867605108	-53.87614361858658	-1836.9647867605108	99.21512215890836	-45.510530536086364	0.019221744693156868	0.23490678139408083	-1.457857803518082	99.21512215890836	8.450878829773793E-4	
215000	-1886.4869073057346	-1833.3258889615063	-53.16101834422826	-1833.3258889615063	100.02355662454461	-46.02636188348153	0.015980118283894854	0.3289991117283847	-0.22690118176459892	100.02355662454461	8.673816974383192E-4	
216000	-1893.9436608574563	-1838.2698972949834	-55.673763562472864	-1838.2698972949834	100.36675487964663	-48.27119864735676	0.008516913640528782	0.7900399617191497	-0.49480963613396267	100.36675487964663	6.9256291046486E-4	
217000	-1887.7258049772481	-1834.7287179322218	-52.99708704502628	-1834.7287179322218	99.57925403464225	-45.50948607866976	0.010373950678874876	0.6956298663759529	-0.5798456873743824	99.57925403464225	9.316324224440753E-4	
218000	-1888.3803660564258	-1835.3170408123153	-53.06332524411049	-1835.3170408123153	100.34146313238878	-45.696584470922105	0.013720498348087215	0.45791925422130625	-0.4589854942062448	100.34146313238878	8.459641895948377E-4	
219000	-1890.6131473753924	-1837.2772317018857	-53.33591567350667	-1837.2772317018857	99.35460466414781	-45.36929876280029	0.015207011310323947	0.30011774957828136	-1.0588616317242387	99.35460466414781	8.273405047034665E-4	
220000	-1885.9903124264167	-1833.2167117474535	-52.77360067896335	-1833.2167117474535	99.61660018339695	-45.34606320859399	0.016573357364194075	0.1572882096032766	-0.5197821913872251	99.61660018339695	9.029347202923917E-4	
221000	-1891.1583309136333	-1838.9110322936888	-52.247298619944615	-1838.9110322936888	99.70543858012655	-44.94021912816203	0.01388993529979377	0.41935921181164676	-0.3993242128004486	99.70543858012655	8.412480890001662E-4	
222000	-1886.315538154937	-1833.0251453843282	-53.290392770608726	-1833.0251453843282	99.41026177802725	-45.461263798070696	0.018465487455758885	0.23203282518312798	-0.9213736935558928	99.41026177802725	9.004074256082567E-4	
223000	-1887.119526775999	-1834.1496726774883	-52.969854098510815	-1834.1496726774883	100.32849322797294	-45.620491865235785	0.008629450514298344	0.6515706525186807	-0.4416069542928936	100.32849322797294	8.537264844456815E-4	
224000	-1886.8104676890673	-1833.2614583845882	-53.54900930447918	-1833.2614583845882	99.99830258567421	-46.415456910421526	0.00681101745232556	0.6100745690985626	-0.22579711507551417	99.99830258567421	9.045903618204897E-4	
225000	-1889.0257167650545	-1836.3286556016194	-52.69706116343507	-1836.3286556016194	100.14575691472558	-45.521024375427565	0.01464617647552446	0.49945304058544543	-0.268281509025368	100.14575691472558	9.325922696670774E-4	
226000	-1887.553540747162	-1835.136440507674	-52.41710023948804	-1835.136440507674	99.80973068983842	-45.21114878708245	0.013544041813872384	0.4135861218515525	-0.2981961734234563	99.80973068983842	9.4992653080802E-4	
227000	-1889.8007259344886	-1836.16592347942	-53.634802455068645	-1836.16592347942	100.40023017455778	-46.180887438188684	0.004452297090376084	0.6679649156180965	-0.5461597378978242	100.40023017455778	9.514574153876571E-4	
228000	-1892.2675129179047	-1833.8922715638603	-58.375241354044356	-1833.8922715638603	99.42061602458647	-50.570323140485506	0.002317791080545484	0.5762674025772165	-0.8971629345767104	99.42061602458647	7.706577126448544E-4	
229000	-1891.4493348050016	-1838.3066161257066	-53.14271867929499	-1838.3066161257066	99.91165665685442	-45.99356295511185	0.02040988720987354	0.15038356474433182	-0.24140044520100326	99.91165665685442	8.858182418229621E-4	
230000	-1891.3208493868603	-1837.8755031029084	-53.44534628395205	-1837.8755031029084	100.18205472452684	-46.2455118068801	0.0100489861607746	0.24112536377510368	-0.29207919808981153	100.18205472452684	8.6142321555571E-4	
231000	-1886.780932220556	-1834.3581331113646	-52.42279910919139	-1834.3581331113646	100.08429396991012	-45.27504153083811	0.02151522794112618	0.29371475179374373	-0.2400022993711441	100.08429396991012	8.847329415756863E-4	
232000	-1889.7537960848715	-1835.8840924474996	-53.869703637371884	-1835.8840924474996	100.36653498991706	-46.46746120807803	0.009779980548261345	0.6639511920910388	-0.49448715031172075	100.36653498991706	9.495722658997187E-4	
233000	-1889.0630789146082	-1837.1747853056904	-51.88829360891793	-1837.1747853056904	99.96956533195336	-44.75289443925284	0.020790487247006693	0.44934075634871173	-0.2276438906829455	99.96956533195336	9.645658205185372E-4	
234000	-1891.4082139864365	-1837.356532138518	-54.05168184791831	-1837.356532138518	99.17275276924036	-45.549459254692465	0.010609309965145662	0.19128997848880974	-1.5944673142437096	99.17275276924036	9.58154834375492E-4	
235000	-1894.3997836424808	-1840.3330230367815	-54.066760605699244	-1840.3330230367815	99.4956860061683	-46.424548765323415	0.023608100687907127	0.202409280007912	-0.7344565613936896	99.4956860061683	7.775124222740777E-4	
236000	-1891.989032398187	-1839.0023505361182	-52.98668186206865	-1839.0023505361182	100.14630429979428	-45.8103253341652	0.017500129912556825	0.24885303245498816	-0.2686012489213169	100.14630429979428	8.045092374943477E-4	
237000	-1892.5439218231884	-1835.9592559709909	-56.58466585219761	-1835.9592559709909	101.37126173210036	-45.69040174472496	0.012263008122064484	0.3450086157027028	-3.986508828490513	101.37126173210036	9.311078473475212E-4	
238000	-1887.4578790382932	-1834.9980286167938	-52.45985042149933	-1834.9980286167938	100.21659651045684	-45.23247569318831	0.02002242677105988	0.46302958196499133	-0.31961944932888614	100.21659651045684	0.0010162737037689284	
239000	-1887.561343644981	-1835.159894444745	-52.40144920023598	-1835.159894444745	100.07568482390569	-45.25644618346985	0.0140126321576728	0.40956755803833717	-0.2372477377839978	100.07568482390569	8.234795962933946E-4	
240000	-1892.4838450474253	-1838.0247927620574	-54.45905228536806	-1838.0247927620574	100.12191018153806	-47.295781469015914	0.008518279281968006	0.7362179675298721	-0.25551553737001065	100.12191018153806	8.91364563763926E-4	
241000	-1892.0595621863465	-1836.8470973131703	-55.21246487317617	-1836.8470973131703	99.06530351420511	-46.33160320043468	0.0028951049190345875	0.9127399427406969	-1.9731063937593527	99.06530351420511	7.667462571354259E-4	
242000	-1892.2285868230592	-1838.8917158650793	-53.336870957979905	-1838.8917158650793	100.34784506494852	-45.961331947934966	0.017449336686312943	0.23681815979969467	-0.4677837310628012	100.34784506494852	9.372519088801664E-4	
243000	-1889.5295178209587	-1836.8047524775202	-52.72476534343845	-1836.8047524775202	100.18470597409144	-45.52298611808145	0.012096449419459402	0.31183448403453146	-0.2940239463748652	100.18470597409144	8.986456053262474E-4	
244000	-1894.00611324151	-1839.3819246866315	-54.62418855487852	-1839.3819246866315	100.41863864989207	-47.14012528488474	0.028298500617152247	0.1890087811378612	-0.5763079910116444	100.41863864989207	9.50709255231032E-4	
245000	-1895.7508872983826	-1841.0507704840745	-54.70011681430803	-1841.0507704840745	100.6365641705169	-46.75614229630941	0.023036768707937146	0.11029570206771681	-1.036219239016479	100.6365641705169	9.176007363603472E-4	
246000	-1889.1429358104251	-1835.5056627611825	-53.63727304924265	-1835.5056627611825	100.64635741747462	-45.668170595366874	0.023720396664378345	0.0797779831239084	-1.061347174893644	100.64635741747462	9.497221375715304E-4	
247000	-1886.6737462592187	-1834.3412748427058	-52.332471416512924	-1834.3412748427058	99.9522153301909	-45.19435803554853	0.02027284263387707	0.09666720042524858	-0.23035810198225762	99.9522153301909	8.247621039012059E-4	
248000	-1887.9953824059814	-1834.755454510259	-53.23992789572246	-1834.755454510259	100.3666483499002	-45.837519239126514	0.019907678665227257	0.1173819940873341	-0.4946533776138103	100.3666483499002	9.275789760565792E-4	
