#
#model:
#
#<?xml version="1.0" encoding="UTF-8" standalone="no"?><input id="posterior" spec="beast.core.util.CompoundDistribution">
#    <distribution id="prior" spec="beast.core.util.CompoundDistribution">
#        <distribution id="BirthDeath.t:sequence_data" spec="beast.evolution.speciation.BirthDeathGernhard08Model">
#            <parameter id="relativeDeathRate2.t:sequence_data" lower="0.0" name="relativeDeathRate" upper="1.0">0.5</parameter>
#            <parameter id="birthRate2.t:sequence_data" lower="0.0" name="birthDiffRate" upper="10000.0">1.0</parameter>
#            <tree id="Tree.t:sequence_data">
#                <taxonset id="TaxonSet.sequence_data" spec="beast.evolution.alignment.TaxonSet">
#                </taxonset>
#            </tree>
#        </distribution>
#        <prior id="BirthRatePrior.t:sequence_data" name="distribution" x="@birthRate2.t:sequence_data">
#            <Uniform id="Uniform.0" name="distr" upper="1000.0"/>
#        </prior>
#        <prior id="ClockPrior.c:sequence_data" name="distribution">
#            <parameter id="clockRate.c:sequence_data" name="x">1.0</parameter>
#            <Uniform id="Uniform.01" name="distr" upper="Infinity"/>
#        </prior>
#        <prior id="DeathRatePrior.t:sequence_data" name="distribution" x="@relativeDeathRate2.t:sequence_data">
#            <Uniform id="Uniform.02" name="distr"/>
#        </prior>
#        <distribution id="all.prior" monophyletic="true" spec="beast.math.distributions.MRCAPrior" tree="@Tree.t:sequence_data">
#            <taxonset id="all" spec="beast.evolution.alignment.TaxonSet">
#                <taxon id="t1" spec="beast.evolution.alignment.Taxon"/>
#                <taxon id="t10" spec="beast.evolution.alignment.Taxon"/>
#                <taxon id="t2" spec="beast.evolution.alignment.Taxon"/>
#                <taxon id="t3" spec="beast.evolution.alignment.Taxon"/>
#                <taxon id="t4" spec="beast.evolution.alignment.Taxon"/>
#                <taxon id="t5" spec="beast.evolution.alignment.Taxon"/>
#                <taxon id="t6" spec="beast.evolution.alignment.Taxon"/>
#                <taxon id="t7" spec="beast.evolution.alignment.Taxon"/>
#                <taxon id="t8" spec="beast.evolution.alignment.Taxon"/>
#                <taxon id="t9" spec="beast.evolution.alignment.Taxon"/>
#            </taxonset>
#            <Normal id="Normal.0" name="distr">
#                <parameter estimate="false" id="RealParameter.0" name="mean">100.0</parameter>
#                <parameter estimate="false" id="RealParameter.01" name="sigma">0.5</parameter>
#            </Normal>
#        </distribution>
#    </distribution>
#    <distribution id="likelihood" spec="beast.core.util.CompoundDistribution">
#        <distribution data="@sequence_data" id="treeLikelihood.sequence_data" spec="beast.evolution.likelihood.TreeLikelihood" tree="@Tree.t:sequence_data">
#            <siteModel id="SiteModel.s:sequence_data" spec="beast.evolution.sitemodel.SiteModel">
#                <parameter estimate="false" id="mutationRate.s:sequence_data" name="mutationRate">1.0</parameter>
#                <parameter estimate="false" id="gammaShape.s:sequence_data" name="shape">1.0</parameter>
#                <parameter estimate="false" id="proportionInvariant.s:sequence_data" lower="0.0" name="proportionInvariant" upper="1.0">0.0</parameter>
#                <substModel id="JC69.s:sequence_data" spec="beast.evolution.substitutionmodel.JukesCantor"/>
#            </siteModel>
#            <branchRateModel clock.rate="@clockRate.c:sequence_data" id="StrictClock.c:sequence_data" spec="beast.evolution.branchratemodel.StrictClockModel"/>
#        </distribution>
#    </distribution>
#</input>
#
Sample	posterior	likelihood	prior	treeLikelihood	TreeHeight	BirthDeath	birthRate2	relativeDeathRate2	logP(mrca(all))	mrcatime(all)	clockRate	
0	-23316.297635340055	-4038.6400589385717	-19277.657576401485	-4038.6400589385717	1.8557832996011756	-5.94948630017167	1.0	0.5	-19264.800334822332	1.8557832996011756	1.0	
1000	-2468.7716838294086	-2426.3030785615892	-42.46860526781959	-2426.3030785615892	99.97589823222938	-35.33389684577339	0.09617997069141039	0.6791818474027568	-0.22695314306406486	99.97589823222938	0.10808406849794062	
2000	-2350.367983380685	-2319.1957036068984	-31.172279773786574	-2319.1957036068984	100.2616065577237	-23.90185716007163	0.03164934321665277	0.9816834193320636	-0.36266733473280954	100.2616065577237	0.05513029493558821	
3000	-2346.807012457693	-2312.8746858181466	-33.932326639546304	-2312.8746858181466	100.19859016594724	-26.71990389989754	0.03276831532941539	0.979273850024091	-0.3046674606666301	100.19859016594724	0.03456352741626618	
4000	-2348.3635356718355	-2314.2137434998613	-34.149792171974106	-2314.2137434998613	100.01871385868057	-27.015545123333805	0.0344553379787575	0.9675471117285518	-0.2264917696581601	100.01871385868057	0.035035430266877735	
5000	-2263.9186718277806	-2225.277147667976	-38.641524159804796	-2225.277147667976	98.96097426532106	-29.34882857352769	0.011392007134702582	0.9664907519948005	-2.3849403072949658	98.96097426532106	0.009156000971944822	
6000	-1930.815877922069	-1881.6371845654037	-49.17869335666527	-1881.6371845654037	100.47605734620386	-41.59188553128909	0.008818576007273541	0.6935780492929516	-0.6790525463940498	100.47605734620386	0.0013137943337137481	
7000	-1909.2096419900029	-1854.645409844787	-54.564232145215755	-1854.645409844787	100.82635813308296	-46.06494998536417	0.007024328274676056	0.8583386174841545	-1.5915268808694454	100.82635813308296	9.719144912680287E-4	
8000	-1906.0134532522006	-1851.8965930700945	-54.11686018210608	-1851.8965930700945	100.79054908088317	-45.73337785190878	0.016389998052104195	0.516681832881543	-1.4757270512151681	100.79054908088317	8.852253244717088E-4	
9000	-1907.059000377572	-1853.5917034944882	-53.46729688308377	-1853.5917034944882	99.68607741640616	-46.13665547447645	0.008712646850149013	0.2497156875177821	-0.4228861296251855	99.68607741640616	9.411053743554455E-4	
10000	-1908.4253567986755	-1854.6602421899497	-53.76511460872583	-1854.6602421899497	100.74158230972147	-45.53167933291532	0.015549688904794249	0.4081020057110594	-1.3256799968283746	100.74158230972147	8.535899914877315E-4	
11000	-1907.1826909678787	-1854.7204812638854	-52.46220970399333	-1854.7204812638854	100.40832055834875	-44.995211715626	0.017294544165807106	0.31890723853126896	-0.5592427093851946	100.40832055834875	9.013901825171513E-4	
12000	-1905.0254644351471	-1852.6963771775795	-52.329087257567565	-1852.6963771775795	100.3158270283814	-44.99604720222824	0.02035718802521676	0.15899051761765143	-0.4252847763571865	100.3158270283814	0.0010168657355645566	
13000	-1908.1714863510051	-1855.5076881674563	-52.66379818354879	-1855.5076881674563	99.34819690166364	-44.68055699392017	0.019311526562643854	0.18646621989233567	-1.0754859106464814	99.34819690166364	9.30262028969103E-4	
14000	-1907.3229273120755	-1852.6507500020975	-54.67217730997806	-1852.6507500020975	99.84599423502995	-47.49119512706317	0.018445624694810953	0.6385702335141265	-0.27322690393274884	99.84599423502995	9.411130821902643E-4	
15000	-1909.6889973269097	-1857.3494221316475	-52.33957519526209	-1857.3494221316475	99.87990603651996	-45.177183443506536	0.017563304388475368	0.1275396616027504	-0.25463647277342005	99.87990603651996	8.723250309776316E-4	
16000	-1905.9421400015099	-1852.1512115668797	-53.790928434630054	-1852.1512115668797	99.65156179573053	-46.414563438614124	0.019263393546367188	0.339540036028156	-0.46860971703379384	99.65156179573053	8.713438546110396E-4	
17000	-1907.905178241197	-1853.966702178982	-53.93847606221526	-1853.966702178982	99.29025270161186	-45.79744697544987	0.012031802502785946	0.3981664736744692	-1.233273807783247	99.29025270161186	8.179896662445628E-4	
18000	-1908.901132864884	-1854.2398412133036	-54.6612916515802	-1854.2398412133036	99.1717990752932	-46.15591147658292	0.009617827354866748	0.3333960580009732	-1.5976248960151445	99.1717990752932	8.324387047724133E-4	
19000	-1905.5348106130718	-1853.2576699783326	-52.27714063473911	-1853.2576699783326	99.72192425846046	-44.98894176704672	0.011929391999427703	0.1607268142829291	-0.38044358871025585	99.72192425846046	9.77833635655171E-4	
20000	-1907.413017582725	-1856.1003459551598	-51.31267162756514	-1856.1003459551598	99.91841033365024	-44.165811248628145	0.02142580974639677	0.1875702610927498	-0.23910509995485668	99.91841033365024	0.001189863087427602	
21000	-1908.338998609488	-1854.5990036014682	-53.73999500801987	-1854.5990036014682	100.05989640507465	-46.59927321771127	0.020451740110770663	0.19722554108435678	-0.23296651132646123	100.05989640507465	8.473089779441401E-4	
22000	-1906.5463521880883	-1853.9101374609972	-52.63621472709121	-1853.9101374609972	100.01988078774414	-45.501877604021686	0.022677752246739034	0.38927552033243645	-0.2265818440873827	100.01988078774414	0.0010297015782514958	
23000	-1905.69571236322	-1853.3646376171625	-52.33107474605744	-1853.3646376171625	99.80082144774005	-45.118183923069836	0.010049531923924928	0.5552413453710252	-0.3051355440054678	99.80082144774005	9.929484244110929E-4	
24000	-1907.9292277350953	-1854.1353487148995	-53.7938790201958	-1854.1353487148995	99.23228775372046	-45.481568202393774	0.015512419234628611	0.40869587774816446	-1.4045555388198934	99.23228775372046	9.574751424623054E-4	
25000	-1905.4073876297075	-1852.4590273513675	-52.94836027834012	-1852.4590273513675	99.80217486672355	-45.73654408000156	0.009230359751364695	0.4473637313975159	-0.3040609193564201	99.80217486672355	0.0010010377833160856	
26000	-1904.2988808470063	-1851.0360889797607	-53.2627918672456	-1851.0360889797607	100.42074034693856	-45.77520035653478	0.00873155747224319	0.3216960747003561	-0.579836231728684	100.42074034693856	0.0010089139019944442	
27000	-1906.7066231998026	-1854.6079388539774	-52.09868434582516	-1854.6079388539774	100.37491117977955	-44.68402092875092	0.012127340688689914	0.5698299919625256	-0.5069081380921081	100.37491117977955	9.364835943410169E-4	
28000	-1906.4071947272982	-1853.7180299142783	-52.68916481301993	-1853.7180299142783	100.0567438543395	-45.54917845138246	0.017251974217455876	0.3703469162152073	-0.2322310826553325	100.0567438543395	8.348432760095527E-4	
29000	-1911.0493855687453	-1857.2933472979407	-53.75603827080458	-1857.2933472979407	99.80131181779944	-46.54353765168539	0.02039976034043385	0.18170176784269723	-0.30474534013704985	99.80131181779944	8.05628098894884E-4	
30000	-1907.2609961521548	-1853.6428404020949	-53.61815575006002	-1853.6428404020949	99.15562254863313	-45.05866255767954	0.013353646803931491	0.012326063350568555	-1.6517379133983394	99.15562254863313	9.29375451240256E-4	
31000	-1905.4986730641517	-1852.4996353474496	-52.99903771670216	-1852.4996353474496	100.63578624934742	-45.057042775356784	0.013188641386401103	0.20819489740463692	-1.0342396623632435	100.63578624934742	9.848949277009317E-4	
32000	-1909.8448578265632	-1856.7692959805793	-53.07556184598396	-1856.7692959805793	99.54929412111521	-45.53574363583448	0.024354548454597256	0.09143061594834952	-0.6320629311673494	99.54929412111521	8.296102561036003E-4	
33000	-1904.6656064806773	-1852.7116922445255	-51.95391423615194	-1852.7116922445255	99.91717124548171	-44.80664639937497	0.01661005069914092	0.10625037638510455	-0.2395125577948293	99.91717124548171	0.0010461930288904932	
34000	-1906.0182559148088	-1853.610151282737	-52.40810463207189	-1853.610151282737	100.180009302709	-45.209751302321465	0.010531776787267626	0.6622499867850754	-0.2905980507682851	100.180009302709	9.465719061794787E-4	
35000	-1908.1526645115093	-1854.3054956402568	-53.847168871252606	-1854.3054956402568	99.68342738935183	-46.51318580400055	0.03377021725721493	0.052725366765073695	-0.4262277882699176	99.68342738935183	0.0010358720917202908	
36000	-1904.5786942319053	-1852.7646123148784	-51.81408191702684	-1852.7646123148784	100.19480398454917	-44.60463810060751	0.017065283253437383	0.0357503574547771	-0.3016885374371922	100.19480398454917	0.0010277679508931539	
37000	-1904.7283355252605	-1853.2105997011022	-51.51773582415823	-1853.2105997011022	99.7746892174229	-44.28265929504036	0.018074337920211778	0.046179273357182915	-0.327321250135735	99.7746892174229	0.0011079674981184931	
38000	-1907.0173683416476	-1854.0779752560416	-52.939393085606156	-1854.0779752560416	99.57443157823397	-45.443629490770434	0.02090069541283005	0.11471790178693098	-0.588008315853587	99.57443157823397	8.815004145746824E-4	
39000	-1905.5621961672323	-1853.5295555378314	-52.03264062940087	-1853.5295555378314	100.13270935255524	-44.86387045326275	0.010553840672556889	0.45382184458226305	-0.2610148971559886	100.13270935255524	9.998289694092197E-4	
40000	-1905.0859306855325	-1851.676433483241	-53.409497202291526	-1851.676433483241	100.14272529308133	-46.23520955209436	0.005306867616372258	0.6995497563046195	-0.2665323712150286	100.14272529308133	8.659415659941178E-4	
41000	-1910.21241595922	-1855.0276500625625	-55.1847658966573	-1855.0276500625625	100.82569720233404	-46.687667525145905	0.02365519709409897	0.07559003434169449	-1.5893430925292518	100.82569720233404	8.018369711720754E-4	
42000	-1910.2801684742556	-1857.477735079186	-52.8024333950695	-1857.477735079186	100.57153771791515	-45.015576037443324	0.0234836980444351	0.1602030663686648	-0.8791020786440399	100.57153771791515	9.047985819655418E-4	
43000	-1911.192305698889	-1859.6979544244828	-51.49435127440612	-1859.6979544244828	99.74239998919121	-44.228089111641886	0.02548373798547207	0.055711913521441433	-0.35850688378210155	99.74239998919121	9.901158307449082E-4	
44000	-1902.294362973505	-1850.3298002208232	-51.96456275268183	-1850.3298002208232	99.78947873960134	-44.74237771889528	0.014999195359210337	0.005000962460547991	-0.3144297548044119	99.78947873960134	0.0010095355332521401	
45000	-1903.9709345518513	-1851.6821039500296	-52.2888306018216	-1851.6821039500296	100.11303837032386	-45.12972862386379	0.019639653992096884	0.004083228075772967	-0.2513466989756772	100.11303837032386	9.612272843915971E-4	
46000	-1911.3915947451314	-1858.9918454283306	-52.39974931680086	-1858.9918454283306	100.27671420343799	-45.11306118440535	0.013086251277634972	0.29832924249928916	-0.37893285341337013	100.27671420343799	0.0010552162768629786	
47000	-1908.7425950538736	-1856.3345466697758	-52.40804838409782	-1856.3345466697758	100.11215923502249	-45.24934236446929	0.01036845897786442	0.2613221463631937	-0.2509507406463871	100.11215923502249	0.0010349746836757782	
48000	-1906.3041622617543	-1854.0550915758674	-52.249070685886934	-1854.0550915758674	100.16504841504772	-45.06104209564054	0.01391350269856199	0.1653708362837131	-0.28027331126425703	100.16504841504772	0.0010081683741020209	
49000	-1907.4579290292845	-1854.510173276522	-52.947755752762525	-1854.510173276522	100.54930215731383	-45.2107434010764	0.013204445732728682	0.2544390124338757	-0.8292570727039874	100.54930215731383	8.592695178302052E-4	
50000	-1912.4621848069355	-1857.9579444061546	-54.50424040078094	-1857.9579444061546	99.92961188982947	-47.360784797047316	0.03521866439784726	0.4400364578298988	-0.2357003247514837	99.92961188982947	0.0010366954680651917	
51000	-1908.1386427240718	-1853.5131782642313	-54.625464459840465	-1853.5131782642313	98.95631177499796	-45.31334760619777	0.027094728677010505	0.07114757851743926	-2.4043615746605584	98.95631177499796	0.0011002442715388292	
52000	-1913.6263167946158	-1858.9813655693058	-54.644951225309924	-1858.9813655693058	99.8029313132643	-47.43373245909959	0.02714649680758138	0.09744985135876305	-0.3034634872281979	99.8029313132643	9.247455280441974E-4	
53000	-1907.8863461741682	-1854.1411049445285	-53.745241229639674	-1854.1411049445285	99.73326688145616	-46.46940148495656	0.009161731495579686	0.34235593257497204	-0.36808446570097175	99.73326688145616	8.578826282924812E-4	
54000	-1909.632295540843	-1856.4176934722384	-53.21460206860461	-1856.4176934722384	99.96332696259469	-46.078365613632684	0.0011660096518242174	0.9518978740723046	-0.22848117598978956	99.96332696259469	9.756382865878106E-4	
55000	-1908.1639233950782	-1853.6356806631325	-54.52824273194567	-1853.6356806631325	99.91299930244614	-47.37955785756908	0.0030630623862810593	0.9441603680563636	-0.24092959539444436	99.91299930244614	9.551844791841755E-4	
56000	-1904.6575155007072	-1851.3282000450154	-53.32931545569176	-1851.3282000450154	99.47282986554106	-45.63995212273398	0.022365816570167462	0.4618809941361838	-0.7816080539756447	99.47282986554106	9.908345476066908E-4	
57000	-1904.8466246562034	-1852.9357514383735	-51.91087321783	-1852.9357514383735	100.39435723226609	-44.466291332922	0.022512197484327617	0.22041790564248512	-0.5368266059258666	100.39435723226609	0.0010418861690495557	
58000	-1906.1808622654223	-1853.3631182061586	-52.817744059263795	-1853.3631182061586	100.19562036585403	-45.6076627725632	0.027277772734387373	0.16582119737446602	-0.3023260077184534	100.19562036585403	0.0010302478127378642	
59000	-1905.6755257281748	-1853.1129176155496	-52.562608112625085	-1853.1129176155496	99.3421282117864	-44.56347090154351	0.013900800176788628	0.24057967540002761	-1.0913819320994405	99.3421282117864	0.0011318361944049997	
60000	-1903.6376674979897	-1851.5374899275785	-52.10017757041124	-1851.5374899275785	99.98091331097973	-44.96590233538886	0.008991553316410187	0.5679033567934829	-0.22651995604024036	99.98091331097973	0.0010034956177754606	
61000	-1906.123774231661	-1853.143634780375	-52.980139451286114	-1853.143634780375	99.44828719105352	-45.237818772548025	0.009879984866667664	0.601729924035873	-0.8345653997559493	99.44828719105352	9.017492697838649E-4	
62000	-1911.9742257056014	-1855.949756935951	-56.02446876965047	-1855.949756935951	101.26012721676467	-45.715080933161445	0.029357726116183338	0.0271740770431607	-3.401632557506888	101.26012721676467	9.9493565174812E-4	
63000	-1904.6417419360187	-1851.2848725349857	-53.356869401032995	-1851.2848725349857	99.25141633667059	-45.10256776739877	0.019408649021597807	0.3175643704762765	-1.3465463546520944	99.25141633667059	9.506021821657077E-4	
64000	-1904.6842476695679	-1851.392108573118	-53.29213909644987	-1851.392108573118	100.32369426977333	-45.949036504254835	0.018001872865399823	0.5519510392023032	-0.4353473132129021	100.32369426977333	0.0010101634080110179	
65000	-1907.8318761659718	-1853.0835468138296	-54.74832935214222	-1853.0835468138296	100.46186649929874	-47.188141394166415	0.008174899925402842	0.08343590788488803	-0.6524326789936664	100.46186649929874	8.336940082473978E-4	
66000	-1905.9369849897778	-1853.222851854876	-52.71413313490192	-1853.222851854876	100.04303019867723	-45.576883307278656	0.012764149216168169	0.687854287308502	-0.22949454864113103	100.04303019867723	9.566116327252857E-4	
67000	-1914.3051559517924	-1859.258705648317	-55.046450303475524	-1859.258705648317	100.74321564052114	-46.80816469521815	0.018007205025270034	0.5651426613024552	-1.3305303292752328	100.74321564052114	9.628996156328086E-4	
68000	-1903.8152612761892	-1850.317902356349	-53.49735891984022	-1850.317902356349	100.41234206305754	-46.02376033428026	0.02075448017435714	0.4638062288161548	-0.5658433065778186	100.41234206305754	9.732604261459455E-4	
69000	-1909.538032558553	-1857.7991546910648	-51.73887786748816	-1857.7991546910648	99.8651666410427	-44.56897116648589	0.02197810066595834	0.043855095190708904	-0.26215142202014063	99.8651666410427	0.0010963908313471333	
70000	-1904.7779416524886	-1852.2243227203699	-52.55361893211875	-1852.2243227203699	100.43058714057578	-45.049261729233436	0.015465418790549025	0.4640091796335752	-0.5966019239031827	100.43058714057578	0.001021914194326677	
71000	-1906.695636842406	-1853.9571708058133	-52.73846603659256	-1853.9571708058133	100.13123868971981	-45.570472217606955	0.01843550036242064	0.1426908344105696	-0.2602385400034715	100.13123868971981	9.003772821225271E-4	
72000	-1911.8195465029498	-1858.0071682578268	-53.81237824512299	-1858.0071682578268	100.47267490563225	-46.231988480667226	0.014820082928765889	0.5352288857396181	-0.6726344854736329	100.47267490563225	8.91624841499786E-4	
73000	-1906.210835194085	-1853.6743733763763	-52.53646181770854	-1853.6743733763763	99.94787831900929	-45.397481846823084	0.009839236132806042	0.3539951807190834	-0.23122469190332182	99.94787831900929	0.001018163167458932	
74000	-1910.5142015055649	-1857.0541936265427	-53.46000787902214	-1857.0541936265427	100.65800929851623	-45.46050877352763	0.015420009146854341	0.23812694826177255	-1.0917438265123796	100.65800929851623	8.521919997403015E-4	
75000	-1908.4561978241359	-1855.9319892741853	-52.52420854995053	-1855.9319892741853	99.68341196770366	-45.19020595393713	0.013412942333694711	0.35321774421928603	-0.426247317031261	99.68341196770366	9.30891414384464E-4	
76000	-1908.83352572916	-1853.948928410348	-54.88459731881229	-1853.948928410348	101.25708673963933	-44.590516545231324	0.014045384994722904	0.5491376781942023	-3.3863254945988284	101.25708673963933	0.0010106985804521336	
77000	-1906.8143885863715	-1853.6570397620105	-53.157348824360994	-1853.6570397620105	100.65901410320483	-45.15520301628841	0.014067877066396204	0.1626943467083619	-1.0943905290904472	100.65901410320483	7.907427507872567E-4	
78000	-1907.2447724834738	-1853.7467239849739	-53.49804849849984	-1853.7467239849739	99.89243372468607	-46.34136085970315	0.02533793788373031	0.4440080774755877	-0.24893235981455106	99.89243372468607	0.0010639562757477471	
79000	-1910.5076676730284	-1856.5316040103307	-53.97606366269774	-1856.5316040103307	100.41154575033804	-46.50377722182828	0.02153652529102821	0.012364418165873926	-0.5645311618873208	100.41154575033804	8.113690919675292E-4	
80000	-1905.052140479865	-1851.1752851811984	-53.87685529866678	-1851.1752851811984	99.3890194058194	-45.99671409410935	0.024437679423315182	0.17078612621963896	-0.9723859255752928	99.3890194058194	9.333775576340681E-4	
81000	-1905.5779012446862	-1852.95878992838	-52.61911131630638	-1852.95878992838	100.60465112413189	-44.7543587208516	0.01900951503338376	0.3841392610778127	-0.9569973164726464	100.60465112413189	0.0010418764659747585	
82000	-1903.740127439831	-1852.1696479118166	-51.570479528014445	-1852.1696479118166	99.83012482916618	-44.37921774905594	0.015768093982438367	0.30661103418816915	-0.28350649997636596	99.83012482916618	9.62414542104251E-4	
83000	-1904.3411059606	-1852.0932994607717	-52.24780649982839	-1852.0932994607717	100.22669771322167	-45.011476161841664	0.023250459833982284	0.1997653022023064	-0.3285750590045947	100.22669771322167	0.0010225946821865609	
84000	-1911.366491916821	-1853.7933002973064	-57.57319161951465	-1853.7933002973064	99.50156602030016	-49.94277212364895	0.045167906702617756	0.11917686111834434	-0.7226642168835681	99.50156602030016	0.0010834707150467308	
85000	-1905.8474425680538	-1852.4114716965362	-53.43597087151763	-1852.4114716965362	100.59533385837716	-45.593579434030296	0.012303151939148783	0.23732224083095146	-0.9346361585051994	100.59533385837716	8.583001137642107E-4	
86000	-1906.581504146118	-1854.5434231413062	-52.038081004811936	-1854.5434231413062	99.63203150380285	-44.63373274479789	0.02578042249322398	0.16794588924317258	-0.49659298103191185	99.63203150380285	0.001030538353351449	
87000	-1906.428585106681	-1854.388653480441	-52.0399316262402	-1854.388653480441	99.903269838067	-44.88767154615817	0.027613680936756042	0.03579681583175536	-0.2445048010998946	99.903269838067	9.394398202241149E-4	
88000	-1904.7597709676725	-1852.2893980787699	-52.470372888902666	-1852.2893980787699	99.36507662161084	-44.53057086442559	0.021246241265657412	0.003176790569181868	-1.0320467454949376	99.36507662161084	0.0010098262695581455	
89000	-1909.4571733378154	-1852.165932587083	-57.29124075073233	-1852.165932587083	100.33939093058122	-49.92732171158389	0.03718351043476445	0.20418092314297362	-0.4561637601662967	100.33939093058122	8.593543533317779E-4	
90000	-1908.3158825917035	-1855.2045290508015	-53.11135354090192	-1855.2045290508015	99.9497545627521	-45.972757701346595	0.020209455682147017	0.02043006803557037	-0.23084056057319172	99.9497545627521	7.75690572975361E-4	
91000	-1915.039293160933	-1861.0491190581633	-53.990174102769814	-1861.0491190581633	99.58732907081797	-46.516032879559035	0.024943285881761538	0.03308612080863977	-0.5663859442286435	99.58732907081797	9.442730680926626E-4	
92000	-1907.3588211578092	-1854.5165932780312	-52.84222787977793	-1854.5165932780312	99.58949284060508	-45.371648992322086	0.02258599268230158	0.12564768430618975	-0.5628236084737077	99.58949284060508	8.943762875053909E-4	
93000	-1906.8375339579432	-1853.0227970413887	-53.814736916554416	-1853.0227970413887	99.88903193795508	-46.65656246333954	0.027149861870006488	0.41715922611398265	-0.2504191742327371	99.88903193795508	8.83825303793533E-4	
94000	-1910.3480703585394	-1855.4909198033351	-54.85715055520423	-1855.4909198033351	100.62473333542223	-46.94302044280178	0.008446485799227453	0.7273527608859837	-1.0063748334203086	100.62473333542223	8.61303655547489E-4	
95000	-1907.153419023901	-1854.4113923235504	-52.74202670035053	-1854.4113923235504	99.75167771589902	-45.48515215516141	0.019108969023938736	0.3923174647827778	-0.34911926620698214	99.75167771589902	0.0010677739154671317	
96000	-1903.9223886321465	-1851.4764831984883	-52.44590543365833	-1851.4764831984883	99.5789951600193	-44.957868651457126	0.018939968606182633	0.1103658809972926	-0.5802815032190711	99.5789951600193	8.983682392634222E-4	
97000	-1907.7157541973759	-1853.5705863131418	-54.145167884234176	-1853.5705863131418	99.02414642217182	-45.10704084188721	0.008145353197849243	0.6228027809394152	-2.130371763364829	99.02414642217182	9.17184514097478E-4	
98000	-1907.0228269695715	-1854.9158280026381	-52.10699896693337	-1854.9158280026381	99.99322934638953	-44.973360651805876	0.020105210818008704	0.003964780246977098	-0.22588303614535343	99.99322934638953	9.120415930959672E-4	
99000	-1903.7038949059875	-1850.9472063520086	-52.756688553978755	-1850.9472063520086	99.39729102530922	-44.896625706006255	0.016162719815423162	0.4978673273711039	-0.9523075689903615	99.39729102530922	9.808225485007454E-4	
100000	-1907.582735853727	-1854.495827059101	-53.08690879462589	-1854.495827059101	99.68024226518197	-45.748872145047116	0.00782696512853944	0.5089512468112315	-0.4302813705966375	99.68024226518197	8.801271329506811E-4	
101000	-1907.7840164930747	-1852.1335403837338	-55.650476109340886	-1852.1335403837338	99.26006801285143	-47.42193078650277	0.012603482727292059	0.7315100109877435	-1.3207900438559785	99.26006801285143	8.728382423724921E-4	
102000	-1908.3906990933644	-1855.4459068334086	-52.94479225995592	-1855.4459068334086	99.66996522796572	-45.593399726825616	0.012646020893240595	0.4034270725450493	-0.44363725414816746	99.66996522796572	8.157579580629036E-4	
103000	-1905.1302691969802	-1850.2038047388737	-54.92646445810639	-1850.2038047388737	100.15962631024591	-47.74195670863408	0.006761588867133719	0.16389572240876735	-0.2767524704901756	100.15962631024591	9.094149114297777E-4	
104000	-1909.3332885350092	-1854.2366911226152	-55.09659741239404	-1854.2366911226152	99.99099596419214	-47.962888635445516	0.004416649445252848	0.43919699883757735	-0.22595349796638592	99.99099596419214	0.0010049058838053752	
105000	-1907.5676586744078	-1855.331961460865	-52.23569721354273	-1855.331961460865	100.32276463749922	-44.89379655947586	0.015042836447263602	0.12816240609081642	-0.43414537508473194	100.32276463749922	0.0010422494769149844	
106000	-1903.2593373786763	-1850.676032838104	-52.58330454057227	-1850.676032838104	100.214254059254	-45.35794830513177	0.016622649518692124	0.42318858331672926	-0.31760095645836306	100.214254059254	9.291335729409544E-4	
107000	-1904.3416846449031	-1851.6240307151118	-52.71765392979148	-1851.6240307151118	99.74751041374888	-45.456605315834096	0.02063568016367936	0.0688302964004966	-0.35329333497524673	99.74751041374888	9.334168689245874E-4	
108000	-1904.4987386344537	-1852.1693077721263	-52.329430862327406	-1852.1693077721263	100.66614616601774	-44.308382801700276	0.018413608291781184	0.11280031827547371	-1.113292781644995	100.66614616601774	9.929308910072072E-4	
109000	-1903.6218089089414	-1851.6138733944804	-52.00793551446092	-1851.6138733944804	100.40057864151527	-44.55346238675762	0.015108803220927874	0.2636222782853979	-0.546717848721161	100.40057864151527	0.0010357703200116611	
110000	-1906.161396826873	-1853.656446765915	-52.50495006095795	-1853.656446765915	99.44565663029479	-44.75681028625884	0.014867785648735216	0.34104602981143806	-0.8403844957169773	99.44565663029479	9.772719723144148E-4	
111000	-1909.2105300290566	-1856.3843828385995	-52.826147190457036	-1856.3843828385995	99.69402742796777	-45.50536212915813	0.00971521110083302	0.6423465657216373	-0.4130297823167661	99.69402742796777	9.843015191310707E-4	
112000	-1905.4419818896424	-1852.2159351427642	-53.22604674687828	-1852.2159351427642	100.57646408308227	-45.42787843708365	0.01473778098171787	0.1684603476370296	-0.8904130308124951	100.57646408308227	8.242931301702964E-4	
113000	-1907.5158666599016	-1855.3991242555906	-52.11674240431093	-1855.3991242555906	99.75933459493666	-44.86735609829547	0.010753654116217303	0.3014267436111266	-0.3416310270333297	99.75933459493666	0.0011861938323476354	
114000	-1905.2071319357815	-1851.7094308851786	-53.49770105060285	-1851.7094308851786	100.7341041804594	-45.286336523440056	0.012584211351289534	0.19580774742747253	-1.3036092481806536	100.7341041804594	8.910782587267107E-4	
115000	-1904.1298314690152	-1852.3262623605776	-51.803569108437635	-1852.3262623605776	99.79935608018305	-44.589506511691745	0.01925018629288536	0.17494873105804812	-0.3063073177637523	99.79935608018305	8.905548392978061E-4	
116000	-1910.7544993046333	-1856.0539199568914	-54.700579347741986	-1856.0539199568914	99.22604415433949	-46.36901741405097	0.004779030826173952	0.7465350610402058	-1.4238066547088764	99.22604415433949	8.241489662674672E-4	
117000	-1905.612874320748	-1852.7042233174643	-52.90865100328378	-1852.7042233174643	100.11851150859363	-45.74701441631864	0.01060234293775156	0.24137150208754113	-0.25388130798300224	100.11851150859363	9.074540330692351E-4	
118000	-1907.9075119775289	-1853.8572357075057	-54.05027627002321	-1853.8572357075057	100.01482139647803	-46.91629029080923	0.02653523908411264	0.3688583664852332	-0.2262307002318451	100.01482139647803	9.744504567561821E-4	
119000	-1910.266672456258	-1857.2307229223811	-53.03594953387688	-1857.2307229223811	100.29029147113503	-45.733864625822534	0.017333047629467614	0.07461973748862123	-0.3943296290722129	100.29029147113503	8.26636920918823E-4	
120000	-1902.9698876825175	-1850.278486009731	-52.691401672786384	-1850.278486009731	100.04256283023076	-45.554231852125014	0.011122767711038137	0.6749417131872948	-0.2294145416792331	100.04256283023076	9.449917611186075E-4	
121000	-1906.3046216168677	-1854.1020786043337	-52.202543012534015	-1854.1020786043337	99.6873404825951	-44.87348443325943	0.015834917395105907	0.34642860602603004	-0.4213033002924521	99.6873404825951	0.0010979812928325352	
122000	-1907.456622198621	-1853.7326252616542	-53.723996936966884	-1853.7326252616542	99.82892503888559	-46.531917020699424	0.013150827695820001	0.8271955999252305	-0.28432463728532376	99.82892503888559	9.821445592133082E-4	
123000	-1905.782879249059	-1851.3411802969742	-54.44169895208478	-1851.3411802969742	99.33708814222663	-46.42924805810484	0.00932032956798404	0.013491773396900816	-1.1046956149977993	99.33708814222663	0.0010497179502576188	
124000	-1906.0621568548352	-1852.7183966925877	-53.34376016224745	-1852.7183966925877	99.34073395285678	-45.340950088788894	0.015106318727782734	0.11436629545300175	-1.0950547944764193	99.34073395285678	9.041741148185199E-4	
125000	-1914.2650370242388	-1859.8681742491608	-54.39686277507812	-1859.8681742491608	99.45737330115828	-46.67442867485954	0.013869440546598583	0.520989584966518	-0.8146788212364429	99.45737330115828	9.426991986781816E-4	
126000	-1905.3643361030938	-1853.3127864245034	-52.051549678590284	-1853.3127864245034	100.10565436534908	-44.89567735712878	0.01709834116950322	0.35571811813724585	-0.24811704247936198	100.10565436534908	9.168269474916079E-4	
127000	-1907.5270271253582	-1854.6960678274488	-52.83095929790936	-1854.6960678274488	100.26189584610539	-45.56023379786798	0.010717277709082842	0.24657939982449836	-0.3629702210592429	100.26189584610539	0.0010565629394008052	
128000	-1908.259248517963	-1853.5787398068605	-54.68050871110255	-1853.5787398068605	98.88951612495136	-45.08061320598958	0.024034375049904466	0.015364670472471264	-2.6921402261308307	98.88951612495136	8.724273176225154E-4	
129000	-1909.571135262876	-1857.2705690541923	-52.30056620868356	-1857.2705690541923	99.79781441535336	-45.08526155577889	0.018838925626906908	0.011053608970590333	-0.30754937392253645	99.79781441535336	9.634794493841929E-4	
130000	-1905.4363062557761	-1851.2964544051893	-54.13985185058692	-1851.2964544051893	100.38550700100002	-46.70907392332	0.026372639972337075	0.30693500588007383	-0.5230226482847891	100.38550700100002	9.486537818174785E-4	
131000	-1909.3079662461753	-1857.5096141943197	-51.798352051855545	-1857.5096141943197	99.5458333215715	-44.252270676639114	0.021369436389564647	0.22800914699250277	-0.6383260962342931	99.5458333215715	9.331380127404717E-4	
132000	-1909.4732635855587	-1857.0387594966203	-52.43450408893841	-1857.0387594966203	100.0634969459093	-45.292893733031924	0.012580311863229974	0.5621355957358508	-0.23385507692434632	100.0634969459093	8.892585721956315E-4	
133000	-1905.578405552508	-1852.6148489606642	-52.96355659184382	-1852.6148489606642	100.11334709705822	-45.8043148313939	0.016463625781688238	0.05705557580757379	-0.2514864814677802	100.11334709705822	8.64011661182847E-4	
134000	-1912.1330429867596	-1858.2502234743845	-53.88281951237517	-1858.2502234743845	100.09297205059312	-46.73198527636533	0.004933572135220888	0.6386039894716996	-0.2430789570277062	100.09297205059312	8.036022249946695E-4	
135000	-1906.7049557070043	-1853.056883612086	-53.648072094918135	-1853.056883612086	99.22896191850897	-45.32552601707254	0.009342576934006698	0.3198946926628816	-1.4147907988634576	99.22896191850897	0.001110608748256794	
136000	-1907.8177081324457	-1853.9107127114319	-53.906995421013825	-1853.9107127114319	98.95767447006418	-44.600563768674974	0.015083415172306817	0.20873565920869208	-2.3986763733567167	98.95767447006418	0.0010155367817142353	
137000	-1907.6706526791036	-1854.6079343042754	-53.062718374828144	-1854.6079343042754	99.96447881060799	-45.92664823340963	0.01431905732329334	0.05380642071547643	-0.22831486243637406	99.96447881060799	7.888108260676669E-4	
138000	-1909.680130232133	-1855.4299114867786	-54.250218745354516	-1855.4299114867786	99.23050839146026	-45.9324374425015	0.03719361683478331	0.11505804206340536	-1.4100260238708744	99.23050839146026	0.0010969996308504118	
139000	-1910.162885836791	-1857.747613438464	-52.415272398326955	-1857.747613438464	99.845403340845	-45.23392551265631	0.011599751843384059	0.4728614759907015	-0.2735916066885044	99.845403340845	9.301844096651983E-4	
140000	-1908.596740370812	-1856.2681897808325	-52.328550589979635	-1856.2681897808325	99.79606928563842	-45.111828485832724	0.005899529741731842	0.8198169136300133	-0.30896682516477264	99.79606928563842	9.864615173754818E-4	
141000	-1906.0395099234836	-1852.9292185089103	-53.110291414573354	-1852.9292185089103	100.3226454629219	-45.768544593458316	0.013277207414741922	0.4265642857363495	-0.4339915421328988	100.3226454629219	8.948695584900921E-4	
142000	-1905.2724782897164	-1853.6413230638902	-51.63115522582627	-1853.6413230638902	100.19462685305612	-44.42184937033835	0.013823872585295705	0.32459098402257475	-0.30155057650578543	100.19462685305612	9.494777559629296E-4	
143000	-1908.0511669513392	-1854.3935344321599	-53.65763251917935	-1854.3935344321599	100.19851053923456	-46.445273019178096	0.023485091232247454	0.018255321123519845	-0.30460422101912027	100.19851053923456	8.097262860568529E-4	
144000	-1904.7747450486938	-1851.956218753656	-52.8185262950379	-1851.956218753656	99.97584214612769	-45.6838124596036	0.019403383853269302	0.04853236208825615	-0.22695855645215918	99.97584214612769	8.539481273038379E-4	
145000	-1908.266161283832	-1855.1561837113477	-53.10997757248429	-1855.1561837113477	100.33035468420925	-45.75816250609943	0.019155640471754373	0.03318671042787652	-0.4440597874027198	100.33035468420925	8.497458685003209E-4	
146000	-1909.8717534595742	-1859.1533866926277	-50.71836676694653	-1859.1533866926277	99.91201817763887	-43.5693385331877	0.012605927973148271	0.44997123091679875	-0.24127295477669808	99.91201817763887	0.0010855088406631413	
147000	-1904.6268009183614	-1852.1294422671294	-52.497358651231885	-1852.1294422671294	100.34293825391131	-45.128598727613536	0.013219156279535488	0.22902178860104672	-0.46100464463620844	100.34293825391131	9.383755611741484E-4	
148000	-1906.6205431060469	-1853.686856623077	-52.93368648296988	-1853.686856623077	99.60447710412706	-45.48726312902358	0.013305889509058947	0.40961834695499294	-0.5386680749641661	99.60447710412706	8.254061801118128E-4	
149000	-1904.3887386813087	-1852.3464313178597	-52.04230736344902	-1852.3464313178597	99.52681554325389	-44.46095367160993	0.013839375687837925	0.46210702872755843	-0.6735984128569517	99.52681554325389	0.0010997525128775623	
150000	-1907.1169668683256	-1854.7934101630674	-52.323556705258135	-1854.7934101630674	100.44348958302372	-44.796644053130166	0.027299591072311002	0.1598677678883769	-0.6191573731458326	100.44348958302372	0.0011299849171756936	
151000	-1907.285301482671	-1852.3259661777406	-54.959335304930306	-1852.3259661777406	100.68092632502504	-46.898467353079226	0.00962777993509721	0.7380634738225981	-1.153112672868943	100.68092632502504	8.245660641716659E-4	
152000	-1905.2342286510593	-1851.9303256758828	-53.3039029751765	-1851.9303256758828	99.55177778404945	-45.76855003380639	0.020671225721218617	0.1882738398457916	-0.6275976623879723	99.55177778404945	9.271783801446123E-4	
153000	-1904.1516087406737	-1851.6751105564372	-52.47649818423667	-1851.6751105564372	99.61787691256836	-45.05091544471323	0.025132330907545797	0.050749411970868574	-0.5178274605413005	99.61787691256836	0.0010048167851835347	
154000	-1906.5297976080083	-1854.1489933659277	-52.3808042420805	-1854.1489933659277	100.4234441489273	-44.8886477159321	0.019560869695218835	0.14959282296372217	-0.5844012471662623	100.4234441489273	9.519389784437488E-4	
155000	-1907.9130939355523	-1854.432427886859	-53.48066604869334	-1854.432427886859	100.29167228679425	-46.17697397129889	0.008775048569774634	0.228725160220712	-0.3959367984123048	100.29167228679425	8.545102471089173E-4	
156000	-1909.6931747854708	-1856.0384502602553	-53.654724525215364	-1856.0384502602553	100.12156847647866	-46.49162010464182	0.00870931459806831	0.20496734392019356	-0.2553491415914111	100.12156847647866	8.717650425870214E-4	
157000	-1908.1368883361822	-1853.6286213842072	-54.508266951975074	-1853.6286213842072	100.45828055552482	-46.95467818520393	0.02151807389955595	0.4408238852095929	-0.6458334877890078	100.45828055552482	8.789836283136395E-4	
158000	-1910.8251104308572	-1857.1791512554967	-53.645959175360524	-1857.1791512554967	100.41746582920092	-46.16385710663283	0.020714233172865734	0.608637537186334	-0.5743467897455529	100.41746582920092	0.0010944520710227978	
159000	-1908.9288571816014	-1855.6022360725854	-53.3266211090161	-1855.6022360725854	99.54536844607094	-45.77969477773333	0.009545027510101146	0.6846398656007104	-0.6391710523006342	99.54536844607094	9.392015727007672E-4	
160000	-1903.1992226175796	-1850.7131206789786	-52.48610193860109	-1850.7131206789786	99.78532941050469	-45.260388382985695	0.017201009991796083	0.3294137559884909	-0.3179582766332577	99.78532941050469	9.860309748088922E-4	
161000	-1907.4375074570835	-1854.1263392076753	-53.31116824940823	-1854.1263392076753	100.07558561483847	-46.16619524744035	0.00527530106088187	0.7738510498012554	-0.2372177229857476	100.07558561483847	8.664275505272847E-4	
162000	-1905.4384714247751	-1852.706762085134	-52.73170933964126	-1852.706762085134	100.34840636401549	-45.355388719041414	0.019756336487548307	0.06358474153718012	-0.46856534161771374	100.34840636401549	8.988389082122897E-4	
163000	-1907.0032679179874	-1851.7512350968566	-55.25203282113084	-1851.7512350968566	99.58415369247209	-47.77262988653477	0.006049563201003944	0.3031407893771235	-0.5716476556139289	99.58415369247209	8.782532819458048E-4	
164000	-1909.8583359736776	-1856.520642842929	-53.33769313074859	-1856.520642842929	100.1234359259747	-46.17367364347926	0.009294376294691237	0.1961363288882361	-0.2562642082871925	100.1234359259747	9.808996342103137E-4	
165000	-1904.3766792501572	-1852.1745938792712	-52.202085370885825	-1852.1745938792712	99.99579062697505	-45.06850330161644	0.021319408819527767	0.08200897862101786	-0.22582679028725372	99.99579062697505	9.128078804454257E-4	
166000	-1905.7447886130362	-1852.1491816068487	-53.59560700618751	-1852.1491816068487	99.59019131592078	-46.126174059467154	0.01126194598221064	0.05855065006657526	-0.5616776677382169	99.59019131592078	8.626626127945771E-4	
167000	-1908.1668024546184	-1855.4605862896635	-52.70621616495479	-1855.4605862896635	99.44326677258924	-44.952765760321526	0.011627062310477351	0.6094722616918118	-0.8456951256511293	99.44326677258924	9.791436344340188E-4	
168000	-1905.1515074212118	-1852.859664572564	-52.29184284864772	-1852.859664572564	100.27369475240704	-45.008478582030556	0.015292080911118902	0.11685421114114145	-0.3756089876350279	100.27369475240704	9.520491087780581E-4	
169000	-1905.4771669499103	-1852.6849435096503	-52.79222344025993	-1852.6849435096503	99.60154287637178	-45.34114064989292	0.024759826862309955	0.14697408480409196	-0.5433275113848755	99.60154287637178	0.0010394581342431462	
170000	-1906.492448518363	-1851.1482681668851	-55.34418035147785	-1851.1482681668851	101.08839725731032	-45.84141654040974	0.010582731491412081	0.1983497885995911	-2.5950085320859784	101.08839725731032	8.95600620772329E-4	
171000	-1911.9579528910442	-1858.225337567482	-53.732615323562264	-1858.225337567482	100.25680365391706	-46.46717245860509	0.0072237736556519955	0.3150156992409892	-0.35768758597503425	100.25680365391706	8.653801926938481E-4	
172000	-1908.2677621600203	-1854.584469245455	-53.68329291456524	-1854.584469245455	98.9983613085511	-44.54318614652344	0.01579810747976022	0.19892699222156332	-2.2323514890596696	98.9983613085511	8.727314725049294E-4	
173000	-1907.919874314025	-1853.9548759659983	-53.964998348026725	-1853.9548759659983	99.31202649742423	-45.88483663590711	0.008666685035702539	0.29999851364805386	-1.1724064331374802	99.31202649742423	9.024983459461382E-4	
174000	-1913.1497042101016	-1860.1379879863111	-53.011716223790366	-1860.1379879863111	100.52435485205507	-45.328273570416115	0.010125767644579346	0.36348326514384893	-0.7756873743921139	100.52435485205507	9.675770167504671E-4	
175000	-1906.615648641428	-1852.6491589773098	-53.96648966411811	-1852.6491589773098	100.85054866889591	-45.38607695617003	0.021307764923482738	0.11061658813647504	-1.6726574289659393	100.85054866889591	0.0010237991849278004	
176000	-1911.6441683274209	-1856.0731999523764	-55.570968375044515	-1856.0731999523764	100.61888696371746	-47.67137959569882	0.02592597265016555	0.28135387832400893	-0.9918335003635549	100.61888696371746	8.904082867822278E-4	
177000	-1904.9015143997865	-1851.852815318969	-53.04869908081737	-1851.852815318969	99.33896467928496	-45.041217058724826	0.015865100398704438	0.3659094100613289	-1.0997267431104092	99.33896467928496	9.743367212098603E-4	
178000	-1905.8463657910959	-1853.2101872455212	-52.63617854557466	-1853.2101872455212	99.78090701014247	-45.40662843753837	0.009049889801157633	0.7293749876259309	-0.3217948290541501	99.78090701014247	9.69764301078011E-4	
179000	-1908.0740444748276	-1854.132057660906	-53.941986813921574	-1854.132057660906	100.22071740347502	-46.7110078379012	0.024058960882373887	0.2811058457874381	-0.32322369703823783	100.22071740347502	8.537938174528041E-4	
180000	-1904.5420566075775	-1851.994167831798	-52.547888775779434	-1851.994167831798	100.00036164472029	-45.41434188257876	0.011413278689938527	0.49189551196302045	-0.2257916142185348	100.00036164472029	8.62647225804675E-4	
181000	-1906.4176429994102	-1853.4897068652153	-52.92793613419479	-1853.4897068652153	100.23887688089432	-45.68026517411632	0.01042362286352323	0.49577398430137015	-0.3399156810963295	100.23887688089432	9.002494283341842E-4	
182000	-1907.5689167614887	-1855.2266840035072	-52.34223275798139	-1855.2266840035072	100.5998275783722	-44.48909987880281	0.02389223997099333	0.0534281372088847	-0.9453776001964413	100.5998275783722	0.0010381215226208525	
183000	-1906.5163437202639	-1853.9555994404345	-52.56074427982939	-1853.9555994404345	100.36530597795296	-45.160300733146194	0.015075229796390735	0.379935669017237	-0.49268826770106006	100.36530597795296	8.472102930105677E-4	
184000	-1904.7142760598072	-1853.1816679776512	-51.53260808215589	-1853.1816679776512	99.82267427276622	-44.33617262345105	0.016050675603843732	0.3686495079722879	-0.2886801797227044	99.82267427276622	9.725266516536724E-4	
185000	-1906.1629871154396	-1854.0765574801806	-52.08642963525906	-1854.0765574801806	99.56380047441937	-44.57234295139865	0.01637178023574709	0.16321283911964615	-0.6063314048782669	99.56380047441937	9.291034341284227E-4	
186000	-1906.0053270183053	-1853.7274841748824	-52.27784284342287	-1853.7274841748824	99.98553336978335	-45.14387764501635	0.018714828406449068	0.29389175041458016	-0.2262099194243777	99.98553336978335	9.791281488345637E-4	
187000	-1906.7935323406684	-1853.7768247162035	-53.0167076244649	-1853.7768247162035	99.86702287548093	-45.84779516154731	0.017254046109093157	0.26203915323585086	-0.26115718393544934	99.86702287548093	9.518174933346802E-4	
188000	-1910.4355868212178	-1856.7675878625125	-53.66799895870524	-1856.7675878625125	100.26239676933587	-46.39674819796258	0.03158634070331986	0.1548850085372615	-0.36349548176052576	100.26239676933587	9.326378218219592E-4	
189000	-1907.3896504788988	-1853.8987209911502	-53.490929487748716	-1853.8987209911502	99.93513507411848	-46.34896793890262	0.007622103728493765	0.4184902403619512	-0.23420626986395823	99.93513507411848	9.138224652867868E-4	
190000	-1908.7187217412077	-1854.720371897793	-53.99834984341474	-1854.720371897793	99.36340386400427	-46.05429393105849	0.00957908529617533	0.640507015045805	-1.036300633374118	99.36340386400427	8.943700874461198E-4	
191000	-1905.3475501535868	-1852.0671798949766	-53.280370258610326	-1852.0671798949766	99.30091548395767	-45.16938530584317	0.018042642565698274	0.1417339744763176	-1.2032296737850143	99.30091548395767	9.316296614943135E-4	
192000	-1909.786068869833	-1856.2095942933677	-53.57647457646519	-1856.2095942933677	99.58132359847944	-46.09234808645792	0.01822837077810242	0.2555697910417058	-0.5763712110251324	99.58132359847944	8.236942339277189E-4	
193000	-1907.9982173428887	-1853.4222342152186	-54.575983127669936	-1853.4222342152186	99.14628079622088	-45.98476353824056	0.021036698214269376	0.2757881182080869	-1.6834643104472415	99.14628079622088	9.531071116067877E-4	
194000	-1904.7653482043556	-1851.8120289493402	-52.95331925501543	-1851.8120289493402	100.34724800359795	-45.578610271383035	0.02208184409842614	0.04433433756058827	-0.46695370465025726	100.34724800359795	8.676719032465405E-4	
195000	-1908.7538973883725	-1853.7298284905246	-55.024068897847776	-1853.7298284905246	98.72691740457667	-44.649043676681295	0.016006799222277678	0.14059823616565142	-3.4672699421843443	98.72691740457667	0.0010447195100093073	
196000	-1908.8980179795244	-1856.0615522092885	-52.83646577023581	-1856.0615522092885	99.64090434797993	-45.4450197640095	0.02223457577950104	0.11734493548978914	-0.4836907272441707	99.64090434797993	8.954148774179348E-4	
197000	-1907.4632755443633	-1852.960694648534	-54.50258089582944	-1852.960694648534	100.28074664474336	-47.21139690713326	0.00812066047779909	0.09022397921692	-0.38342870971403586	100.28074664474336	9.326073764568494E-4	
198000	-1904.9146796325126	-1852.477915221553	-52.4367644109595	-1852.477915221553	99.86573476719582	-45.26716347385271	0.006067705086475666	0.5927081985362717	-0.2618456581246499	99.86573476719582	9.969608638924034E-4	
199000	-1910.3404138106835	-1855.391161078941	-54.949252731742554	-1855.391161078941	99.8838448943372	-47.78872208297262	0.027983362080838257	0.1913348940851595	-0.25277536978779913	99.8838448943372	8.922364693680243E-4	
200000	-1905.3084638567557	-1853.3320084110521	-51.97645544570353	-1853.3320084110521	100.12557269214784	-44.811371812050155	0.014594791162986006	0.23997365194639164	-0.25732835467124043	100.12557269214784	9.644326799254944E-4	
201000	-1905.666095209493	-1852.2781264474131	-53.38796876207988	-1852.2781264474131	100.84306149049436	-44.83291677694386	0.021590432717583288	0.33201717054897223	-1.6472967061538841	100.84306149049436	0.0010021148936969248	
202000	-1909.0768935310211	-1854.1501383710474	-54.92675515997377	-1854.1501383710474	100.76230483083935	-46.630991218104874	0.008057399956791807	0.10796520637665195	-1.3880086628867625	100.76230483083935	9.12307881809438E-4	
203000	-1908.9486215009815	-1857.2821257851713	-51.666495715810214	-1857.2821257851713	100.35068298267875	-44.286991975502424	0.020028597866907055	0.010746075726344296	-0.4717484613256536	100.35068298267875	9.520870548362919E-4	
204000	-1910.52154857519	-1856.2100318554485	-54.31151671974151	-1856.2100318554485	99.29576038812503	-46.186063226247036	0.0075216486954321465	0.5135635464816556	-1.217698214512338	99.29576038812503	9.94309736623574E-4	
205000	-1907.8650776249904	-1854.876452118432	-52.98862550655832	-1854.876452118432	99.9561487022377	-45.85123300230058	0.010664948015631306	0.6899269257378889	-0.22963722527560354	99.9561487022377	0.001044823499178307	
206000	-1903.9393500714991	-1851.7237933536217	-52.21555671787745	-1851.7237933536217	99.54997265295131	-44.67696086006722	0.018586685466645367	0.045082418375372	-0.6308405788280895	99.54997265295131	9.286806794401382E-4	
207000	-1908.3244153247963	-1854.5665277574647	-53.757887567331615	-1854.5665277574647	99.40765115803018	-45.92258663453877	0.02670659321149281	0.07131959318690279	-0.9275456538107082	99.40765115803018	0.0010600070840848187	
208000	-1903.1279319596254	-1850.8276405287963	-52.300291430829034	-1850.8276405287963	100.4501683554769	-44.76144170265661	0.01630689184428588	0.15280598448070717	-0.6310944491902887	100.4501683554769	9.728267058632787E-4	
209000	-1907.4799109980518	-1854.6054755492041	-52.874435448847535	-1854.6054755492041	100.31085691300426	-45.547624776495596	0.013529124155477098	0.10922561877265835	-0.4190553933698013	100.31085691300426	9.24432935037152E-4	
210000	-1909.3533309202817	-1858.3295509357513	-51.02377998453037	-1858.3295509357513	99.9240643883364	-43.878700918666055	0.020427028054237316	0.08215273409707823	-0.23732378688217617	99.9240643883364	0.0010464616066736753	
211000	-1906.2634153528365	-1852.9657601133224	-53.297655239514064	-1852.9657601133224	99.35282256426464	-45.32643134123721	0.031132216563287574	0.025611290249228952	-1.0634686192947145	99.35282256426464	9.442903807665043E-4	
212000	-1908.8947309922148	-1854.1866164912785	-54.70811450093625	-1854.1866164912785	99.32649931624839	-46.66736152728161	0.037452009848634775	0.03504122231664226	-1.1329976946725062	99.32649931624839	9.472648168089626E-4	
213000	-1912.996641507682	-1854.9434373574704	-58.05320415021145	-1854.9434373574704	101.55426568687659	-46.08817386778067	0.008689687062631379	0.5222147165547366	-5.057275003448646	101.55426568687659	8.695731788089348E-4	
214000	-1905.205074987116	-1852.2861068848003	-52.91896810231569	-1852.2861068848003	100.84192042457606	-44.36776146805216	0.01897734332371846	0.17888434820600774	-1.6434513552813925	100.84192042457606	9.041462015204017E-4	
215000	-1910.3120279090726	-1856.9822141997488	-53.329813709323766	-1856.9822141997488	100.80949024683508	-44.885718158254654	0.01989120243313426	0.07735695079183103	-1.5363402720869725	100.80949024683508	0.0011041917711578962	
216000	-1909.6186284517469	-1855.5917521364586	-54.026876315288206	-1855.5917521364586	99.98269384142337	-46.89273067741198	0.007754983633146108	0.18955605257999739	-0.22639035889408635	99.98269384142337	0.0010234294630437032	
217000	-1904.544562176803	-1851.6135963600948	-52.93096581670824	-1851.6135963600948	100.49248483195336	-45.31233656567311	0.024629145981476405	0.12467811527078242	-0.7108739720529904	100.49248483195336	9.248472070882588E-4	
218000	-1905.2647178082148	-1852.3588552768097	-52.905862531405084	-1852.3588552768097	100.22323392077385	-45.67264913301009	0.01800470250671527	0.10359562697963873	-0.3254581194128589	100.22323392077385	9.157208255512487E-4	
219000	-1911.1415198884754	-1855.056287834679	-56.08523205379625	-1855.056287834679	98.60973333976476	-45.08600264904608	0.022627010321825573	0.17370006004370017	-4.0914741257680305	98.60973333976476	0.0010616331778153852	
220000	-1909.0815133727294	-1856.0073926230677	-53.07412074966164	-1856.0073926230677	100.32755703048865	-45.72598690158969	0.02138836055503331	0.14093218318606063	-0.4403785690898103	100.32755703048865	8.469211483666559E-4	
221000	-1909.416418114447	-1856.9973764013635	-52.41904171308341	-1856.9973764013635	100.1328572612613	-45.25019297771684	0.019556777298400246	0.13460718880918127	-0.2610934563844303	100.1328572612613	7.730570065783559E-4	
222000	-1912.8441457154495	-1857.301537238815	-55.542608476634655	-1857.301537238815	100.50043434268693	-47.90819278232679	0.004559000203305033	0.42861171181703345	-0.7266604153257263	100.50043434268693	0.00102826187581842	
223000	-1910.570773389568	-1854.6722789689784	-55.89849442058967	-1854.6722789689784	100.07216990038022	-48.75453079992103	0.023554488762425534	0.5091712190048543	-0.23620834168650834	100.07216990038022	8.20942389147237E-4	
224000	-1905.58005889386	-1852.8733605409736	-52.70669835288644	-1852.8733605409736	100.38702137612613	-45.27358063010245	0.01212791297605154	0.6033113460854659	-0.5253624438018516	100.38702137612613	8.831515173074639E-4	
225000	-1903.903828686299	-1852.2051098019888	-51.698718884310296	-1852.2051098019888	99.76054602991503	-44.45049584510453	0.00590457916435249	0.782594457600462	-0.34046776022363123	99.76054602991503	0.001055878898725313	
226000	-1904.1077401716225	-1851.7377435357105	-52.36999663591203	-1851.7377435357105	100.0639558898658	-45.22826929258812	0.01675278275046296	0.21705285289808451	-0.23397206434177886	100.0639558898658	8.583783116634039E-4	
227000	-1908.90370049792	-1855.0763154280862	-53.82738506983384	-1855.0763154280862	100.21063825876433	-46.60510148609643	0.014731698120635638	0.38459858044438283	-0.3145283047552683	100.21063825876433	7.666958211648399E-4	
228000	-1905.832006169615	-1853.7351804495054	-52.09682572010954	-1853.7351804495054	99.7383834215073	-44.82639262019822	0.021287545504939814	0.002064595624164681	-0.36267782092918804	99.7383834215073	9.083513802748916E-4	
229000	-1908.457617124032	-1855.5698907637209	-52.887726360311035	-1855.5698907637209	99.40085182948404	-45.036222668218926	0.02497739284004788	0.1897597897622352	-0.9437484131099713	99.40085182948404	0.0010886350153442197	
230000	-1910.4737852946841	-1858.3359641753946	-52.1378211192896	-1858.3359641753946	99.99206023269721	-45.00414840785309	0.014704412969269682	0.625031081927951	-0.2259174324543722	99.99206023269721	8.42741203211619E-4	
231000	-1904.594539001958	-1851.1358302735105	-53.45870872844758	-1851.1358302735105	100.2552636214341	-46.19484306396542	0.02622410112813242	0.3629086058748241	-0.35611038550002677	100.2552636214341	0.0010700848564969968	
232000	-1906.810288834977	-1853.4097217418125	-53.40056709316436	-1853.4097217418125	99.80853820374281	-46.19370522268544	0.006397318264205881	0.7406867522963647	-0.29910659149678437	99.80853820374281	8.345224702083183E-4	
233000	-1904.9385019613203	-1852.7917809014573	-52.14672105986291	-1852.7917809014573	100.04768578248415	-45.0086265605338	0.019079224557281334	0.23904497486783188	-0.23033922034697904	100.04768578248415	0.0010038997909986801	
234000	-1907.6265733509035	-1855.048603914655	-52.57796943624863	-1855.048603914655	100.6304712021717	-44.6494349310861	0.01673694028169495	0.20727882393358843	-1.0207792261803976	100.6304712021717	9.492398472654211E-4	
235000	-1907.4010290286374	-1854.6709388857605	-52.7300901428769	-1854.6709388857605	100.27318531295103	-45.44728308082573	0.007594221290847537	0.8263791319679039	-0.3750517830690301	100.27318531295103	9.205073534393645E-4	
236000	-1904.9540146203633	-1851.892570869667	-53.06144375069633	-1851.892570869667	99.49900671868764	-45.42590858322921	0.0184965253402979	0.3591279257033938	-0.7277798884849808	99.49900671868764	9.108421351103207E-4	
237000	-1905.86344887235	-1851.870398886247	-53.9930499861031	-1851.870398886247	100.84183867270359	-45.442118652757564	0.007999378672759874	0.70503096200313	-1.6431760543634049	100.84183867270359	0.001040454770759866	
238000	-1904.6512217373065	-1851.7493327254024	-52.90188901190421	-1851.7493327254024	100.61061163205245	-45.02264924988182	0.014472807089215332	0.10902630622438206	-0.9714844830402491	100.61061163205245	9.649384745541126E-4	
239000	-1905.56377257745	-1852.747644295598	-52.81612828185194	-1852.747644295598	100.00652681022588	-45.682496451721626	0.024745323054741173	0.10593907654515979	-0.22587655114817665	100.00652681022588	9.38328764271817E-4	
240000	-1908.0910129095005	-1854.9904009053428	-53.100612004157796	-1854.9904009053428	100.5830183860842	-45.28724449550647	0.01150250545456988	0.49479620290585263	-0.9056122296691909	100.5830183860842	8.118843144324704E-4	
241000	-1907.5542473960727	-1854.5521571988402	-53.00209019723256	-1854.5521571988402	100.01816617613785	-45.86788354569475	0.035378480747087486	0.07775776450468054	-0.2264513725556704	100.01816617613785	0.001088763093758937	
242000	-1906.782771221963	-1854.000162378347	-52.78260884361598	-1854.000162378347	100.3745968266235	-45.36841664695632	0.024305065581131453	0.009391647223502542	-0.5064369176775241	100.3745968266235	0.0010189152054806694	
243000	-1906.1224700404916	-1854.3836885192707	-51.73878152122107	-1854.3836885192707	99.53445098489033	-44.171763118655036	0.01575831228233555	0.065238240177389	-0.6592631235839002	99.53445098489033	0.001058120360833618	
244000	-1908.225380450468	-1854.2509287429875	-53.974451707480505	-1854.2509287429875	98.86987266857112	-44.28652950536851	0.014678812205722187	0.2642243487692698	-2.7801669231298534	98.86987266857112	0.0011548256450858326	
245000	-1905.5812059153905	-1853.6970423630157	-51.8841635523747	-1853.6970423630157	99.76959197388092	-44.644441203747654	0.024890111009714447	0.07536484766166754	-0.33196706964490785	99.76959197388092	0.0011102737768734772	
246000	-1911.061416018496	-1858.5841541795805	-52.4772618389155	-1858.5841541795805	100.24898358840682	-45.21972955269677	0.009044778764873163	0.4365782780443841	-0.34977700723659655	100.24898358840682	8.497696907237201E-4	
247000	-1908.278347036698	-1855.4785693526032	-52.799777684094735	-1855.4785693526032	99.76446895353344	-45.555281304768606	0.007525738282849927	0.40010404321320786	-0.33674110034399507	99.76446895353344	0.0010385104341887673	
248000	-1909.267794392394	-1857.2296569489943	-52.038137443399826	-1857.2296569489943	100.08317189470067	-44.89075568363676	0.01883706144826078	0.26191810188524983	-0.2396264807809258	100.08317189470067	9.948076507765773E-4	
249000	-1907.9459180429767	-1855.1795401127938	-52.76637793018288	-1855.1795401127938	99.41033306526245	-44.937417110710456	0.013393420496234572	0.46638677203455914	-0.9212055404902851	99.41033306526245	8.449568760379324E-4	
250000	-1911.082966047569	-1859.5365214133637	-51.54644463420536	-1859.5365214133637	100.03399334048528	-44.410586908183795	0.014672244761594622	0.39310253279927576	-0.22810244703942392	100.03399334048528	0.001072644006371858	
251000	-1906.6153578718088	-1854.5448913508872	-52.07046652092157	-1854.5448913508872	99.91124934015959	-44.92116653005049	0.014857561549646582	0.42526212067352326	-0.24154471188894527	99.91124934015959	0.0010277355406749572	
252000	-1906.172885476428	-1853.6367706860988	-52.536114790329364	-1853.6367706860988	100.30773488318594	-45.21316664204357	0.017017658148851	0.4068993780394455	-0.41519286930366045	100.30773488318594	0.0010290049691031847	
253000	-1907.6246732115737	-1855.5179342114284	-52.106739000145296	-1855.5179342114284	99.9551487510194	-44.969169099448195	0.012106914717716612	0.2516874660654869	-0.22981462171496805	99.9551487510194	9.140780549681343E-4	
254000	-1908.9527968905622	-1853.037794813905	-55.9150020766572	-1853.037794813905	101.24897188243196	-45.66159391881907	0.01679633846361717	0.5302122594267341	-3.3456528788559923	101.24897188243196	0.001009946535312733	
255000	-1906.6343855079006	-1853.571427729796	-53.062957778104604	-1853.571427729796	100.02310141044103	-45.92834379614901	0.016056941762680695	0.43374981209401087	-0.22685870297345717	100.02310141044103	9.127138636672501E-4	
256000	-1904.6903585910952	-1852.0835331475496	-52.60682544354558	-1852.0835331475496	99.44909497335614	-44.86628611515577	0.009029506354091202	0.6560694191578434	-0.832784049407673	99.44909497335614	0.001083968888662448	
257000	-1906.8051836751683	-1855.3388082086058	-51.466375466562624	-1855.3388082086058	100.3339940302112	-44.10972481050232	0.023172543849213415	0.2846568237232652	-0.44889537707816896	100.3339940302112	0.00106256191526082	
258000	-1911.0576493367994	-1855.6549860451976	-55.40266329160177	-1855.6549860451976	101.1172407726833	-45.77266277168294	0.019085493672337677	0.5593276589857408	-2.7222452409366946	101.1172407726833	9.958414687691647E-4	
259000	-1906.7443029263386	-1855.1324767859212	-51.61182614041732	-1855.1324767859212	99.71589981531982	-44.31685367891983	0.016580068723137168	0.37697928130277625	-0.38721718251535725	99.71589981531982	9.618366177627824E-4	
260000	-1906.5500740414675	-1854.4144098297254	-52.13566421174204	-1854.4144098297254	99.92045137730571	-44.98946161337006	0.01691340006667047	0.197451132336571	-0.23844731938984437	99.92045137730571	9.522987898446701E-4	
261000	-1903.723246874402	-1851.5229042899682	-52.20034258443388	-1851.5229042899682	100.19949183151601	-44.987201971123795	0.022600504846123155	0.08200994019189979	-0.3053853343279544	100.19949183151601	0.0010025573723526553	
262000	-1909.6686068779568	-1856.1349486765548	-53.53365820140206	-1856.1349486765548	99.55437296816739	-46.002944666775306	0.017542659014207405	0.673898641666903	-0.6229582556446198	99.55437296816739	0.0011150509749992216	
263000	-1909.6834565002362	-1855.3246518937153	-54.35880460652073	-1855.3246518937153	98.91612101637237	-44.875670672594545	0.009083361194931213	0.7892433190525855	-2.575378654944046	98.91612101637237	0.0010225527500764414	
264000	-1907.1339811788732	-1853.083656957361	-54.05032422151232	-1853.083656957361	99.10769976251078	-45.32437816223881	0.0044372748270362725	0.7760494867157062	-1.8181907802913768	99.10769976251078	9.746913551996662E-4	
265000	-1905.7019689921374	-1852.6807180694764	-53.021250922660975	-1852.6807180694764	99.76983461926088	-45.78175208605254	0.007779885683174426	0.49971235894356486	-0.3317435576262986	99.76983461926088	9.818679416666479E-4	
266000	-1912.9022172218251	-1859.9423076860928	-52.95990953573225	-1859.9423076860928	100.05729769097745	-45.81979685332269	0.01140630054479336	0.6798365283545568	-0.232357403427422	100.05729769097745	9.64178909281333E-4	
267000	-1907.2227813611498	-1854.3581408112454	-52.86464054990442	-1854.3581408112454	100.37402134051663	-45.451309991953835	0.004657968230701497	0.7930091517736446	-0.5055752789684478	100.37402134051663	8.182613745317433E-4	
268000	-1909.6092746496718	-1855.528716826272	-54.080557823399765	-1855.528716826272	99.49138836184974	-46.42963959484913	0.007172645227017971	0.6101458130218458	-0.7431629495685019	99.49138836184974	7.986399258123894E-4	
269000	-1907.2938871436154	-1852.241224935469	-55.05266220814629	-1852.241224935469	99.23822471802447	-46.75851241606162	0.036393896396751405	0.0867223239471508	-1.3863945131025268	99.23822471802447	9.892965986584706E-4	
270000	-1906.535940474494	-1853.1948576412303	-53.34108283326383	-1853.1948576412303	99.0800472628465	-44.514910124444555	0.020019529599230004	0.2260170867024214	-1.918417429837139	99.0800472628465	9.91954768410192E-4	
271000	-1913.5520564080143	-1859.915530934192	-53.636525473822395	-1859.915530934192	99.70871987789124	-46.33329062312414	0.015938594173669426	0.4224654002750096	-0.3954795717161146	99.70871987789124	8.983583668519533E-4	
272000	-1905.8674748792148	-1850.6840786412477	-55.18339623796706	-1850.6840786412477	99.49473670498021	-47.53926761175169	0.004706277879515401	0.4901579176330549	-0.736373347233233	99.49473670498021	9.205751566630513E-4	
273000	-1907.3894119669274	-1853.6374781552759	-53.751933811651455	-1853.6374781552759	99.9081471263744	-46.60151327923803	0.01579649372432912	0.7038423724899858	-0.2426652534312875	99.9081471263744	8.961503280218244E-4	
274000	-1906.798583671923	-1854.6346161960055	-52.16396747591756	-1854.6346161960055	100.02088395509459	-45.02954856512991	0.013101131226166959	0.013071646176590864	-0.22666363180551305	100.02088395509459	0.0010697890937481863	
275000	-1904.791531963654	-1852.6128460416635	-52.17868592199045	-1852.6128460416635	100.15407456769712	-44.997661345541474	0.01842485951703156	0.1017671331865896	-0.27326929746683787	100.15407456769712	0.0010246149182362957	
276000	-1909.7754291564095	-1856.401969686897	-53.37345946951254	-1856.401969686897	100.67284518004455	-45.334471565267314	0.014709748430701471	0.41920004230140223	-1.131232625263085	100.67284518004455	9.43649622326837E-4	
277000	-1907.1553339624675	-1854.332218752556	-52.823115209911464	-1854.332218752556	100.19417800397136	-45.614158383832	0.014933452192013091	0.28363563876856457	-0.30120154709732977	100.19417800397136	9.270365927089944E-4	
278000	-1905.2319339003159	-1852.2192954849927	-53.01263841532313	-1852.2192954849927	99.42535470239748	-45.2186573475829	0.017713931114291995	0.013849256337325755	-0.8862257887580943	99.42535470239748	9.131752758953546E-4	
279000	-1911.0412687719934	-1858.5938551251822	-52.44741364681103	-1858.5938551251822	100.62309242623603	-44.537378671918766	0.01371747768863923	0.028332568921575336	-1.0022796959101263	100.62309242623603	0.0010001874828456188	
280000	-1910.3486806152075	-1857.9073943439253	-52.44128627128227	-1857.9073943439253	100.23530133793213	-45.197006200390106	0.011521441136584246	0.7697676364044216	-0.3365247919100266	100.23530133793213	0.0010038782879455638	
281000	-1904.8235400215	-1852.200123788328	-52.62341623317215	-1852.200123788328	100.19587928072596	-45.41313221630985	0.023783110316092093	0.29047314313805517	-0.30252873788016726	100.19587928072596	0.0010125557715089744	
282000	-1904.5734089223013	-1852.1299408221817	-52.44346810011954	-1852.1299408221817	100.12516959982575	-45.278586611051594	0.02344533164632964	0.04472890648791141	-0.2571262100858058	100.12516959982575	9.84802582908039E-4	
283000	-1910.9449322400446	-1857.3153942909105	-53.629537949134175	-1857.3153942909105	99.59226543913681	-46.16349637326272	0.019863500548389996	0.6040586089292417	-0.5582862968893244	99.59226543913681	9.150301391902648E-4	
284000	-1903.2288938574966	-1851.1755695253587	-52.053324332137805	-1851.1755695253587	100.05703582898349	-44.913271528935276	0.01316043586974667	0.39219157951534694	-0.23229752422039457	100.05703582898349	9.426811048932317E-4	
285000	-1903.6512066818987	-1851.1221771962817	-52.52902948561704	-1851.1221771962817	100.0653145141306	-45.38695088247794	0.012707793681773992	0.496993953511882	-0.23432332415696153	100.0653145141306	9.405809202884886E-4	
286000	-1905.734250244137	-1853.5578860259868	-52.1763642181501	-1853.5578860259868	99.88388105039287	-45.01585036560751	0.014768547722748628	0.5966344703440183	-0.2527585735604525	99.88388105039287	9.591415858391291E-4	
287000	-1906.439223141474	-1853.0292396422449	-53.40998349922924	-1853.0292396422449	99.35400730268073	-45.44182373762272	0.02671937847519978	0.08806629564373428	-1.060404482624385	99.35400730268073	0.001075913242203085	
288000	-1910.854781123655	-1854.508274865391	-56.346506258263766	-1854.508274865391	99.01592188558996	-47.27614015611527	0.005828086273006997	0.3102275378019818	-2.162610823166363	99.01592188558996	9.603782720221405E-4	
289000	-1904.8034852634094	-1851.4951061061033	-53.30837915730594	-1851.4951061061033	100.30068269913573	-45.99401235455998	0.01714768673283919	0.5143792853512948	-0.4066115237638284	100.30068269913573	9.528795834505684E-4	
290000	-1910.9820282629898	-1857.6793108887732	-53.30271737421662	-1857.6793108887732	99.40913028704387	-45.47091670721203	0.018646480694546747	0.41231492014585885	-0.9240453880224573	99.40913028704387	0.0010035999185709732	
291000	-1903.285515411877	-1850.7301559126806	-52.55535949919637	-1850.7301559126806	99.88489877063127	-45.39531628156512	0.015685997682477488	0.2665591393005899	-0.25228793864911475	99.88489877063127	9.000313132331562E-4	
292000	-1909.092627988166	-1853.9399270024644	-55.152700985701564	-1853.9399270024644	100.12703690547447	-47.98687760336964	0.0064940770725936655	0.9062056064876706	-0.2580681033497858	100.12703690547447	8.551369901658917E-4	
293000	-1913.1521690789004	-1860.1649790450867	-52.98719003381368	-1860.1649790450867	100.69522862942026	-44.88695770785568	0.010683921860514842	0.5003373332470166	-1.1924770469758643	100.69522862942026	8.98840175777713E-4	
294000	-1905.0265318566176	-1852.067200072677	-52.959331783940456	-1852.067200072677	100.39530747892185	-45.51324914653049	0.009960075033777986	0.28948236841167724	-0.5383273584278259	100.39530747892185	9.009235774479393E-4	
295000	-1914.2502700601615	-1859.5659847234026	-54.684285336758904	-1859.5659847234026	100.6274357555859	-46.763387450356724	0.022779272958667565	0.30641859713194874	-1.0131426074200434	100.6274357555859	9.461786851075502E-4	
296000	-1907.583894214404	-1856.1633861957457	-51.42050801865812	-1856.1633861957457	100.12139011042792	-44.25749026921185	0.017808691367585713	0.045411374403439106	-0.25526247046413475	100.12139011042792	0.0011571271052849257	
297000	-1910.2651481987184	-1856.0001786194186	-54.264969579299795	-1856.0001786194186	99.33042972247743	-46.234774234589636	0.0074765748265770825	0.6543132837418403	-1.122440065728022	99.33042972247743	9.504607864026239E-4	
298000	-1904.8069837089129	-1852.2068466322037	-52.60013707670917	-1852.2068466322037	99.86017775958078	-45.427489927250605	0.020831851855938686	0.3078633040077624	-0.2648918704764283	99.86017775958078	8.414962735997032E-4	
299000	-1907.8979976909584	-1854.0864173684822	-53.811580322476125	-1854.0864173684822	99.54185329633651	-46.25823688669382	0.007526773151619354	0.6240739471302408	-0.6455881568001665	99.54185329633651	7.829267994799496E-4	
300000	-1909.4308511306854	-1854.6232424064851	-54.807608724200286	-1854.6232424064851	99.06056173020617	-45.90897356706699	0.01061807688565591	0.34044357810457604	-1.9908798781511603	99.06056173020617	7.89725290918351E-4	
301000	-1910.1950690732929	-1855.515560692888	-54.679508380404954	-1855.515560692888	100.99856868438374	-45.55168291391434	0.021346754421247997	0.25169337231957856	-2.2200701875084796	100.99856868438374	8.595291852747083E-4	
302000	-1906.970810218474	-1853.5319403688036	-53.43886984967047	-1853.5319403688036	99.65006157976732	-46.06040942213372	0.018647244577539742	0.483961856156971	-0.4707051485546081	99.65006157976732	9.58469497788258E-4	
303000	-1910.3072675573235	-1856.887855526108	-53.41941203121549	-1856.887855526108	99.88388774844479	-46.258901289666184	0.02574423457435917	0.3103897241512173	-0.2527554625671672	99.88388774844479	8.335294687497489E-4	
304000	-1907.1865248728552	-1853.815998731824	-53.37052614103127	-1853.815998731824	100.61696628330934	-45.47568471992333	0.021081146614369547	0.26931585311583556	-0.9870861421258048	100.61696628330934	0.0010181325958203316	
305000	-1909.9134163832725	-1854.6563484737098	-55.25706790956262	-1854.6563484737098	99.86690137246327	-48.08809078863144	0.02826972545803124	0.30249573113011213	-0.2612218419490472	99.86690137246327	9.833117035640349E-4	
306000	-1903.5885020335709	-1851.054971594703	-52.53353043886784	-1851.054971594703	99.97325041716918	-45.39855272687773	0.012742067939670981	0.06589042393901257	-0.22722243300797287	99.97325041716918	8.928546263949219E-4	
307000	-1909.580115327912	-1856.1701718189	-53.40994350901195	-1856.1701718189	100.38689207204524	-45.97702592656216	0.02778617009186794	0.020228040716327098	-0.5251623034676491	100.38689207204524	8.943954734756824E-4	
308000	-1908.2264996524107	-1855.878947890473	-52.34755176193757	-1855.878947890473	100.42674270897132	-44.849786450990344	0.01269092090246409	0.02406838588644705	-0.5900100319650855	100.42674270897132	0.0010146682149142273	
309000	-1909.0305304140695	-1857.7833641490672	-51.24716626500221	-1857.7833641490672	100.02999194468975	-44.1118205998828	0.01862657790141875	0.4080508809549174	-0.227590386137274	100.02999194468975	0.0012495205511796447	
310000	-1908.8815837884658	-1854.6007805279355	-54.28080326053022	-1854.6007805279355	100.62949915739561	-46.35471825057978	0.018891395365177806	0.18728052477119358	-1.0183297309683033	100.62949915739561	9.509420461850204E-4	
311000	-1910.9071142258592	-1857.7512566232374	-53.155857602621865	-1857.7512566232374	100.58708344746053	-45.33297702243072	0.021414374641298403	0.17987005577878531	-0.9151253012090065	100.58708344746053	8.886099976912853E-4	
312000	-1908.4457192204973	-1854.6214600314086	-53.82425918908878	-1854.6214600314086	99.56299817989884	-46.30877137591846	0.010143849046834274	0.1256229725170521	-0.6077325341881787	99.56299817989884	8.821471071050122E-4	
313000	-1911.7530739073632	-1858.358895340929	-53.39417856643415	-1858.358895340929	99.82088992543027	-46.19647109718253	0.006272966479584543	0.8366825834697136	-0.2899521902694794	99.82088992543027	9.335555085198939E-4	
314000	-1906.1333068617423	-1853.2111566168064	-52.92215024493582	-1853.2111566168064	99.92955353596963	-45.778678204720194	0.02191149635204337	0.009608714816505659	-0.23571676123349136	99.92955353596963	9.130018417094735E-4	
315000	-1904.5533768442783	-1852.3548631247932	-52.19851371948507	-1852.3548631247932	99.9058893366313	-45.047253453938815	0.019270004860393482	0.022833531856662044	-0.24350498656411929	99.9058893366313	9.899250290665484E-4	
316000	-1906.1154880107702	-1852.9381809249844	-53.17730708578572	-1852.9381809249844	99.23687238112073	-44.87903292876618	0.024865574435800425	0.2069968946176492	-1.3905188780374065	99.23687238112073	8.982280751917749E-4	
317000	-1904.599435861803	-1852.4884127493494	-52.11102311245341	-1852.4884127493494	100.30762899021185	-44.788205289589015	0.01571004457845571	0.2592067521688724	-0.41506254388225633	100.30762899021185	9.868371687849445E-4	
318000	-1909.9527104481149	-1857.1050370644805	-52.8476733836345	-1857.1050370644805	99.4924003280701	-45.19881189812096	0.009007635648149218	0.6089211407510039	-0.7411062065314027	99.4924003280701	0.0010379963819338622	
319000	-1908.887878407052	-1857.4735386350276	-51.41433977202439	-1857.4735386350276	99.72564286478452	-44.13024946511023	0.020949771983457162	0.11186539751339465	-0.37633502793201956	99.72564286478452	0.0012788071066951047	
320000	-1906.680333246097	-1853.3330892571603	-53.34724398893673	-1853.3330892571603	100.08989218038239	-46.197536149122065	0.009777272470299903	0.4381424990056805	-0.24195256083252853	100.08989218038239	8.284878446126911E-4	
321000	-1908.910655682457	-1856.4676703052246	-52.44298537723243	-1856.4676703052246	99.79519803869704	-45.22555105889849	0.01506884122449584	0.2067198039528392	-0.3096790393518076	99.79519803869704	8.8871488290207E-4	
322000	-1911.3757108763598	-1858.5718208376327	-52.80389003872721	-1858.5718208376327	99.5295292476356	-45.22765794943969	0.02066116468765362	0.26096176958066336	-0.668476810305388	99.5295292476356	0.001034519598690721	
323000	-1905.7489866216613	-1852.243757167448	-53.5052294542134	-1852.243757167448	100.72497969617018	-45.32049170286852	0.018459368860309036	0.032702305915676314	-1.2769824723627416	100.72497969617018	9.58981485391096E-4	
324000	-1905.4539541103923	-1850.4148112352161	-55.03914287517624	-1850.4148112352161	99.27692345624972	-46.85991686730567	0.027818530233888708	0.2812296085948946	-1.2714707288884317	99.27692345624972	8.919416007067216E-4	
325000	-1903.7688653691428	-1851.3451408167184	-52.42372455242428	-1851.3451408167184	99.65225824138611	-45.04832925942965	0.015891104979614573	0.05781667837451234	-0.467640014012493	99.65225824138611	8.533265177010721E-4	
326000	-1905.1067224796298	-1852.7172464007244	-52.389476078905346	-1852.7172464007244	100.27446483223892	-45.105267559006606	0.01272012963282287	0.11239359575392305	-0.3764532409166039	100.27446483223892	9.499012712554097E-4	
327000	-1904.6986723002385	-1851.3876081366452	-53.3110641635933	-1851.3876081366452	99.37518921608526	-45.39674050057413	0.013926970366003481	0.3481952378904181	-1.0065683840370299	99.37518921608526	8.497445113967714E-4	
328000	-1904.7850545690658	-1851.0068572688026	-53.77819730026306	-1851.0068572688026	99.77343273957122	-46.54198522163979	0.006842864388208397	0.4162218822497747	-0.32845679964113267	99.77343273957122	9.546874313125029E-4	
