#
#model:
#
#<?xml version="1.0" encoding="UTF-8" standalone="no"?><input id="posterior" spec="beast.core.util.CompoundDistribution">
#    <distribution id="prior" spec="beast.core.util.CompoundDistribution">
#        <distribution id="CoalescentConstant.t:alignment" spec="beast.evolution.tree.coalescent.Coalescent">
#            <populationModel id="ConstantPopulation.t:alignment" spec="beast.evolution.tree.coalescent.ConstantPopulation">
#                <parameter id="popSize.t:alignment" name="popSize">0.3</parameter>
#            </populationModel>
#            <treeIntervals id="TreeIntervals.t:alignment" spec="beast.evolution.tree.coalescent.TreeIntervals">
#                <tree id="Tree.t:alignment">
#                    <trait id="dateTrait.t:alignment" spec="beast.evolution.tree.TraitSet" traitname="date">
#AUS_SA_FlindersRanges_2002.79=2002.79,
#KF494932_AUS_SA_PLUM_1995.83=1995.83,
#KF494911_AUS_ACT_WESTCRK_2011.67=2011.67,
#KF494944_AUS_SA_TF-PT1743_2008.75=2008.75,
#KF494943_AUS_SA_TF-PT1731_2008.83=2008.83,
#KF494919_AUS_NSW_YOUNG_2011.58=2011.58,
#KF494950_AUS_WA_MANMAN_2010.75=2010.75,
#KF594475_AUS_SA_Turretfield-07_2007.50=2007.50,
#AUS_SA_Bulgania_2009.65=2009.65,
#KF594476_AUS_SA_Turretfield-09_2009.50=2009.50,
#KF494916_AUS_NSW_ROCKL-1_2011.25=2011.25,
#KF494925_AUS_SA_ECH_2008.75=2008.75,
#KF494915_AUS_NSW_ROCKF-2_2011.33=2011.33,
#KF494934_AUS_SA_ROXDWNS_2011.67=2011.67,
#KF494949_AUS_TAS_STHARM_2007.42=2007.42,
#AUS_SA_Motpena_2013.72=2013.72,
#KF494935_AUS_SA_TF-07_1999.83=1999.83,
#AUS_WA_Bunbury_2000.13=2000.13,
#AUS_SA_BillaKallina_2004.50=2004.50,
#KF494918_AUS_NSW_WOODSTK_2011.25=2011.25,
#AUS_NSW_Murrumbateman_BlueGums_2014.24=2014.24,
#KF494906_AUS_ACT_GUN-01_2009.25=2009.25,
#KF494945_AUS_SA_TF-PT1839_2009.83=2009.83,
#AUS_SA_Woodcroft_2005.76=2005.76,
#KF494910_AUS_ACT_PARKWOOD_1998.75=1998.75,
#EU650679_AUS_NSW_NYNGAN_2005.83=2005.83,
#KF494940_AUS_SA_TF-2863_2011.67=2011.67,
#KF494936_AUS_SA_TF-13_1999.83=1999.83,
#KF494908_AUS_ACT_GUN-RP_1998.75=1998.75,
#KF494924_AUS_SA_CURNAMONA_1995.83=1995.83,
#AUS_WA_Gnowangerup_1999.40=1999.40,
#AUS_SA_FlindersRanges_2006.59=2006.59,
#AUS_NSW_Grafton_2013.52=2013.52,
#GU373617_AUS_ACT_AINSLE-2_2009.50=2009.50,
#KF494917_AUS_NSW_ROCKL-2_2011.25=2011.25,
#AUS_SA_Hillbank_2008.79=2008.79,
#KF494948_AUS_TAS_COLLINS-1_2006.67=2006.67,
#AUS_TAS_SouthArm_2007.34=2007.34,
#AUS_SA_Robe_2000.39=2000.39,
#KF494930_AUS_SA_ORR-1_2010.83=2010.83,
#AUS_SA_FlindersRanges_1999.81=1999.81,
#AUS_NSW_Hall_WAT1-13_2007.94=2007.94,
#KF594474_AUS_SA_Turretfield-06_2006.50=2006.50,
#AUS_SA_OneTreeHill_2003.71=2003.71,
#KF494907_AUS_ACT_GUN-HS_1998.75=1998.75,
#KF494952_AUS_WA_NARRIN_2010.92=2010.92,
#KF494912_AUS_NSW_OC-M2_2007.75=2007.75,
#KF494937_AUS_SA_TF-19_2006.92=2006.92,
#KF494920_AUS_NSW_VITTO_2011.17=2011.17,
#KF494946_AUS_SA_WILKA_2010.42=2010.42,
#EU650680_AUS_NSW_NARRAWA_2006.83=2006.83,
#KF494947_AUS_SA_WILLOCHRACRK_1995.92=1995.92,
#KF494942_AUS_SA_TF-PT1350_2011.75=2011.75,
#KF494931_AUS_SA_PLUM-1_2010.67=2010.67,
#KF494929_AUS_SA_MERNMORA_1995.92=1995.92,
#KF494909_AUS_ACT_MTP-2_2010.17=2010.17,
#KF494933_AUS_SA_RENMARK_2011.75=2011.75,
#KF494938_AUS_SA_TF-1907_2006.92=2006.92,
#KF494913_AUS_NSW_OC-M8_2007.25=2007.25,
#KF494928_AUS_SA_LOB-OLIVER08_2003.67=2003.67,
#KF494914_AUS_NSW_ROCKF-1_2011.33=2011.33,
#AUS_WA_WonganHills_2012.74=2012.74,
#KF494939_AUS_SA_TF-2186_2008.83=2008.83,
#GU373618_AUS_ACT_PI-1_2009.50=2009.50,
#AUS_SA_Coorong_2004.75=2004.75,
#KF494927_AUS_SA_GRNW_2008.83=2008.83,
#KF594473_AUS_RHDV351-INOC_Passaged_1995.50=1995.50,
#KF494923_AUS_SA_BULG_2009.67=2009.67,
#KF494926_AUS_SA_FRNP-ORA_2008.50=2008.50,
#KF494922_AUS_SA_BARM_2008.83=2008.83,
#KF494951_AUS_WA_MARCHA_2010.75=2010.75,
#KF494941_AUS_SA_TF-PT1339_2011.67=2011.67
#                        <taxa id="TaxonSet.alignment" spec="beast.evolution.alignment.TaxonSet">
#                        </taxa>
#                    </trait>
#                    <taxonset idref="TaxonSet.alignment"/>
#                </tree>
#            </treeIntervals>
#        </distribution>
#        <prior id="GammaShapePrior.s:alignment" name="distribution">
#            <parameter id="gammaShape.s:alignment" name="x">1.0</parameter>
#            <Exponential id="Exponential.0" name="distr">
#                <parameter id="RealParameter.0" lower="0.0" name="mean" upper="0.0">1.0</parameter>
#            </Exponential>
#        </prior>
#        <prior id="PopSizePrior.t:alignment" name="distribution" x="@popSize.t:alignment">
#            <OneOnX id="OneOnX.0" name="distr"/>
#        </prior>
#        <prior id="RateACPrior.s:alignment" name="distribution">
#            <parameter id="rateAC.s:alignment" lower="0.0" name="x">1.0</parameter>
#            <Gamma id="Gamma.0" name="distr">
#                <parameter estimate="false" id="RealParameter.01" name="alpha">0.05</parameter>
#                <parameter estimate="false" id="RealParameter.02" name="beta">10.0</parameter>
#            </Gamma>
#        </prior>
#        <prior id="RateAGPrior.s:alignment" name="distribution">
#            <parameter id="rateAG.s:alignment" lower="0.0" name="x">1.0</parameter>
#            <Gamma id="Gamma.01" name="distr">
#                <parameter estimate="false" id="RealParameter.03" name="alpha">0.05</parameter>
#                <parameter estimate="false" id="RealParameter.04" name="beta">20.0</parameter>
#            </Gamma>
#        </prior>
#        <prior id="RateATPrior.s:alignment" name="distribution">
#            <parameter id="rateAT.s:alignment" lower="0.0" name="x">1.0</parameter>
#            <Gamma id="Gamma.02" name="distr">
#                <parameter estimate="false" id="RealParameter.05" name="alpha">0.05</parameter>
#                <parameter estimate="false" id="RealParameter.06" name="beta">10.0</parameter>
#            </Gamma>
#        </prior>
#        <prior id="RateCGPrior.s:alignment" name="distribution">
#            <parameter id="rateCG.s:alignment" lower="0.0" name="x">1.0</parameter>
#            <Gamma id="Gamma.03" name="distr">
#                <parameter estimate="false" id="RealParameter.07" name="alpha">0.05</parameter>
#                <parameter estimate="false" id="RealParameter.08" name="beta">10.0</parameter>
#            </Gamma>
#        </prior>
#        <prior id="RateGTPrior.s:alignment" name="distribution">
#            <parameter id="rateGT.s:alignment" lower="0.0" name="x">1.0</parameter>
#            <Gamma id="Gamma.04" name="distr">
#                <parameter estimate="false" id="RealParameter.09" name="alpha">0.05</parameter>
#                <parameter estimate="false" id="RealParameter.010" name="beta">10.0</parameter>
#            </Gamma>
#        </prior>
#    </distribution>
#    <distribution id="likelihood" spec="beast.core.util.CompoundDistribution">
#        <distribution data="@alignment" id="treeLikelihood.alignment" spec="beast.evolution.likelihood.TreeLikelihood" tree="@Tree.t:alignment">
#            <siteModel gammaCategoryCount="4" id="SiteModel.s:alignment" shape="@gammaShape.s:alignment" spec="beast.evolution.sitemodel.SiteModel">
#                <parameter estimate="false" id="mutationRate.s:alignment" name="mutationRate">1.0</parameter>
#                <parameter estimate="false" id="proportionInvariant.s:alignment" lower="0.0" name="proportionInvariant" upper="1.0">0.0</parameter>
#                <substModel id="gtr.s:alignment" rateAC="@rateAC.s:alignment" rateAG="@rateAG.s:alignment" rateAT="@rateAT.s:alignment" rateCG="@rateCG.s:alignment" rateGT="@rateGT.s:alignment" spec="beast.evolution.substitutionmodel.GTR">
#                    <parameter estimate="false" id="rateCT.s:alignment" lower="0.0" name="rateCT">1.0</parameter>
#                    <frequencies id="estimatedFreqs.s:alignment" spec="beast.evolution.substitutionmodel.Frequencies">
#                        <parameter dimension="4" id="freqParameter.s:alignment" lower="0.0" name="frequencies" upper="1.0">0.25</parameter>
#                    </frequencies>
#                </substModel>
#            </siteModel>
#            <branchRateModel id="StrictClock.c:alignment" spec="beast.evolution.branchratemodel.StrictClockModel">
#                <parameter estimate="false" id="clockRate.c:alignment" name="clock.rate">1.0</parameter>
#            </branchRateModel>
#        </distribution>
#    </distribution>
#</input>
#
Sample	posterior	likelihood	prior	treeLikelihood	TreeHeight	freqParameter.1	freqParameter.2	freqParameter.3	freqParameter.4	rateAC	rateAG	rateAT	rateCG	rateGT	gammaShape	popSize	CoalescentConstant	
0	-31196.30944865905	-30991.595481365235	-204.71396729381445	-30991.595481365235	20.990742647748654	0.25	0.25	0.25	0.25	1.0	1.0	1.0	1.0	1.0	1.0	0.3	-189.01324046060518	
1000	-24584.278004549495	-24529.054029995095	-55.22397455439857	-24529.054029995095	18.750229828373943	0.2482019828581408	0.25	0.25386947479385447	0.2479285423480047	0.5136179390431972	1.9169777935856094	1.0	1.0	1.0	0.929397849881805	0.7372647925409938	-38.71222398356306	
2000	-22147.79672754705	-22124.736110281247	-23.06061726580474	-22124.736110281247	18.750229828373943	0.2482019828581408	0.2528732895380623	0.25386947479385447	0.2450552528099424	0.4272968267534648	4.532034708333658	1.0	1.0	1.0	0.8986378507180024	0.5538742342118607	-6.100916084468226	
3000	-21867.786482531315	-21862.09315185289	-5.693330678425893	-21862.09315185289	18.750229828373943	0.2482019828581408	0.2528732895380623	0.25386947479385447	0.2450552528099424	0.4272968267534648	4.532034708333658	1.0	1.0	1.0	0.8986378507180024	0.3055544459236926	10.671560837788284	
4000	-21448.9000066262	-21448.22227190862	-0.6777347175829194	-21448.22227190862	18.750229828373943	0.2511157802240982	0.2528732895380623	0.2509556774278971	0.2450552528099424	0.2523609417545878	4.532034708333658	1.0	1.0	0.6692544518199792	0.8986378507180024	0.27794498353222474	14.660084851432668	
5000	-20719.584358028253	-20732.775309145734	13.19095111748068	-20732.775309145734	18.750229828373943	0.2511157802240982	0.2528732895380623	0.2509556774278971	0.2450552528099424	0.2523609417545878	10.458452602306824	0.7314356485312511	0.6840098893415397	0.6692544518199792	0.8986378507180024	0.2522225625532929	28.80604986922606	
6000	-20585.439770461853	-20597.97685374966	12.537083287806269	-20597.97685374966	18.750229828373943	0.2497720336444603	0.2528732895380623	0.2576413177361512	0.23971335908132618	0.2523609417545878	10.458452602306824	0.7314356485312511	0.6840098893415397	0.6692544518199792	0.8986378507180024	0.22030031900674882	28.0168618589464	
7000	-20341.772417685497	-20358.885613187413	17.11319550191366	-20358.885613187413	18.752100761125188	0.25523526665273744	0.2528732895380623	0.25217808472787406	0.23971335908132618	0.2523609417545878	10.832445860235717	0.7314356485312511	0.5745305531894901	0.6692544518199792	0.8986378507180024	0.21748477059770216	32.45554338127159	
8000	-20188.298599777023	-20203.351917341155	15.053317564131124	-20203.351917341155	18.752100761125188	0.25523526665273744	0.2528732895380623	0.25217808472787406	0.23971335908132618	0.1956048779751804	19.152170746106737	0.7314356485312511	0.5745305531894901	0.39049482642910005	0.8986378507180024	0.26171268411608917	30.75075762081466	
9000	-18340.85023376333	-18347.316644619827	6.466410856496781	-18347.316644619827	18.752100761125188	0.25523526665273744	0.25170392154631777	0.26088018572909427	0.23218062607185053	0.11163394788275273	19.152170746106737	0.7314356485312511	0.5532643617024379	0.39049482642910005	0.6843134781511195	0.26086285539182785	21.367090964568906	
10000	-18283.714880893185	-18279.98170740061	-3.73317349257556	-18279.98170740061	18.752100761125188	0.25523526665273744	0.25170392154631777	0.26088018572909427	0.23218062607185053	0.11163394788275273	19.152170746106737	0.7314356485312511	0.5532643617024379	0.26132299357207633	0.6843134781511195	0.32825455726594643	11.002809340498562	
11000	-15880.665709653944	-15850.507743430006	-30.157966223938093	-15850.507743430006	18.752100761125188	0.2713561008887373	0.2455342977035677	0.2509289753358445	0.23218062607185053	0.11163394788275273	19.152170746106737	0.5088898213751841	0.5532643617024379	0.26132299357207633	0.3552480325980758	0.5302563150325487	-15.638371139695002	
12000	-15055.132356780703	-14965.644780808949	-89.48757597175378	-14965.644780808949	18.752100761125188	0.2713561008887373	0.2455342977035677	0.2509289753358445	0.23218062607185053	0.11163394788275273	27.621898353761207	0.3064266253233311	0.21722016061764046	0.26132299357207633	0.2728269531498096	0.9287851307180752	-75.14243508327715	
13000	-14289.926296268504	-14157.11479364552	-132.8115026229844	-14157.11479364552	18.752100761125188	0.2807677883779839	0.25155276368887786	0.23549882186128776	0.23218062607185053	0.11163394788275273	36.565602913142044	0.3064266253233311	0.21722016061764046	0.26132299357207633	0.19235931257337388	1.8490501809542113	-117.14462004259764	
14000	-13932.814402216854	-13780.991427922174	-151.82297429468056	-13780.991427922174	18.752100761125188	0.28401670818457364	0.2539782501385649	0.22982441560501093	0.23218062607185053	0.11163394788275273	66.3065502972193	0.3064266253233311	0.20912287224440834	0.2201302806397395	0.1273865604413458	2.9087420610181813	-133.91952649278625	
15000	-13600.596501205437	-13407.326162475565	-193.27033872987178	-13407.326162475565	18.752100761125188	0.28401670818457364	0.2539782501385649	0.22982441560501093	0.23218062607185053	0.11163394788275273	97.6250582647494	0.3064266253233311	0.08670113021442527	0.2201302806397395	0.1273865604413458	4.688052818543215	-173.80484016385688	
16000	-13293.212832584635	-13087.532455941759	-205.6803766428766	-13087.532455941759	18.79922448827705	0.28069772129092485	0.2539782501385649	0.2331434024986597	0.23218062607185053	0.06823887172282453	97.6250582647494	0.25818991043888634	0.08670113021442527	0.18345871920657314	0.1273865604413458	4.307484775763748	-187.11580902871043	
17000	-13046.811646649472	-12816.41770336284	-230.39394328663099	-12816.41770336284	18.79922448827705	0.28069772129092485	0.2601518514316401	0.22144083072831106	0.237709596549124	0.072957532955248	158.2590685128355	0.15661455801837357	0.08670113021442527	0.12451784327514953	0.1273865604413458	5.599900555126008	-208.87147192332785	
18000	-12996.956582239502	-12756.80562348123	-240.15095875827183	-12756.80562348123	18.81099484828546	0.2907884434764467	0.2601518514316401	0.2205980068871636	0.22846169820474954	0.072957532955248	158.2590685128355	0.15661455801837357	0.08670113021442527	0.11642414311286016	0.1273865604413458	7.4630490888043335	-218.40593019025656	
19000	-12921.719687569024	-12670.221697195102	-251.49799037392282	-12670.221697195102	18.81099484828546	0.2907884434764467	0.2651284824985177	0.217835552246583	0.2262475217784525	0.07219279370687769	158.2590685128355	0.15661455801837357	0.08670113021442527	0.11642414311286016	0.1273865604413458	8.617581000013693	-229.61920835247034	
20000	-12841.73030114132	-12577.960534244137	-263.7697668971839	-12577.960534244137	18.81099484828546	0.2907884434764467	0.2632834003686493	0.21968063437645147	0.2262475217784525	0.07219279370687769	214.22585024765996	0.15661455801837357	0.08670113021442527	0.12196079847360809	0.1273865604413458	10.111843034025844	-238.60039487883128	
21000	-12720.212321415234	-12449.678138702047	-270.53418271318753	-12449.678138702047	18.81099484828546	0.2907884434764467	0.2632834003686493	0.21968063437645147	0.2262475217784525	0.07219279370687769	214.22585024765996	0.15661455801837357	0.08670113021442527	0.12196079847360809	0.14119295879591354	11.628139906318244	-245.2112835965503	
22000	-12685.713867186105	-12410.467683497056	-275.246183689048	-12410.467683497056	18.81099484828546	0.2907884434764467	0.2632834003686493	0.21968063437645147	0.2262475217784525	0.07219279370687769	256.17337879050075	0.15661455801837357	0.08670113021442527	0.17484120863710004	0.14119295879591354	10.775745077883165	-247.38469828785497	
23000	-12696.822986273617	-12419.484868761521	-277.3381175120966	-12419.484868761521	18.81099484828546	0.2907884434764467	0.2632834003686493	0.21968063437645147	0.2262475217784525	0.07219279370687769	256.17337879050075	0.15661455801837357	0.11152614684653364	0.17484120863710004	0.14119295879591354	14.481136375749287	-248.93939799131346	
24000	-12662.877833516364	-12382.482515828076	-280.3953176882873	-12382.482515828076	18.81099484828546	0.284959576423651	0.2712797796275594	0.21968063437645147	0.22408000957233812	0.07219279370687769	267.33233140489193	0.11109430911699589	0.11152614684653364	0.17484120863710004	0.14119295879591354	11.116781960942966	-251.99332523572386	
25000	-12604.540443023256	-12322.914267690077	-281.6261753331778	-12322.914267690077	18.82191131978293	0.2905053827546823	0.2712797796275594	0.21968063437645147	0.2185342032413068	0.05731651118671321	267.33233140489193	0.11109430911699589	0.11152614684653364	0.17484120863710004	0.14119295879591354	11.070353696510857	-253.4490695871357	
26000	-12607.618047298489	-12322.048758384619	-285.56928891387	-12322.048758384619	18.82191131978293	0.2905053827546823	0.2712797796275594	0.21968063437645147	0.2185342032413068	0.05731651118671321	267.33233140489193	0.11109430911699589	0.11152614684653364	0.17484120863710004	0.13751437736708416	9.834177283446849	-257.5142686499411	
27000	-12591.309503266033	-12303.909724563178	-287.39977870285514	-12303.909724563178	19.165260275216575	0.28424569139884004	0.2687901373183652	0.21968063437645147	0.2272835369063432	0.06872956528323074	272.5007298066725	0.11109430911699589	0.14551582426015366	0.17484120863710004	0.13751437736708416	17.12066456850906	-258.08394889514256	
28000	-12589.136157967332	-12301.33743226963	-287.7987256977021	-12301.33743226963	19.165260275216575	0.28424569139884004	0.2687901373183652	0.21968063437645147	0.2272835369063432	0.07682119964229168	272.5007298066725	0.11109430911699589	0.14551582426015366	0.17484120863710004	0.13751437736708416	11.752258999555306	-258.7525913173717	
29000	-12600.255357766	-12310.029835040872	-290.2255227251288	-12310.029835040872	19.165260275216575	0.28281877443873477	0.2702170542784705	0.21968063437645147	0.2272835369063432	0.07682119964229168	272.5007298066725	0.11109430911699589	0.14551582426015366	0.14143281990543094	0.13751437736708416	15.178841590609546	-261.128322885523	
30000	-12599.160939672094	-12306.414911864324	-292.74602780776985	-12306.414911864324	18.79039309375475	0.28281877443873477	0.2702170542784705	0.21968063437645147	0.2272835369063432	0.08896272180185719	272.5007298066725	0.14683630805428463	0.14551582426015366	0.17416362728647694	0.13751437736708416	19.284021713155678	-262.7992382965129	
31000	-12591.22438812991	-12302.319640272006	-288.904747857903	-12302.319640272006	18.79039309375475	0.2766801689738824	0.2763556597433228	0.21968063437645147	0.2272835369063432	0.08896272180185719	272.5007298066725	0.14683630805428463	0.14551582426015366	0.19578189970316356	0.13751437736708416	15.37466506390959	-259.07119661586194	
32000	-12595.850133050948	-12302.127649088208	-293.7224839627401	-12302.127649088208	18.767599249926864	0.2766801689738824	0.27360719846919257	0.21968063437645147	0.23003199818047346	0.0910578751073466	272.5007298066725	0.14683630805428463	0.1293547929104521	0.23233304249607153	0.13751437736708416	14.220684413449204	-263.891821219401	
33000	-12592.823503752314	-12301.69333744322	-291.13016630909374	-12301.69333744322	18.767599249926864	0.27133488025754365	0.27360719846919257	0.2250259230927902	0.23003199818047346	0.0910578751073466	352.6297436842533	0.14683630805428463	0.13723249467102103	0.23233304249607153	0.13751437736708416	14.996258682895311	-256.9381117546831	
34000	-12587.148930682113	-12291.386678248373	-295.7622524337398	-12291.386678248373	18.812432433024632	0.27133488025754365	0.28007760133948156	0.2250259230927902	0.22356159531018446	0.0910578751073466	352.6297436842533	0.14683630805428463	0.13723249467102103	0.23233304249607153	0.13751437736708416	14.681790639381664	-261.5913906342733	
35000	-12595.828345286925	-12297.750764443585	-298.0775808433417	-12297.750764443585	18.812432433024632	0.27133488025754365	0.28101130614166114	0.22409221829061063	0.22356159531018446	0.0910578751073466	346.4507697380367	0.14683630805428463	0.13723249467102103	0.23233304249607153	0.13751437736708416	12.226365916095036	-264.4154749718665	
36000	-12595.482851704546	-12298.207669226469	-297.27518247807683	-12298.207669226469	18.82789454356609	0.27133488025754365	0.27739825453671324	0.22409221829061063	0.2271746469151324	0.0910578751073466	346.4507697380367	0.14683630805428463	0.13723249467102103	0.23233304249607153	0.13751437736708416	16.78250126112057	-263.29633461512327	
