doing runs/s100_exp_subset_exp.trees
./get_phylogs_all.sh: ./make_phylogs.py: /Users/sebastianducheneAIr/anaconda/bin/python: bad interpreter: No such file or directory
doing runs/s100_strict_subset_exp.trees
./get_phylogs_all.sh: ./make_phylogs.py: /Users/sebastianducheneAIr/anaconda/bin/python: bad interpreter: No such file or directory
doing runs/s100_ucld_subset_exp.trees
./get_phylogs_all.sh: ./make_phylogs.py: /Users/sebastianducheneAIr/anaconda/bin/python: bad interpreter: No such file or directory
doing runs/s10_exp_subset_exp.trees
./get_phylogs_all.sh: ./make_phylogs.py: /Users/sebastianducheneAIr/anaconda/bin/python: bad interpreter: No such file or directory
doing runs/s10_strict_subset_exp.trees
./get_phylogs_all.sh: ./make_phylogs.py: /Users/sebastianducheneAIr/anaconda/bin/python: bad interpreter: No such file or directory
doing runs/s10_ucld_subset_exp.trees
./get_phylogs_all.sh: ./make_phylogs.py: /Users/sebastianducheneAIr/anaconda/bin/python: bad interpreter: No such file or directory
doing runs/s11_exp_subset_exp.trees
./get_phylogs_all.sh: ./make_phylogs.py: /Users/sebastianducheneAIr/anaconda/bin/python: bad interpreter: No such file or directory
doing runs/s11_strict_subset_exp.trees
./get_phylogs_all.sh: ./make_phylogs.py: /Users/sebastianducheneAIr/anaconda/bin/python: bad interpreter: No such file or directory
doing runs/s11_ucld_subset_exp.trees
./get_phylogs_all.sh: ./make_phylogs.py: /Users/sebastianducheneAIr/anaconda/bin/python: bad interpreter: No such file or directory
doing runs/s12_exp_subset_exp.trees
./get_phylogs_all.sh: ./make_phylogs.py: /Users/sebastianducheneAIr/anaconda/bin/python: bad interpreter: No such file or directory
doing runs/s12_strict_subset_exp.trees
./get_phylogs_all.sh: ./make_phylogs.py: /Users/sebastianducheneAIr/anaconda/bin/python: bad interpreter: No such file or directory
doing runs/s12_ucld_subset_exp.trees
./get_phylogs_all.sh: ./make_phylogs.py: /Users/sebastianducheneAIr/anaconda/bin/python: bad interpreter: No such file or directory
doing runs/s13_exp_subset_exp.trees
./get_phylogs_all.sh: ./make_phylogs.py: /Users/sebastianducheneAIr/anaconda/bin/python: bad interpreter: No such file or directory
doing runs/s13_strict_subset_exp.trees
./get_phylogs_all.sh: ./make_phylogs.py: /Users/sebastianducheneAIr/anaconda/bin/python: bad interpreter: No such file or directory
doing runs/s13_ucld_subset_exp.trees
./get_phylogs_all.sh: ./make_phylogs.py: /Users/sebastianducheneAIr/anaconda/bin/python: bad interpreter: No such file or directory
doing runs/s14_exp_subset_exp.trees
./get_phylogs_all.sh: ./make_phylogs.py: /Users/sebastianducheneAIr/anaconda/bin/python: bad interpreter: No such file or directory
doing runs/s14_strict_subset_exp.trees
./get_phylogs_all.sh: ./make_phylogs.py: /Users/sebastianducheneAIr/anaconda/bin/python: bad interpreter: No such file or directory
doing runs/s14_ucld_subset_exp.trees
./get_phylogs_all.sh: ./make_phylogs.py: /Users/sebastianducheneAIr/anaconda/bin/python: bad interpreter: No such file or directory
doing runs/s15_exp_subset_exp.trees
./get_phylogs_all.sh: ./make_phylogs.py: /Users/sebastianducheneAIr/anaconda/bin/python: bad interpreter: No such file or directory
doing runs/s15_strict_subset_exp.trees
./get_phylogs_all.sh: ./make_phylogs.py: /Users/sebastianducheneAIr/anaconda/bin/python: bad interpreter: No such file or directory
doing runs/s15_ucld_subset_exp.trees
./get_phylogs_all.sh: ./make_phylogs.py: /Users/sebastianducheneAIr/anaconda/bin/python: bad interpreter: No such file or directory
doing runs/s16_exp_subset_exp.trees
./get_phylogs_all.sh: ./make_phylogs.py: /Users/sebastianducheneAIr/anaconda/bin/python: bad interpreter: No such file or directory
doing runs/s16_strict_subset_exp.trees
./get_phylogs_all.sh: ./make_phylogs.py: /Users/sebastianducheneAIr/anaconda/bin/python: bad interpreter: No such file or directory
doing runs/s16_ucld_subset_exp.trees
./get_phylogs_all.sh: ./make_phylogs.py: /Users/sebastianducheneAIr/anaconda/bin/python: bad interpreter: No such file or directory
doing runs/s17_exp_subset_exp.trees
./get_phylogs_all.sh: ./make_phylogs.py: /Users/sebastianducheneAIr/anaconda/bin/python: bad interpreter: No such file or directory
doing runs/s17_strict_subset_exp.trees
./get_phylogs_all.sh: ./make_phylogs.py: /Users/sebastianducheneAIr/anaconda/bin/python: bad interpreter: No such file or directory
doing runs/s17_ucld_subset_exp.trees
./get_phylogs_all.sh: ./make_phylogs.py: /Users/sebastianducheneAIr/anaconda/bin/python: bad interpreter: No such file or directory
doing runs/s18_exp_subset_exp.trees
./get_phylogs_all.sh: ./make_phylogs.py: /Users/sebastianducheneAIr/anaconda/bin/python: bad interpreter: No such file or directory
doing runs/s18_strict_subset_exp.trees
./get_phylogs_all.sh: ./make_phylogs.py: /Users/sebastianducheneAIr/anaconda/bin/python: bad interpreter: No such file or directory
doing runs/s18_ucld_subset_exp.trees
./get_phylogs_all.sh: ./make_phylogs.py: /Users/sebastianducheneAIr/anaconda/bin/python: bad interpreter: No such file or directory
doing runs/s19_exp_subset_exp.trees
./get_phylogs_all.sh: ./make_phylogs.py: /Users/sebastianducheneAIr/anaconda/bin/python: bad interpreter: No such file or directory
doing runs/s19_strict_subset_exp.trees
./get_phylogs_all.sh: ./make_phylogs.py: /Users/sebastianducheneAIr/anaconda/bin/python: bad interpreter: No such file or directory
doing runs/s19_ucld_subset_exp.trees
./get_phylogs_all.sh: ./make_phylogs.py: /Users/sebastianducheneAIr/anaconda/bin/python: bad interpreter: No such file or directory
doing runs/s1_exp_subset_exp.trees
./get_phylogs_all.sh: ./make_phylogs.py: /Users/sebastianducheneAIr/anaconda/bin/python: bad interpreter: No such file or directory
doing runs/s1_strict_subset_exp.trees
./get_phylogs_all.sh: ./make_phylogs.py: /Users/sebastianducheneAIr/anaconda/bin/python: bad interpreter: No such file or directory
doing runs/s1_ucld_subset_exp.trees
./get_phylogs_all.sh: ./make_phylogs.py: /Users/sebastianducheneAIr/anaconda/bin/python: bad interpreter: No such file or directory
doing runs/s20_exp_subset_exp.trees
./get_phylogs_all.sh: ./make_phylogs.py: /Users/sebastianducheneAIr/anaconda/bin/python: bad interpreter: No such file or directory
doing runs/s20_strict_subset_exp.trees
./get_phylogs_all.sh: ./make_phylogs.py: /Users/sebastianducheneAIr/anaconda/bin/python: bad interpreter: No such file or directory
doing runs/s20_ucld_subset_exp.trees
./get_phylogs_all.sh: ./make_phylogs.py: /Users/sebastianducheneAIr/anaconda/bin/python: bad interpreter: No such file or directory
doing runs/s21_exp_subset_exp.trees
./get_phylogs_all.sh: ./make_phylogs.py: /Users/sebastianducheneAIr/anaconda/bin/python: bad interpreter: No such file or directory
doing runs/s21_strict_subset_exp.trees
./get_phylogs_all.sh: ./make_phylogs.py: /Users/sebastianducheneAIr/anaconda/bin/python: bad interpreter: No such file or directory
doing runs/s21_ucld_subset_exp.trees
./get_phylogs_all.sh: ./make_phylogs.py: /Users/sebastianducheneAIr/anaconda/bin/python: bad interpreter: No such file or directory
doing runs/s22_exp_subset_exp.trees
./get_phylogs_all.sh: ./make_phylogs.py: /Users/sebastianducheneAIr/anaconda/bin/python: bad interpreter: No such file or directory
doing runs/s22_strict_subset_exp.trees
./get_phylogs_all.sh: ./make_phylogs.py: /Users/sebastianducheneAIr/anaconda/bin/python: bad interpreter: No such file or directory
doing runs/s22_ucld_subset_exp.trees
./get_phylogs_all.sh: ./make_phylogs.py: /Users/sebastianducheneAIr/anaconda/bin/python: bad interpreter: No such file or directory
doing runs/s23_exp_subset_exp.trees
./get_phylogs_all.sh: ./make_phylogs.py: /Users/sebastianducheneAIr/anaconda/bin/python: bad interpreter: No such file or directory
doing runs/s23_strict_subset_exp.trees
./get_phylogs_all.sh: ./make_phylogs.py: /Users/sebastianducheneAIr/anaconda/bin/python: bad interpreter: No such file or directory
doing runs/s23_ucld_subset_exp.trees
./get_phylogs_all.sh: ./make_phylogs.py: /Users/sebastianducheneAIr/anaconda/bin/python: bad interpreter: No such file or directory
doing runs/s24_exp_subset_exp.trees
./get_phylogs_all.sh: ./make_phylogs.py: /Users/sebastianducheneAIr/anaconda/bin/python: bad interpreter: No such file or directory
doing runs/s24_strict_subset_exp.trees
./get_phylogs_all.sh: ./make_phylogs.py: /Users/sebastianducheneAIr/anaconda/bin/python: bad interpreter: No such file or directory
doing runs/s24_ucld_subset_exp.trees
./get_phylogs_all.sh: ./make_phylogs.py: /Users/sebastianducheneAIr/anaconda/bin/python: bad interpreter: No such file or directory
doing runs/s25_exp_subset_exp.trees
./get_phylogs_all.sh: ./make_phylogs.py: /Users/sebastianducheneAIr/anaconda/bin/python: bad interpreter: No such file or directory
doing runs/s25_strict_subset_exp.trees
./get_phylogs_all.sh: ./make_phylogs.py: /Users/sebastianducheneAIr/anaconda/bin/python: bad interpreter: No such file or directory
doing runs/s25_ucld_subset_exp.trees
./get_phylogs_all.sh: ./make_phylogs.py: /Users/sebastianducheneAIr/anaconda/bin/python: bad interpreter: No such file or directory
doing runs/s26_exp_subset_exp.trees
./get_phylogs_all.sh: ./make_phylogs.py: /Users/sebastianducheneAIr/anaconda/bin/python: bad interpreter: No such file or directory
doing runs/s26_strict_subset_exp.trees
./get_phylogs_all.sh: ./make_phylogs.py: /Users/sebastianducheneAIr/anaconda/bin/python: bad interpreter: No such file or directory
doing runs/s26_ucld_subset_exp.trees
./get_phylogs_all.sh: ./make_phylogs.py: /Users/sebastianducheneAIr/anaconda/bin/python: bad interpreter: No such file or directory
doing runs/s27_exp_subset_exp.trees
./get_phylogs_all.sh: ./make_phylogs.py: /Users/sebastianducheneAIr/anaconda/bin/python: bad interpreter: No such file or directory
doing runs/s27_strict_subset_exp.trees
./get_phylogs_all.sh: ./make_phylogs.py: /Users/sebastianducheneAIr/anaconda/bin/python: bad interpreter: No such file or directory
doing runs/s27_ucld_subset_exp.trees
./get_phylogs_all.sh: ./make_phylogs.py: /Users/sebastianducheneAIr/anaconda/bin/python: bad interpreter: No such file or directory
doing runs/s28_exp_subset_exp.trees
./get_phylogs_all.sh: ./make_phylogs.py: /Users/sebastianducheneAIr/anaconda/bin/python: bad interpreter: No such file or directory
doing runs/s28_strict_subset_exp.trees
./get_phylogs_all.sh: ./make_phylogs.py: /Users/sebastianducheneAIr/anaconda/bin/python: bad interpreter: No such file or directory
doing runs/s28_ucld_subset_exp.trees
./get_phylogs_all.sh: ./make_phylogs.py: /Users/sebastianducheneAIr/anaconda/bin/python: bad interpreter: No such file or directory
doing runs/s29_exp_subset_exp.trees
./get_phylogs_all.sh: ./make_phylogs.py: /Users/sebastianducheneAIr/anaconda/bin/python: bad interpreter: No such file or directory
doing runs/s29_strict_subset_exp.trees
./get_phylogs_all.sh: ./make_phylogs.py: /Users/sebastianducheneAIr/anaconda/bin/python: bad interpreter: No such file or directory
doing runs/s29_ucld_subset_exp.trees
./get_phylogs_all.sh: ./make_phylogs.py: /Users/sebastianducheneAIr/anaconda/bin/python: bad interpreter: No such file or directory
doing runs/s2_exp_subset_exp.trees
./get_phylogs_all.sh: ./make_phylogs.py: /Users/sebastianducheneAIr/anaconda/bin/python: bad interpreter: No such file or directory
doing runs/s2_strict_subset_exp.trees
./get_phylogs_all.sh: ./make_phylogs.py: /Users/sebastianducheneAIr/anaconda/bin/python: bad interpreter: No such file or directory
doing runs/s2_ucld_subset_exp.trees
./get_phylogs_all.sh: ./make_phylogs.py: /Users/sebastianducheneAIr/anaconda/bin/python: bad interpreter: No such file or directory
doing runs/s30_exp_subset_exp.trees
./get_phylogs_all.sh: ./make_phylogs.py: /Users/sebastianducheneAIr/anaconda/bin/python: bad interpreter: No such file or directory
doing runs/s30_strict_subset_exp.trees
./get_phylogs_all.sh: ./make_phylogs.py: /Users/sebastianducheneAIr/anaconda/bin/python: bad interpreter: No such file or directory
doing runs/s30_ucld_subset_exp.trees
./get_phylogs_all.sh: ./make_phylogs.py: /Users/sebastianducheneAIr/anaconda/bin/python: bad interpreter: No such file or directory
doing runs/s31_exp_subset_exp.trees
./get_phylogs_all.sh: ./make_phylogs.py: /Users/sebastianducheneAIr/anaconda/bin/python: bad interpreter: No such file or directory
doing runs/s31_strict_subset_exp.trees
./get_phylogs_all.sh: ./make_phylogs.py: /Users/sebastianducheneAIr/anaconda/bin/python: bad interpreter: No such file or directory
doing runs/s31_ucld_subset_exp.trees
./get_phylogs_all.sh: ./make_phylogs.py: /Users/sebastianducheneAIr/anaconda/bin/python: bad interpreter: No such file or directory
doing runs/s32_exp_subset_exp.trees
./get_phylogs_all.sh: ./make_phylogs.py: /Users/sebastianducheneAIr/anaconda/bin/python: bad interpreter: No such file or directory
doing runs/s32_strict_subset_exp.trees
./get_phylogs_all.sh: ./make_phylogs.py: /Users/sebastianducheneAIr/anaconda/bin/python: bad interpreter: No such file or directory
doing runs/s32_ucld_subset_exp.trees
./get_phylogs_all.sh: ./make_phylogs.py: /Users/sebastianducheneAIr/anaconda/bin/python: bad interpreter: No such file or directory
doing runs/s33_exp_subset_exp.trees
./get_phylogs_all.sh: ./make_phylogs.py: /Users/sebastianducheneAIr/anaconda/bin/python: bad interpreter: No such file or directory
doing runs/s33_strict_subset_exp.trees
./get_phylogs_all.sh: ./make_phylogs.py: /Users/sebastianducheneAIr/anaconda/bin/python: bad interpreter: No such file or directory
doing runs/s33_ucld_subset_exp.trees
./get_phylogs_all.sh: ./make_phylogs.py: /Users/sebastianducheneAIr/anaconda/bin/python: bad interpreter: No such file or directory
doing runs/s34_exp_subset_exp.trees
./get_phylogs_all.sh: ./make_phylogs.py: /Users/sebastianducheneAIr/anaconda/bin/python: bad interpreter: No such file or directory
doing runs/s34_strict_subset_exp.trees
./get_phylogs_all.sh: ./make_phylogs.py: /Users/sebastianducheneAIr/anaconda/bin/python: bad interpreter: No such file or directory
doing runs/s34_ucld_subset_exp.trees
./get_phylogs_all.sh: ./make_phylogs.py: /Users/sebastianducheneAIr/anaconda/bin/python: bad interpreter: No such file or directory
doing runs/s35_exp_subset_exp.trees
./get_phylogs_all.sh: ./make_phylogs.py: /Users/sebastianducheneAIr/anaconda/bin/python: bad interpreter: No such file or directory
doing runs/s35_strict_subset_exp.trees
./get_phylogs_all.sh: ./make_phylogs.py: /Users/sebastianducheneAIr/anaconda/bin/python: bad interpreter: No such file or directory
doing runs/s35_ucld_subset_exp.trees
./get_phylogs_all.sh: ./make_phylogs.py: /Users/sebastianducheneAIr/anaconda/bin/python: bad interpreter: No such file or directory
doing runs/s36_exp_subset_exp.trees
./get_phylogs_all.sh: ./make_phylogs.py: /Users/sebastianducheneAIr/anaconda/bin/python: bad interpreter: No such file or directory
doing runs/s36_strict_subset_exp.trees
./get_phylogs_all.sh: ./make_phylogs.py: /Users/sebastianducheneAIr/anaconda/bin/python: bad interpreter: No such file or directory
doing runs/s36_ucld_subset_exp.trees
./get_phylogs_all.sh: ./make_phylogs.py: /Users/sebastianducheneAIr/anaconda/bin/python: bad interpreter: No such file or directory
doing runs/s37_exp_subset_exp.trees
./get_phylogs_all.sh: ./make_phylogs.py: /Users/sebastianducheneAIr/anaconda/bin/python: bad interpreter: No such file or directory
doing runs/s37_strict_subset_exp.trees
./get_phylogs_all.sh: ./make_phylogs.py: /Users/sebastianducheneAIr/anaconda/bin/python: bad interpreter: No such file or directory
doing runs/s37_ucld_subset_exp.trees
./get_phylogs_all.sh: ./make_phylogs.py: /Users/sebastianducheneAIr/anaconda/bin/python: bad interpreter: No such file or directory
doing runs/s38_exp_subset_exp.trees
./get_phylogs_all.sh: ./make_phylogs.py: /Users/sebastianducheneAIr/anaconda/bin/python: bad interpreter: No such file or directory
doing runs/s38_strict_subset_exp.trees
./get_phylogs_all.sh: ./make_phylogs.py: /Users/sebastianducheneAIr/anaconda/bin/python: bad interpreter: No such file or directory
doing runs/s38_ucld_subset_exp.trees
./get_phylogs_all.sh: ./make_phylogs.py: /Users/sebastianducheneAIr/anaconda/bin/python: bad interpreter: No such file or directory
doing runs/s39_exp_subset_exp.trees
./get_phylogs_all.sh: ./make_phylogs.py: /Users/sebastianducheneAIr/anaconda/bin/python: bad interpreter: No such file or directory
doing runs/s39_strict_subset_exp.trees
./get_phylogs_all.sh: ./make_phylogs.py: /Users/sebastianducheneAIr/anaconda/bin/python: bad interpreter: No such file or directory
doing runs/s39_ucld_subset_exp.trees
./get_phylogs_all.sh: ./make_phylogs.py: /Users/sebastianducheneAIr/anaconda/bin/python: bad interpreter: No such file or directory
doing runs/s3_exp_subset_exp.trees
./get_phylogs_all.sh: ./make_phylogs.py: /Users/sebastianducheneAIr/anaconda/bin/python: bad interpreter: No such file or directory
doing runs/s3_strict_subset_exp.trees
./get_phylogs_all.sh: ./make_phylogs.py: /Users/sebastianducheneAIr/anaconda/bin/python: bad interpreter: No such file or directory
doing runs/s3_ucld_subset_exp.trees
./get_phylogs_all.sh: ./make_phylogs.py: /Users/sebastianducheneAIr/anaconda/bin/python: bad interpreter: No such file or directory
doing runs/s40_exp_subset_exp.trees
./get_phylogs_all.sh: ./make_phylogs.py: /Users/sebastianducheneAIr/anaconda/bin/python: bad interpreter: No such file or directory
doing runs/s40_strict_subset_exp.trees
./get_phylogs_all.sh: ./make_phylogs.py: /Users/sebastianducheneAIr/anaconda/bin/python: bad interpreter: No such file or directory
doing runs/s40_ucld_subset_exp.trees
./get_phylogs_all.sh: ./make_phylogs.py: /Users/sebastianducheneAIr/anaconda/bin/python: bad interpreter: No such file or directory
doing runs/s41_exp_subset_exp.trees
./get_phylogs_all.sh: ./make_phylogs.py: /Users/sebastianducheneAIr/anaconda/bin/python: bad interpreter: No such file or directory
doing runs/s41_strict_subset_exp.trees
./get_phylogs_all.sh: ./make_phylogs.py: /Users/sebastianducheneAIr/anaconda/bin/python: bad interpreter: No such file or directory
doing runs/s41_ucld_subset_exp.trees
./get_phylogs_all.sh: ./make_phylogs.py: /Users/sebastianducheneAIr/anaconda/bin/python: bad interpreter: No such file or directory
doing runs/s42_exp_subset_exp.trees
./get_phylogs_all.sh: ./make_phylogs.py: /Users/sebastianducheneAIr/anaconda/bin/python: bad interpreter: No such file or directory
doing runs/s42_strict_subset_exp.trees
./get_phylogs_all.sh: ./make_phylogs.py: /Users/sebastianducheneAIr/anaconda/bin/python: bad interpreter: No such file or directory
doing runs/s42_ucld_subset_exp.trees
./get_phylogs_all.sh: ./make_phylogs.py: /Users/sebastianducheneAIr/anaconda/bin/python: bad interpreter: No such file or directory
doing runs/s43_exp_subset_exp.trees
./get_phylogs_all.sh: ./make_phylogs.py: /Users/sebastianducheneAIr/anaconda/bin/python: bad interpreter: No such file or directory
doing runs/s43_strict_subset_exp.trees
./get_phylogs_all.sh: ./make_phylogs.py: /Users/sebastianducheneAIr/anaconda/bin/python: bad interpreter: No such file or directory
doing runs/s43_ucld_subset_exp.trees
./get_phylogs_all.sh: ./make_phylogs.py: /Users/sebastianducheneAIr/anaconda/bin/python: bad interpreter: No such file or directory
doing runs/s44_exp_subset_exp.trees
./get_phylogs_all.sh: ./make_phylogs.py: /Users/sebastianducheneAIr/anaconda/bin/python: bad interpreter: No such file or directory
doing runs/s44_strict_subset_exp.trees
./get_phylogs_all.sh: ./make_phylogs.py: /Users/sebastianducheneAIr/anaconda/bin/python: bad interpreter: No such file or directory
doing runs/s44_ucld_subset_exp.trees
./get_phylogs_all.sh: ./make_phylogs.py: /Users/sebastianducheneAIr/anaconda/bin/python: bad interpreter: No such file or directory
doing runs/s45_exp_subset_exp.trees
./get_phylogs_all.sh: ./make_phylogs.py: /Users/sebastianducheneAIr/anaconda/bin/python: bad interpreter: No such file or directory
doing runs/s45_strict_subset_exp.trees
./get_phylogs_all.sh: ./make_phylogs.py: /Users/sebastianducheneAIr/anaconda/bin/python: bad interpreter: No such file or directory
doing runs/s45_ucld_subset_exp.trees
./get_phylogs_all.sh: ./make_phylogs.py: /Users/sebastianducheneAIr/anaconda/bin/python: bad interpreter: No such file or directory
doing runs/s46_exp_subset_exp.trees
./get_phylogs_all.sh: ./make_phylogs.py: /Users/sebastianducheneAIr/anaconda/bin/python: bad interpreter: No such file or directory
doing runs/s46_strict_subset_exp.trees
./get_phylogs_all.sh: ./make_phylogs.py: /Users/sebastianducheneAIr/anaconda/bin/python: bad interpreter: No such file or directory
doing runs/s46_ucld_subset_exp.trees
./get_phylogs_all.sh: ./make_phylogs.py: /Users/sebastianducheneAIr/anaconda/bin/python: bad interpreter: No such file or directory
doing runs/s47_exp_subset_exp.trees
./get_phylogs_all.sh: ./make_phylogs.py: /Users/sebastianducheneAIr/anaconda/bin/python: bad interpreter: No such file or directory
doing runs/s47_strict_subset_exp.trees
./get_phylogs_all.sh: ./make_phylogs.py: /Users/sebastianducheneAIr/anaconda/bin/python: bad interpreter: No such file or directory
doing runs/s47_ucld_subset_exp.trees
./get_phylogs_all.sh: ./make_phylogs.py: /Users/sebastianducheneAIr/anaconda/bin/python: bad interpreter: No such file or directory
doing runs/s48_exp_subset_exp.trees
./get_phylogs_all.sh: ./make_phylogs.py: /Users/sebastianducheneAIr/anaconda/bin/python: bad interpreter: No such file or directory
doing runs/s48_strict_subset_exp.trees
./get_phylogs_all.sh: ./make_phylogs.py: /Users/sebastianducheneAIr/anaconda/bin/python: bad interpreter: No such file or directory
doing runs/s48_ucld_subset_exp.trees
./get_phylogs_all.sh: ./make_phylogs.py: /Users/sebastianducheneAIr/anaconda/bin/python: bad interpreter: No such file or directory
doing runs/s49_exp_subset_exp.trees
./get_phylogs_all.sh: ./make_phylogs.py: /Users/sebastianducheneAIr/anaconda/bin/python: bad interpreter: No such file or directory
doing runs/s49_strict_subset_exp.trees
./get_phylogs_all.sh: ./make_phylogs.py: /Users/sebastianducheneAIr/anaconda/bin/python: bad interpreter: No such file or directory
doing runs/s49_ucld_subset_exp.trees
./get_phylogs_all.sh: ./make_phylogs.py: /Users/sebastianducheneAIr/anaconda/bin/python: bad interpreter: No such file or directory
doing runs/s4_exp_subset_exp.trees
./get_phylogs_all.sh: ./make_phylogs.py: /Users/sebastianducheneAIr/anaconda/bin/python: bad interpreter: No such file or directory
doing runs/s4_strict_subset_exp.trees
./get_phylogs_all.sh: ./make_phylogs.py: /Users/sebastianducheneAIr/anaconda/bin/python: bad interpreter: No such file or directory
doing runs/s4_ucld_subset_exp.trees
./get_phylogs_all.sh: ./make_phylogs.py: /Users/sebastianducheneAIr/anaconda/bin/python: bad interpreter: No such file or directory
doing runs/s50_exp_subset_exp.trees
./get_phylogs_all.sh: ./make_phylogs.py: /Users/sebastianducheneAIr/anaconda/bin/python: bad interpreter: No such file or directory
doing runs/s50_strict_subset_exp.trees
./get_phylogs_all.sh: ./make_phylogs.py: /Users/sebastianducheneAIr/anaconda/bin/python: bad interpreter: No such file or directory
doing runs/s50_ucld_subset_exp.trees
./get_phylogs_all.sh: ./make_phylogs.py: /Users/sebastianducheneAIr/anaconda/bin/python: bad interpreter: No such file or directory
doing runs/s51_exp_subset_exp.trees
./get_phylogs_all.sh: ./make_phylogs.py: /Users/sebastianducheneAIr/anaconda/bin/python: bad interpreter: No such file or directory
doing runs/s51_strict_subset_exp.trees
./get_phylogs_all.sh: ./make_phylogs.py: /Users/sebastianducheneAIr/anaconda/bin/python: bad interpreter: No such file or directory
doing runs/s51_ucld_subset_exp.trees
./get_phylogs_all.sh: ./make_phylogs.py: /Users/sebastianducheneAIr/anaconda/bin/python: bad interpreter: No such file or directory
doing runs/s52_exp_subset_exp.trees
./get_phylogs_all.sh: ./make_phylogs.py: /Users/sebastianducheneAIr/anaconda/bin/python: bad interpreter: No such file or directory
doing runs/s52_strict_subset_exp.trees
./get_phylogs_all.sh: ./make_phylogs.py: /Users/sebastianducheneAIr/anaconda/bin/python: bad interpreter: No such file or directory
doing runs/s52_ucld_subset_exp.trees
./get_phylogs_all.sh: ./make_phylogs.py: /Users/sebastianducheneAIr/anaconda/bin/python: bad interpreter: No such file or directory
doing runs/s53_exp_subset_exp.trees
./get_phylogs_all.sh: ./make_phylogs.py: /Users/sebastianducheneAIr/anaconda/bin/python: bad interpreter: No such file or directory
doing runs/s53_strict_subset_exp.trees
./get_phylogs_all.sh: ./make_phylogs.py: /Users/sebastianducheneAIr/anaconda/bin/python: bad interpreter: No such file or directory
doing runs/s53_ucld_subset_exp.trees
./get_phylogs_all.sh: ./make_phylogs.py: /Users/sebastianducheneAIr/anaconda/bin/python: bad interpreter: No such file or directory
doing runs/s54_exp_subset_exp.trees
./get_phylogs_all.sh: ./make_phylogs.py: /Users/sebastianducheneAIr/anaconda/bin/python: bad interpreter: No such file or directory
doing runs/s54_strict_subset_exp.trees
./get_phylogs_all.sh: ./make_phylogs.py: /Users/sebastianducheneAIr/anaconda/bin/python: bad interpreter: No such file or directory
doing runs/s54_ucld_subset_exp.trees
./get_phylogs_all.sh: ./make_phylogs.py: /Users/sebastianducheneAIr/anaconda/bin/python: bad interpreter: No such file or directory
doing runs/s55_exp_subset_exp.trees
./get_phylogs_all.sh: ./make_phylogs.py: /Users/sebastianducheneAIr/anaconda/bin/python: bad interpreter: No such file or directory
doing runs/s55_strict_subset_exp.trees
./get_phylogs_all.sh: ./make_phylogs.py: /Users/sebastianducheneAIr/anaconda/bin/python: bad interpreter: No such file or directory
doing runs/s55_ucld_subset_exp.trees
./get_phylogs_all.sh: ./make_phylogs.py: /Users/sebastianducheneAIr/anaconda/bin/python: bad interpreter: No such file or directory
doing runs/s56_exp_subset_exp.trees
./get_phylogs_all.sh: ./make_phylogs.py: /Users/sebastianducheneAIr/anaconda/bin/python: bad interpreter: No such file or directory
doing runs/s56_strict_subset_exp.trees
./get_phylogs_all.sh: ./make_phylogs.py: /Users/sebastianducheneAIr/anaconda/bin/python: bad interpreter: No such file or directory
doing runs/s56_ucld_subset_exp.trees
./get_phylogs_all.sh: ./make_phylogs.py: /Users/sebastianducheneAIr/anaconda/bin/python: bad interpreter: No such file or directory
doing runs/s57_exp_subset_exp.trees
./get_phylogs_all.sh: ./make_phylogs.py: /Users/sebastianducheneAIr/anaconda/bin/python: bad interpreter: No such file or directory
doing runs/s57_strict_subset_exp.trees
./get_phylogs_all.sh: ./make_phylogs.py: /Users/sebastianducheneAIr/anaconda/bin/python: bad interpreter: No such file or directory
doing runs/s57_ucld_subset_exp.trees
./get_phylogs_all.sh: ./make_phylogs.py: /Users/sebastianducheneAIr/anaconda/bin/python: bad interpreter: No such file or directory
doing runs/s58_exp_subset_exp.trees
./get_phylogs_all.sh: ./make_phylogs.py: /Users/sebastianducheneAIr/anaconda/bin/python: bad interpreter: No such file or directory
doing runs/s58_strict_subset_exp.trees
./get_phylogs_all.sh: ./make_phylogs.py: /Users/sebastianducheneAIr/anaconda/bin/python: bad interpreter: No such file or directory
doing runs/s58_ucld_subset_exp.trees
./get_phylogs_all.sh: ./make_phylogs.py: /Users/sebastianducheneAIr/anaconda/bin/python: bad interpreter: No such file or directory
doing runs/s59_exp_subset_exp.trees
./get_phylogs_all.sh: ./make_phylogs.py: /Users/sebastianducheneAIr/anaconda/bin/python: bad interpreter: No such file or directory
doing runs/s59_strict_subset_exp.trees
./get_phylogs_all.sh: ./make_phylogs.py: /Users/sebastianducheneAIr/anaconda/bin/python: bad interpreter: No such file or directory
doing runs/s59_ucld_subset_exp.trees
./get_phylogs_all.sh: ./make_phylogs.py: /Users/sebastianducheneAIr/anaconda/bin/python: bad interpreter: No such file or directory
doing runs/s5_exp_subset_exp.trees
./get_phylogs_all.sh: ./make_phylogs.py: /Users/sebastianducheneAIr/anaconda/bin/python: bad interpreter: No such file or directory
doing runs/s5_strict_subset_exp.trees
./get_phylogs_all.sh: ./make_phylogs.py: /Users/sebastianducheneAIr/anaconda/bin/python: bad interpreter: No such file or directory
doing runs/s5_ucld_subset_exp.trees
./get_phylogs_all.sh: ./make_phylogs.py: /Users/sebastianducheneAIr/anaconda/bin/python: bad interpreter: No such file or directory
doing runs/s60_exp_subset_exp.trees
./get_phylogs_all.sh: ./make_phylogs.py: /Users/sebastianducheneAIr/anaconda/bin/python: bad interpreter: No such file or directory
doing runs/s60_strict_subset_exp.trees
./get_phylogs_all.sh: ./make_phylogs.py: /Users/sebastianducheneAIr/anaconda/bin/python: bad interpreter: No such file or directory
doing runs/s60_ucld_subset_exp.trees
./get_phylogs_all.sh: ./make_phylogs.py: /Users/sebastianducheneAIr/anaconda/bin/python: bad interpreter: No such file or directory
doing runs/s61_exp_subset_exp.trees
./get_phylogs_all.sh: ./make_phylogs.py: /Users/sebastianducheneAIr/anaconda/bin/python: bad interpreter: No such file or directory
doing runs/s61_strict_subset_exp.trees
./get_phylogs_all.sh: ./make_phylogs.py: /Users/sebastianducheneAIr/anaconda/bin/python: bad interpreter: No such file or directory
doing runs/s61_ucld_subset_exp.trees
./get_phylogs_all.sh: ./make_phylogs.py: /Users/sebastianducheneAIr/anaconda/bin/python: bad interpreter: No such file or directory
doing runs/s62_exp_subset_exp.trees
./get_phylogs_all.sh: ./make_phylogs.py: /Users/sebastianducheneAIr/anaconda/bin/python: bad interpreter: No such file or directory
doing runs/s62_strict_subset_exp.trees
./get_phylogs_all.sh: ./make_phylogs.py: /Users/sebastianducheneAIr/anaconda/bin/python: bad interpreter: No such file or directory
doing runs/s62_ucld_subset_exp.trees
./get_phylogs_all.sh: ./make_phylogs.py: /Users/sebastianducheneAIr/anaconda/bin/python: bad interpreter: No such file or directory
doing runs/s63_exp_subset_exp.trees
./get_phylogs_all.sh: ./make_phylogs.py: /Users/sebastianducheneAIr/anaconda/bin/python: bad interpreter: No such file or directory
doing runs/s63_strict_subset_exp.trees
./get_phylogs_all.sh: ./make_phylogs.py: /Users/sebastianducheneAIr/anaconda/bin/python: bad interpreter: No such file or directory
doing runs/s63_ucld_subset_exp.trees
./get_phylogs_all.sh: ./make_phylogs.py: /Users/sebastianducheneAIr/anaconda/bin/python: bad interpreter: No such file or directory
doing runs/s64_exp_subset_exp.trees
./get_phylogs_all.sh: ./make_phylogs.py: /Users/sebastianducheneAIr/anaconda/bin/python: bad interpreter: No such file or directory
doing runs/s64_strict_subset_exp.trees
./get_phylogs_all.sh: ./make_phylogs.py: /Users/sebastianducheneAIr/anaconda/bin/python: bad interpreter: No such file or directory
doing runs/s64_ucld_subset_exp.trees
./get_phylogs_all.sh: ./make_phylogs.py: /Users/sebastianducheneAIr/anaconda/bin/python: bad interpreter: No such file or directory
doing runs/s65_exp_subset_exp.trees
./get_phylogs_all.sh: ./make_phylogs.py: /Users/sebastianducheneAIr/anaconda/bin/python: bad interpreter: No such file or directory
doing runs/s65_strict_subset_exp.trees
./get_phylogs_all.sh: ./make_phylogs.py: /Users/sebastianducheneAIr/anaconda/bin/python: bad interpreter: No such file or directory
doing runs/s65_ucld_subset_exp.trees
./get_phylogs_all.sh: ./make_phylogs.py: /Users/sebastianducheneAIr/anaconda/bin/python: bad interpreter: No such file or directory
doing runs/s66_exp_subset_exp.trees
./get_phylogs_all.sh: ./make_phylogs.py: /Users/sebastianducheneAIr/anaconda/bin/python: bad interpreter: No such file or directory
doing runs/s66_strict_subset_exp.trees
./get_phylogs_all.sh: ./make_phylogs.py: /Users/sebastianducheneAIr/anaconda/bin/python: bad interpreter: No such file or directory
doing runs/s66_ucld_subset_exp.trees
./get_phylogs_all.sh: ./make_phylogs.py: /Users/sebastianducheneAIr/anaconda/bin/python: bad interpreter: No such file or directory
doing runs/s67_exp_subset_exp.trees
./get_phylogs_all.sh: ./make_phylogs.py: /Users/sebastianducheneAIr/anaconda/bin/python: bad interpreter: No such file or directory
doing runs/s67_strict_subset_exp.trees
./get_phylogs_all.sh: ./make_phylogs.py: /Users/sebastianducheneAIr/anaconda/bin/python: bad interpreter: No such file or directory
doing runs/s67_ucld_subset_exp.trees
./get_phylogs_all.sh: ./make_phylogs.py: /Users/sebastianducheneAIr/anaconda/bin/python: bad interpreter: No such file or directory
doing runs/s68_exp_subset_exp.trees
./get_phylogs_all.sh: ./make_phylogs.py: /Users/sebastianducheneAIr/anaconda/bin/python: bad interpreter: No such file or directory
doing runs/s68_strict_subset_exp.trees
./get_phylogs_all.sh: ./make_phylogs.py: /Users/sebastianducheneAIr/anaconda/bin/python: bad interpreter: No such file or directory
doing runs/s68_ucld_subset_exp.trees
./get_phylogs_all.sh: ./make_phylogs.py: /Users/sebastianducheneAIr/anaconda/bin/python: bad interpreter: No such file or directory
doing runs/s69_exp_subset_exp.trees
./get_phylogs_all.sh: ./make_phylogs.py: /Users/sebastianducheneAIr/anaconda/bin/python: bad interpreter: No such file or directory
doing runs/s69_strict_subset_exp.trees
./get_phylogs_all.sh: ./make_phylogs.py: /Users/sebastianducheneAIr/anaconda/bin/python: bad interpreter: No such file or directory
doing runs/s69_ucld_subset_exp.trees
./get_phylogs_all.sh: ./make_phylogs.py: /Users/sebastianducheneAIr/anaconda/bin/python: bad interpreter: No such file or directory
doing runs/s6_exp_subset_exp.trees
./get_phylogs_all.sh: ./make_phylogs.py: /Users/sebastianducheneAIr/anaconda/bin/python: bad interpreter: No such file or directory
doing runs/s6_strict_subset_exp.trees
./get_phylogs_all.sh: ./make_phylogs.py: /Users/sebastianducheneAIr/anaconda/bin/python: bad interpreter: No such file or directory
doing runs/s6_ucld_subset_exp.trees
./get_phylogs_all.sh: ./make_phylogs.py: /Users/sebastianducheneAIr/anaconda/bin/python: bad interpreter: No such file or directory
doing runs/s70_exp_subset_exp.trees
./get_phylogs_all.sh: ./make_phylogs.py: /Users/sebastianducheneAIr/anaconda/bin/python: bad interpreter: No such file or directory
doing runs/s70_strict_subset_exp.trees
./get_phylogs_all.sh: ./make_phylogs.py: /Users/sebastianducheneAIr/anaconda/bin/python: bad interpreter: No such file or directory
doing runs/s70_ucld_subset_exp.trees
./get_phylogs_all.sh: ./make_phylogs.py: /Users/sebastianducheneAIr/anaconda/bin/python: bad interpreter: No such file or directory
doing runs/s71_exp_subset_exp.trees
./get_phylogs_all.sh: ./make_phylogs.py: /Users/sebastianducheneAIr/anaconda/bin/python: bad interpreter: No such file or directory
doing runs/s71_strict_subset_exp.trees
./get_phylogs_all.sh: ./make_phylogs.py: /Users/sebastianducheneAIr/anaconda/bin/python: bad interpreter: No such file or directory
doing runs/s71_ucld_subset_exp.trees
./get_phylogs_all.sh: ./make_phylogs.py: /Users/sebastianducheneAIr/anaconda/bin/python: bad interpreter: No such file or directory
doing runs/s72_exp_subset_exp.trees
./get_phylogs_all.sh: ./make_phylogs.py: /Users/sebastianducheneAIr/anaconda/bin/python: bad interpreter: No such file or directory
doing runs/s72_strict_subset_exp.trees
./get_phylogs_all.sh: ./make_phylogs.py: /Users/sebastianducheneAIr/anaconda/bin/python: bad interpreter: No such file or directory
doing runs/s72_ucld_subset_exp.trees
./get_phylogs_all.sh: ./make_phylogs.py: /Users/sebastianducheneAIr/anaconda/bin/python: bad interpreter: No such file or directory
doing runs/s73_exp_subset_exp.trees
./get_phylogs_all.sh: ./make_phylogs.py: /Users/sebastianducheneAIr/anaconda/bin/python: bad interpreter: No such file or directory
doing runs/s73_strict_subset_exp.trees
./get_phylogs_all.sh: ./make_phylogs.py: /Users/sebastianducheneAIr/anaconda/bin/python: bad interpreter: No such file or directory
doing runs/s73_ucld_subset_exp.trees
./get_phylogs_all.sh: ./make_phylogs.py: /Users/sebastianducheneAIr/anaconda/bin/python: bad interpreter: No such file or directory
doing runs/s74_exp_subset_exp.trees
./get_phylogs_all.sh: ./make_phylogs.py: /Users/sebastianducheneAIr/anaconda/bin/python: bad interpreter: No such file or directory
doing runs/s74_strict_subset_exp.trees
./get_phylogs_all.sh: ./make_phylogs.py: /Users/sebastianducheneAIr/anaconda/bin/python: bad interpreter: No such file or directory
doing runs/s74_ucld_subset_exp.trees
./get_phylogs_all.sh: ./make_phylogs.py: /Users/sebastianducheneAIr/anaconda/bin/python: bad interpreter: No such file or directory
doing runs/s75_exp_subset_exp.trees
./get_phylogs_all.sh: ./make_phylogs.py: /Users/sebastianducheneAIr/anaconda/bin/python: bad interpreter: No such file or directory
doing runs/s75_strict_subset_exp.trees
./get_phylogs_all.sh: ./make_phylogs.py: /Users/sebastianducheneAIr/anaconda/bin/python: bad interpreter: No such file or directory
doing runs/s75_ucld_subset_exp.trees
./get_phylogs_all.sh: ./make_phylogs.py: /Users/sebastianducheneAIr/anaconda/bin/python: bad interpreter: No such file or directory
doing runs/s76_exp_subset_exp.trees
./get_phylogs_all.sh: ./make_phylogs.py: /Users/sebastianducheneAIr/anaconda/bin/python: bad interpreter: No such file or directory
doing runs/s76_strict_subset_exp.trees
./get_phylogs_all.sh: ./make_phylogs.py: /Users/sebastianducheneAIr/anaconda/bin/python: bad interpreter: No such file or directory
doing runs/s76_ucld_subset_exp.trees
./get_phylogs_all.sh: ./make_phylogs.py: /Users/sebastianducheneAIr/anaconda/bin/python: bad interpreter: No such file or directory
doing runs/s77_exp_subset_exp.trees
./get_phylogs_all.sh: ./make_phylogs.py: /Users/sebastianducheneAIr/anaconda/bin/python: bad interpreter: No such file or directory
doing runs/s77_strict_subset_exp.trees
./get_phylogs_all.sh: ./make_phylogs.py: /Users/sebastianducheneAIr/anaconda/bin/python: bad interpreter: No such file or directory
doing runs/s77_ucld_subset_exp.trees
./get_phylogs_all.sh: ./make_phylogs.py: /Users/sebastianducheneAIr/anaconda/bin/python: bad interpreter: No such file or directory
doing runs/s78_exp_subset_exp.trees
./get_phylogs_all.sh: ./make_phylogs.py: /Users/sebastianducheneAIr/anaconda/bin/python: bad interpreter: No such file or directory
doing runs/s78_strict_subset_exp.trees
./get_phylogs_all.sh: ./make_phylogs.py: /Users/sebastianducheneAIr/anaconda/bin/python: bad interpreter: No such file or directory
doing runs/s78_ucld_subset_exp.trees
./get_phylogs_all.sh: ./make_phylogs.py: /Users/sebastianducheneAIr/anaconda/bin/python: bad interpreter: No such file or directory
doing runs/s79_exp_subset_exp.trees
./get_phylogs_all.sh: ./make_phylogs.py: /Users/sebastianducheneAIr/anaconda/bin/python: bad interpreter: No such file or directory
doing runs/s79_strict_subset_exp.trees
./get_phylogs_all.sh: ./make_phylogs.py: /Users/sebastianducheneAIr/anaconda/bin/python: bad interpreter: No such file or directory
doing runs/s79_ucld_subset_exp.trees
./get_phylogs_all.sh: ./make_phylogs.py: /Users/sebastianducheneAIr/anaconda/bin/python: bad interpreter: No such file or directory
doing runs/s7_exp_subset_exp.trees
./get_phylogs_all.sh: ./make_phylogs.py: /Users/sebastianducheneAIr/anaconda/bin/python: bad interpreter: No such file or directory
doing runs/s7_strict_subset_exp.trees
./get_phylogs_all.sh: ./make_phylogs.py: /Users/sebastianducheneAIr/anaconda/bin/python: bad interpreter: No such file or directory
doing runs/s7_ucld_subset_exp.trees
./get_phylogs_all.sh: ./make_phylogs.py: /Users/sebastianducheneAIr/anaconda/bin/python: bad interpreter: No such file or directory
doing runs/s80_exp_subset_exp.trees
./get_phylogs_all.sh: ./make_phylogs.py: /Users/sebastianducheneAIr/anaconda/bin/python: bad interpreter: No such file or directory
doing runs/s80_strict_subset_exp.trees
./get_phylogs_all.sh: ./make_phylogs.py: /Users/sebastianducheneAIr/anaconda/bin/python: bad interpreter: No such file or directory
doing runs/s80_ucld_subset_exp.trees
./get_phylogs_all.sh: ./make_phylogs.py: /Users/sebastianducheneAIr/anaconda/bin/python: bad interpreter: No such file or directory
doing runs/s81_exp_subset_exp.trees
./get_phylogs_all.sh: ./make_phylogs.py: /Users/sebastianducheneAIr/anaconda/bin/python: bad interpreter: No such file or directory
doing runs/s81_strict_subset_exp.trees
./get_phylogs_all.sh: ./make_phylogs.py: /Users/sebastianducheneAIr/anaconda/bin/python: bad interpreter: No such file or directory
doing runs/s81_ucld_subset_exp.trees
./get_phylogs_all.sh: ./make_phylogs.py: /Users/sebastianducheneAIr/anaconda/bin/python: bad interpreter: No such file or directory
doing runs/s82_exp_subset_exp.trees
./get_phylogs_all.sh: ./make_phylogs.py: /Users/sebastianducheneAIr/anaconda/bin/python: bad interpreter: No such file or directory
doing runs/s82_strict_subset_exp.trees
./get_phylogs_all.sh: ./make_phylogs.py: /Users/sebastianducheneAIr/anaconda/bin/python: bad interpreter: No such file or directory
doing runs/s82_ucld_subset_exp.trees
./get_phylogs_all.sh: ./make_phylogs.py: /Users/sebastianducheneAIr/anaconda/bin/python: bad interpreter: No such file or directory
doing runs/s83_exp_subset_exp.trees
./get_phylogs_all.sh: ./make_phylogs.py: /Users/sebastianducheneAIr/anaconda/bin/python: bad interpreter: No such file or directory
doing runs/s83_strict_subset_exp.trees
./get_phylogs_all.sh: ./make_phylogs.py: /Users/sebastianducheneAIr/anaconda/bin/python: bad interpreter: No such file or directory
doing runs/s83_ucld_subset_exp.trees
./get_phylogs_all.sh: ./make_phylogs.py: /Users/sebastianducheneAIr/anaconda/bin/python: bad interpreter: No such file or directory
doing runs/s84_exp_subset_exp.trees
./get_phylogs_all.sh: ./make_phylogs.py: /Users/sebastianducheneAIr/anaconda/bin/python: bad interpreter: No such file or directory
doing runs/s84_strict_subset_exp.trees
./get_phylogs_all.sh: ./make_phylogs.py: /Users/sebastianducheneAIr/anaconda/bin/python: bad interpreter: No such file or directory
doing runs/s84_ucld_subset_exp.trees
./get_phylogs_all.sh: ./make_phylogs.py: /Users/sebastianducheneAIr/anaconda/bin/python: bad interpreter: No such file or directory
doing runs/s85_exp_subset_exp.trees
./get_phylogs_all.sh: ./make_phylogs.py: /Users/sebastianducheneAIr/anaconda/bin/python: bad interpreter: No such file or directory
doing runs/s85_strict_subset_exp.trees
./get_phylogs_all.sh: ./make_phylogs.py: /Users/sebastianducheneAIr/anaconda/bin/python: bad interpreter: No such file or directory
doing runs/s85_ucld_subset_exp.trees
./get_phylogs_all.sh: ./make_phylogs.py: /Users/sebastianducheneAIr/anaconda/bin/python: bad interpreter: No such file or directory
doing runs/s86_exp_subset_exp.trees
./get_phylogs_all.sh: ./make_phylogs.py: /Users/sebastianducheneAIr/anaconda/bin/python: bad interpreter: No such file or directory
doing runs/s86_strict_subset_exp.trees
./get_phylogs_all.sh: ./make_phylogs.py: /Users/sebastianducheneAIr/anaconda/bin/python: bad interpreter: No such file or directory
doing runs/s86_ucld_subset_exp.trees
./get_phylogs_all.sh: ./make_phylogs.py: /Users/sebastianducheneAIr/anaconda/bin/python: bad interpreter: No such file or directory
doing runs/s87_exp_subset_exp.trees
./get_phylogs_all.sh: ./make_phylogs.py: /Users/sebastianducheneAIr/anaconda/bin/python: bad interpreter: No such file or directory
doing runs/s87_strict_subset_exp.trees
./get_phylogs_all.sh: ./make_phylogs.py: /Users/sebastianducheneAIr/anaconda/bin/python: bad interpreter: No such file or directory
doing runs/s87_ucld_subset_exp.trees
./get_phylogs_all.sh: ./make_phylogs.py: /Users/sebastianducheneAIr/anaconda/bin/python: bad interpreter: No such file or directory
doing runs/s88_exp_subset_exp.trees
./get_phylogs_all.sh: ./make_phylogs.py: /Users/sebastianducheneAIr/anaconda/bin/python: bad interpreter: No such file or directory
doing runs/s88_strict_subset_exp.trees
./get_phylogs_all.sh: ./make_phylogs.py: /Users/sebastianducheneAIr/anaconda/bin/python: bad interpreter: No such file or directory
doing runs/s88_ucld_subset_exp.trees
./get_phylogs_all.sh: ./make_phylogs.py: /Users/sebastianducheneAIr/anaconda/bin/python: bad interpreter: No such file or directory
doing runs/s89_exp_subset_exp.trees
./get_phylogs_all.sh: ./make_phylogs.py: /Users/sebastianducheneAIr/anaconda/bin/python: bad interpreter: No such file or directory
doing runs/s89_strict_subset_exp.trees
./get_phylogs_all.sh: ./make_phylogs.py: /Users/sebastianducheneAIr/anaconda/bin/python: bad interpreter: No such file or directory
doing runs/s89_ucld_subset_exp.trees
./get_phylogs_all.sh: ./make_phylogs.py: /Users/sebastianducheneAIr/anaconda/bin/python: bad interpreter: No such file or directory
doing runs/s8_exp_subset_exp.trees
./get_phylogs_all.sh: ./make_phylogs.py: /Users/sebastianducheneAIr/anaconda/bin/python: bad interpreter: No such file or directory
doing runs/s8_strict_subset_exp.trees
./get_phylogs_all.sh: ./make_phylogs.py: /Users/sebastianducheneAIr/anaconda/bin/python: bad interpreter: No such file or directory
doing runs/s8_ucld_subset_exp.trees
./get_phylogs_all.sh: ./make_phylogs.py: /Users/sebastianducheneAIr/anaconda/bin/python: bad interpreter: No such file or directory
doing runs/s90_exp_subset_exp.trees
./get_phylogs_all.sh: ./make_phylogs.py: /Users/sebastianducheneAIr/anaconda/bin/python: bad interpreter: No such file or directory
doing runs/s90_strict_subset_exp.trees
./get_phylogs_all.sh: ./make_phylogs.py: /Users/sebastianducheneAIr/anaconda/bin/python: bad interpreter: No such file or directory
doing runs/s90_ucld_subset_exp.trees
./get_phylogs_all.sh: ./make_phylogs.py: /Users/sebastianducheneAIr/anaconda/bin/python: bad interpreter: No such file or directory
doing runs/s91_exp_subset_exp.trees
./get_phylogs_all.sh: ./make_phylogs.py: /Users/sebastianducheneAIr/anaconda/bin/python: bad interpreter: No such file or directory
doing runs/s91_strict_subset_exp.trees
./get_phylogs_all.sh: ./make_phylogs.py: /Users/sebastianducheneAIr/anaconda/bin/python: bad interpreter: No such file or directory
doing runs/s91_ucld_subset_exp.trees
./get_phylogs_all.sh: ./make_phylogs.py: /Users/sebastianducheneAIr/anaconda/bin/python: bad interpreter: No such file or directory
doing runs/s92_exp_subset_exp.trees
./get_phylogs_all.sh: ./make_phylogs.py: /Users/sebastianducheneAIr/anaconda/bin/python: bad interpreter: No such file or directory
doing runs/s92_strict_subset_exp.trees
./get_phylogs_all.sh: ./make_phylogs.py: /Users/sebastianducheneAIr/anaconda/bin/python: bad interpreter: No such file or directory
doing runs/s92_ucld_subset_exp.trees
./get_phylogs_all.sh: ./make_phylogs.py: /Users/sebastianducheneAIr/anaconda/bin/python: bad interpreter: No such file or directory
doing runs/s93_exp_subset_exp.trees
./get_phylogs_all.sh: ./make_phylogs.py: /Users/sebastianducheneAIr/anaconda/bin/python: bad interpreter: No such file or directory
doing runs/s93_strict_subset_exp.trees
./get_phylogs_all.sh: ./make_phylogs.py: /Users/sebastianducheneAIr/anaconda/bin/python: bad interpreter: No such file or directory
doing runs/s93_ucld_subset_exp.trees
./get_phylogs_all.sh: ./make_phylogs.py: /Users/sebastianducheneAIr/anaconda/bin/python: bad interpreter: No such file or directory
doing runs/s94_exp_subset_exp.trees
./get_phylogs_all.sh: ./make_phylogs.py: /Users/sebastianducheneAIr/anaconda/bin/python: bad interpreter: No such file or directory
doing runs/s94_strict_subset_exp.trees
./get_phylogs_all.sh: ./make_phylogs.py: /Users/sebastianducheneAIr/anaconda/bin/python: bad interpreter: No such file or directory
doing runs/s94_ucld_subset_exp.trees
./get_phylogs_all.sh: ./make_phylogs.py: /Users/sebastianducheneAIr/anaconda/bin/python: bad interpreter: No such file or directory
doing runs/s95_exp_subset_exp.trees
./get_phylogs_all.sh: ./make_phylogs.py: /Users/sebastianducheneAIr/anaconda/bin/python: bad interpreter: No such file or directory
doing runs/s95_strict_subset_exp.trees
./get_phylogs_all.sh: ./make_phylogs.py: /Users/sebastianducheneAIr/anaconda/bin/python: bad interpreter: No such file or directory
doing runs/s95_ucld_subset_exp.trees
./get_phylogs_all.sh: ./make_phylogs.py: /Users/sebastianducheneAIr/anaconda/bin/python: bad interpreter: No such file or directory
doing runs/s96_exp_subset_exp.trees
./get_phylogs_all.sh: ./make_phylogs.py: /Users/sebastianducheneAIr/anaconda/bin/python: bad interpreter: No such file or directory
doing runs/s96_strict_subset_exp.trees
./get_phylogs_all.sh: ./make_phylogs.py: /Users/sebastianducheneAIr/anaconda/bin/python: bad interpreter: No such file or directory
doing runs/s96_ucld_subset_exp.trees
./get_phylogs_all.sh: ./make_phylogs.py: /Users/sebastianducheneAIr/anaconda/bin/python: bad interpreter: No such file or directory
doing runs/s97_exp_subset_exp.trees
./get_phylogs_all.sh: ./make_phylogs.py: /Users/sebastianducheneAIr/anaconda/bin/python: bad interpreter: No such file or directory
doing runs/s97_strict_subset_exp.trees
./get_phylogs_all.sh: ./make_phylogs.py: /Users/sebastianducheneAIr/anaconda/bin/python: bad interpreter: No such file or directory
doing runs/s97_ucld_subset_exp.trees
./get_phylogs_all.sh: ./make_phylogs.py: /Users/sebastianducheneAIr/anaconda/bin/python: bad interpreter: No such file or directory
doing runs/s98_exp_subset_exp.trees
./get_phylogs_all.sh: ./make_phylogs.py: /Users/sebastianducheneAIr/anaconda/bin/python: bad interpreter: No such file or directory
doing runs/s98_strict_subset_exp.trees
./get_phylogs_all.sh: ./make_phylogs.py: /Users/sebastianducheneAIr/anaconda/bin/python: bad interpreter: No such file or directory
doing runs/s98_ucld_subset_exp.trees
./get_phylogs_all.sh: ./make_phylogs.py: /Users/sebastianducheneAIr/anaconda/bin/python: bad interpreter: No such file or directory
doing runs/s99_exp_subset_exp.trees
./get_phylogs_all.sh: ./make_phylogs.py: /Users/sebastianducheneAIr/anaconda/bin/python: bad interpreter: No such file or directory
doing runs/s99_strict_subset_exp.trees
./get_phylogs_all.sh: ./make_phylogs.py: /Users/sebastianducheneAIr/anaconda/bin/python: bad interpreter: No such file or directory
doing runs/s99_ucld_subset_exp.trees
./get_phylogs_all.sh: ./make_phylogs.py: /Users/sebastianducheneAIr/anaconda/bin/python: bad interpreter: No such file or directory
doing runs/s9_exp_subset_exp.trees
./get_phylogs_all.sh: ./make_phylogs.py: /Users/sebastianducheneAIr/anaconda/bin/python: bad interpreter: No such file or directory
doing runs/s9_strict_subset_exp.trees
./get_phylogs_all.sh: ./make_phylogs.py: /Users/sebastianducheneAIr/anaconda/bin/python: bad interpreter: No such file or directory
doing runs/s9_ucld_subset_exp.trees
./get_phylogs_all.sh: ./make_phylogs.py: /Users/sebastianducheneAIr/anaconda/bin/python: bad interpreter: No such file or directory
doing runs/s100_exp_subset_exp.trees
doing runs/s100_exp_subset_ucld.trees
doing runs/s100_strict_subset_exp.trees
doing runs/s100_strict_subset_ucld.trees
doing runs/s100_ucld_subset_exp.trees
doing runs/s100_ucld_subset_ucld.trees
doing runs/s10_exp_subset_exp.trees
doing runs/s10_exp_subset_ucld.trees
doing runs/s10_strict_subset_exp.trees
doing runs/s10_strict_subset_ucld.trees
doing runs/s10_ucld_subset_exp.trees
doing runs/s10_ucld_subset_ucld.trees
doing runs/s11_exp_subset_exp.trees
doing runs/s11_exp_subset_ucld.trees
doing runs/s11_strict_subset_exp.trees
doing runs/s11_strict_subset_ucld.trees
doing runs/s11_ucld_subset_exp.trees
doing runs/s11_ucld_subset_ucld.trees
doing runs/s12_exp_subset_exp.trees
doing runs/s12_exp_subset_ucld.trees
Loading required package: geiger
[1] 1
[1] 2
[1] 3
[1] 4
doing runs/s12_strict_subset_exp.trees
[1] 5
doing runs/s12_strict_subset_ucld.trees
[1] 6
[1] 7
[1] 8
[1] 9
[1] 10
[1] 11
[1] 12
[1] 13
[1] 14
[1] 15
[1] 16
[1] 17
doing runs/s12_ucld_subset_exp.trees
[1] 18
doing runs/s12_ucld_subset_ucld.trees
[1] 19
[1] 20
[1] 21
[1] 22
[1] 23
[1] 24
[1] 25
[1] 26
[1] 27
[1] 28
[1] 29
[1] 30
doing runs/s13_exp_subset_exp.trees
[1] 31
[1] 32
doing runs/s13_exp_subset_ucld.trees
[1] 33
[1] 34
[1] 35
[1] 36
[1] 37
[1] 38
[1] 39
[1] 40
[1] 41
[1] 42
[1] 43
doing runs/s13_strict_subset_exp.trees
[1] 44
[1] 45
doing runs/s13_strict_subset_ucld.trees
[1] 46
[1] 47
[1] 48
[1] 49
[1] 50
[1] 51
[1] 52
[1] 53
[1] 54
[1] 55
[1] 56
doing runs/s13_ucld_subset_exp.trees
[1] 57
doing runs/s13_ucld_subset_ucld.trees
[1] 58
[1] 59
[1] 60
[1] 61
[1] 62
[1] 63
[1] 64
[1] 65
[1] 66
[1] 67
[1] 68
[1] 69
doing runs/s14_exp_subset_exp.trees
[1] 70
[1] 71
doing runs/s14_exp_subset_ucld.trees
[1] 72
[1] 73
[1] 74
[1] 75
[1] 76
[1] 77
[1] 78
[1] 79
[1] 80
[1] 81
[1] 82
doing runs/s14_strict_subset_exp.trees
[1] 83
[1] 84
doing runs/s14_strict_subset_ucld.trees
[1] 85
[1] 86
[1] 87
[1] 88
[1] 89
[1] 90
[1] 91
[1] 92
[1] 93
[1] 94
[1] 95
doing runs/s14_ucld_subset_exp.trees
[1] 96
[1] 97
doing runs/s14_ucld_subset_ucld.trees
[1] 98
[1] 99
[1] 100
[1] 101
[1] 102
[1] 103
[1] 104
[1] 105
[1] 106
[1] 107
[1] 108
doing runs/s15_exp_subset_exp.trees
[1] 109
[1] 110
doing runs/s15_exp_subset_ucld.trees
[1] 111
[1] 112
[1] 113
[1] 114
[1] 115
[1] 116
[1] 117
[1] 118
[1] 119
[1] 120
[1] 121
[1] 122
doing runs/s15_strict_subset_exp.trees
[1] 123
doing runs/s15_strict_subset_ucld.trees
[1] 124
[1] 125
[1] 126
[1] 127
[1] 128
[1] 129
[1] 130
[1] 131
[1] 132
[1] 133
[1] 134
[1] 135
doing runs/s15_ucld_subset_exp.trees
[1] 136
doing runs/s15_ucld_subset_ucld.trees
[1] 137
[1] 138
[1] 139
[1] 140
Traceback (most recent call last):
  File "./make_phylogs.py", line 34, in <module>
    trs = get_phylogs(trees_in)
NameError: name 'trees_in' is not defined
doing runs/s16_exp_subset_exp.trees
[1] 141
Traceback (most recent call last):
  File "./make_phylogs.py", line 34, in <module>
    trs = get_phylogs(trees_in)
NameError: name 'trees_in' is not defined
doing runs/s16_exp_subset_ucld.trees
[1] 142
[1] 143
[1] 144
[1] 145
Traceback (most recent call last):
  File "./make_phylogs.py", line 34, in <module>
    trs = get_phylogs(trees_in)
NameError: name 'trees_in' is not defined
doing runs/s16_strict_subset_exp.trees
[1] 146
Traceback (most recent call last):
  File "./make_phylogs.py", line 34, in <module>
    trs = get_phylogs(trees_in)
NameError: name 'trees_in' is not defined
doing runs/s16_strict_subset_ucld.trees
[1] 147
[1] 148
[1] 149
[1] 150
Traceback (most recent call last):
  File "./make_phylogs.py", line 34, in <module>
    trs = get_phylogs(trees_in)
NameError: name 'trees_in' is not defined
doing runs/s16_ucld_subset_exp.trees
[1] 151
Traceback (most recent call last):
  File "./make_phylogs.py", line 34, in <module>
    trs = get_phylogs(trees_in)
NameError: name 'trees_in' is not defined
doing runs/s16_ucld_subset_ucld.trees
[1] 152
[1] 153
[1] 154
[1] 155
Traceback (most recent call last):
  File "./make_phylogs.py", line 34, in <module>
    trs = get_phylogs(trees_in)
NameError: name 'trees_in' is not defined
doing runs/s17_exp_subset_exp.trees
[1] 156
Traceback (most recent call last):
  File "./make_phylogs.py", line 34, in <module>
    trs = get_phylogs(trees_in)
NameError: name 'trees_in' is not defined
doing runs/s17_exp_subset_ucld.trees
[1] 157
[1] 158
[1] 159
[1] 160
Traceback (most recent call last):
  File "./make_phylogs.py", line 34, in <module>
    trs = get_phylogs(trees_in)
NameError: name 'trees_in' is not defined
doing runs/s17_strict_subset_exp.trees
[1] 161
Traceback (most recent call last):
  File "./make_phylogs.py", line 34, in <module>
    trs = get_phylogs(trees_in)
NameError: name 'trees_in' is not defined
doing runs/s17_strict_subset_ucld.trees
[1] 162
[1] 163
[1] 164
[1] 165
Traceback (most recent call last):
  File "./make_phylogs.py", line 34, in <module>
    trs = get_phylogs(trees_in)
NameError: name 'trees_in' is not defined
doing runs/s17_ucld_subset_exp.trees
[1] 166
Traceback (most recent call last):
  File "./make_phylogs.py", line 34, in <module>
    trs = get_phylogs(trees_in)
NameError: name 'trees_in' is not defined
doing runs/s17_ucld_subset_ucld.trees
[1] 167
[1] 168
[1] 169
[1] 170
Traceback (most recent call last):
  File "./make_phylogs.py", line 34, in <module>
    trs = get_phylogs(trees_in)
NameError: name 'trees_in' is not defined
doing runs/s18_exp_subset_exp.trees
[1] 171
Traceback (most recent call last):
  File "./make_phylogs.py", line 34, in <module>
    trs = get_phylogs(trees_in)
NameError: name 'trees_in' is not defined
doing runs/s18_exp_subset_ucld.trees
[1] 172
[1] 173
[1] 174
[1] 175
Traceback (most recent call last):
  File "./make_phylogs.py", line 34, in <module>
    trs = get_phylogs(trees_in)
NameError: name 'trees_in' is not defined
doing runs/s18_strict_subset_exp.trees
[1] 176
Traceback (most recent call last):
  File "./make_phylogs.py", line 34, in <module>
    trs = get_phylogs(trees_in)
NameError: name 'trees_in' is not defined
doing runs/s18_strict_subset_ucld.trees
[1] 177
[1] 178
[1] 179
[1] 180
Traceback (most recent call last):
  File "./make_phylogs.py", line 34, in <module>
    trs = get_phylogs(trees_in)
NameError: name 'trees_in' is not defined
doing runs/s18_ucld_subset_exp.trees
[1] 181
Traceback (most recent call last):
  File "./make_phylogs.py", line 34, in <module>
    trs = get_phylogs(trees_in)
NameError: name 'trees_in' is not defined
doing runs/s18_ucld_subset_ucld.trees
[1] 182
[1] 183
[1] 184
[1] 185
Traceback (most recent call last):
  File "./make_phylogs.py", line 34, in <module>
    trs = get_phylogs(trees_in)
NameError: name 'trees_in' is not defined
doing runs/s19_exp_subset_exp.trees
[1] 186
Traceback (most recent call last):
  File "./make_phylogs.py", line 34, in <module>
    trs = get_phylogs(trees_in)
NameError: name 'trees_in' is not defined
[1] 187
doing runs/s19_exp_subset_ucld.trees
[1] 188
[1] 189
[1] 190
Traceback (most recent call last):
  File "./make_phylogs.py", line 34, in <module>
    trs = get_phylogs(trees_in)
NameError: name 'trees_in' is not defined
doing runs/s19_strict_subset_exp.trees
[1] 191
Traceback (most recent call last):
  File "./make_phylogs.py", line 34, in <module>
    trs = get_phylogs(trees_in)
NameError: name 'trees_in' is not defined
[1] 192
doing runs/s19_strict_subset_ucld.trees
[1] 193
[1] 194
[1] 195
Traceback (most recent call last):
  File "./make_phylogs.py", line 34, in <module>
    trs = get_phylogs(trees_in)
NameError: name 'trees_in' is not defined
doing runs/s19_ucld_subset_exp.trees
[1] 196
Traceback (most recent call last):
  File "./make_phylogs.py", line 34, in <module>
    trs = get_phylogs(trees_in)
NameError: name 'trees_in' is not defined
[1] 197
doing runs/s19_ucld_subset_ucld.trees
[1] 198
[1] 199
[1] 200
Traceback (most recent call last):
  File "./make_phylogs.py", line 34, in <module>
    trs = get_phylogs(trees_in)
NameError: name 'trees_in' is not defined
doing runs/s1_exp_subset_exp.trees
[1] 201
[1] 202
Traceback (most recent call last):
  File "./make_phylogs.py", line 34, in <module>
    trs = get_phylogs(trees_in)
NameError: name 'trees_in' is not defined
doing runs/s1_exp_subset_ucld.trees
[1] 203
[1] 204
[1] 205
Traceback (most recent call last):
  File "./make_phylogs.py", line 34, in <module>
    trs = get_phylogs(trees_in)
NameError: name 'trees_in' is not defined
doing runs/s1_strict_subset_exp.trees
[1] 206
Traceback (most recent call last):
  File "./make_phylogs.py", line 34, in <module>
    trs = get_phylogs(trees_in)
NameError: name 'trees_in' is not defined
[1] 207
doing runs/s1_strict_subset_ucld.trees
[1] 208
[1] 209
[1] 210
Traceback (most recent call last):
  File "./make_phylogs.py", line 34, in <module>
    trs = get_phylogs(trees_in)
NameError: name 'trees_in' is not defined
doing runs/s1_ucld_subset_exp.trees
[1] 211
Traceback (most recent call last):
  File "./make_phylogs.py", line 34, in <module>
    trs = get_phylogs(trees_in)
NameError: name 'trees_in' is not defined
[1] 212
doing runs/s1_ucld_subset_ucld.trees
[1] 213
[1] 214
[1] 215
Traceback (most recent call last):
  File "./make_phylogs.py", line 34, in <module>
    trs = get_phylogs(trees_in)
NameError: name 'trees_in' is not defined
doing runs/s20_exp_subset_exp.trees
[1] 216
Traceback (most recent call last):
  File "./make_phylogs.py", line 34, in <module>
    trs = get_phylogs(trees_in)
NameError: name 'trees_in' is not defined
[1] 217
doing runs/s20_exp_subset_ucld.trees
[1] 218
[1] 219
[1] 220
Traceback (most recent call last):
  File "./make_phylogs.py", line 34, in <module>
    trs = get_phylogs(trees_in)
NameError: name 'trees_in' is not defined
doing runs/s20_strict_subset_exp.trees
[1] 221
[1] 222
Traceback (most recent call last):
  File "./make_phylogs.py", line 34, in <module>
    trs = get_phylogs(trees_in)
NameError: name 'trees_in' is not defined
doing runs/s20_strict_subset_ucld.trees
[1] 223
[1] 224
[1] 225
Traceback (most recent call last):
  File "./make_phylogs.py", line 34, in <module>
    trs = get_phylogs(trees_in)
NameError: name 'trees_in' is not defined
doing runs/s20_ucld_subset_exp.trees
[1] 226
[1] 227
Traceback (most recent call last):
  File "./make_phylogs.py", line 34, in <module>
    trs = get_phylogs(trees_in)
NameError: name 'trees_in' is not defined
doing runs/s20_ucld_subset_ucld.trees
[1] 228
[1] 229
[1] 230
Traceback (most recent call last):
  File "./make_phylogs.py", line 34, in <module>
    trs = get_phylogs(trees_in)
NameError: name 'trees_in' is not defined
doing runs/s21_exp_subset_exp.trees
[1] 231
[1] 232
Traceback (most recent call last):
  File "./make_phylogs.py", line 34, in <module>
    trs = get_phylogs(trees_in)
NameError: name 'trees_in' is not defined
doing runs/s21_exp_subset_ucld.trees
[1] 233
[1] 234
[1] 235
Traceback (most recent call last):
  File "./make_phylogs.py", line 34, in <module>
    trs = get_phylogs(trees_in)
NameError: name 'trees_in' is not defined
doing runs/s21_strict_subset_exp.trees
[1] 236
[1] 237
Traceback (most recent call last):
  File "./make_phylogs.py", line 34, in <module>
    trs = get_phylogs(trees_in)
NameError: name 'trees_in' is not defined
doing runs/s21_strict_subset_ucld.trees
[1] 238
[1] 239
[1] 240
Traceback (most recent call last):
  File "./make_phylogs.py", line 34, in <module>
    trs = get_phylogs(trees_in)
NameError: name 'trees_in' is not defined
[1] 241
doing runs/s21_ucld_subset_exp.trees
[1] 242
Traceback (most recent call last):
  File "./make_phylogs.py", line 34, in <module>
    trs = get_phylogs(trees_in)
NameError: name 'trees_in' is not defined
doing runs/s21_ucld_subset_ucld.trees
[1] 243
[1] 244
[1] 245
Traceback (most recent call last):
  File "./make_phylogs.py", line 34, in <module>
    trs = get_phylogs(trees_in)
NameError: name 'trees_in' is not defined
[1] 246
doing runs/s22_exp_subset_exp.trees
[1] 247
Traceback (most recent call last):
  File "./make_phylogs.py", line 34, in <module>
    trs = get_phylogs(trees_in)
NameError: name 'trees_in' is not defined
doing runs/s22_exp_subset_ucld.trees
[1] 248
[1] 249
[1] 250
Traceback (most recent call last):
  File "./make_phylogs.py", line 34, in <module>
    trs = get_phylogs(trees_in)
NameError: name 'trees_in' is not defined
[1] 251
doing runs/s22_strict_subset_exp.trees
[1] 252
Traceback (most recent call last):
  File "./make_phylogs.py", line 34, in <module>
    trs = get_phylogs(trees_in)
NameError: name 'trees_in' is not defined
doing runs/s22_strict_subset_ucld.trees
[1] 253
[1] 254
[1] 255
[1] 256
Traceback (most recent call last):
  File "./make_phylogs.py", line 34, in <module>
    trs = get_phylogs(trees_in)
NameError: name 'trees_in' is not defined
doing runs/s22_ucld_subset_exp.trees
[1] 257
Traceback (most recent call last):
  File "./make_phylogs.py", line 34, in <module>
    trs = get_phylogs(trees_in)
NameError: name 'trees_in' is not defined
doing runs/s22_ucld_subset_ucld.trees
[1] 258
[1] 259
[1] 260
[1] 261
Traceback (most recent call last):
  File "./make_phylogs.py", line 34, in <module>
    
NameError: name 'trees_in' is not defined
doing runs/s23_exp_subset_exp.trees
[1] 262
Traceback (most recent call last):
  File "./make_phylogs.py", line 34, in <module>
    
NameError: name 'trees_in' is not defined
doing runs/s23_exp_subset_ucld.trees
[1] 263
[1] 264
[1] 265
[1] 266
Traceback (most recent call last):
  File "./make_phylogs.py", line 39, in <module>
    
NameError: name 'trees_in' is not defined
doing runs/s23_strict_subset_exp.trees
[1] 267
Traceback (most recent call last):
  File "./make_phylogs.py", line 39, in <module>
    for t in trs:
NameError: name 'trees_in' is not defined
doing runs/s23_strict_subset_ucld.trees
[1] 268
[1] 269
[1] 270
[1] 271
Traceback (most recent call last):
  File "./make_phylogs.py", line 44, in <module>
    
NameError: name 'trees_in' is not defined
doing runs/s23_ucld_subset_exp.trees
[1] 272
Traceback (most recent call last):
  File "./make_phylogs.py", line 34, in <module>
    trs = get_phylogs(trees_in)
NameError: name 'trees_in' is not defined
doing runs/s23_ucld_subset_ucld.trees
[1] 273
[1] 274
[1] 275
[1] 276
Traceback (most recent call last):
  File "./make_phylogs.py", line 34, in <module>
    trs = get_phylogs(trees_in)
NameError: name 'trees_in' is not defined
doing runs/s24_exp_subset_exp.trees
[1] 277
Traceback (most recent call last):
  File "./make_phylogs.py", line 40, in <module>
    output.write(t)
TypeError: expected a character buffer object
doing runs/s24_exp_subset_ucld.trees
[1] 278
[1] 279
[1] 280
[1] 281
Traceback (most recent call last):
  File "./make_phylogs.py", line 40, in <module>
    output.write(t)
TypeError: expected a character buffer object
doing runs/s24_strict_subset_exp.trees
[1] 282
Traceback (most recent call last):
  File "./make_phylogs.py", line 40, in <module>
    output.write(t)
TypeError: expected a character buffer object
doing runs/s24_strict_subset_ucld.trees
[1] 283
[1] 284
[1] 285
[1] 286
Traceback (most recent call last):
  File "./make_phylogs.py", line 40, in <module>
    output.write(t)
TypeError: expected a character buffer object
doing runs/s24_ucld_subset_exp.trees
[1] 287
Traceback (most recent call last):
  File "./make_phylogs.py", line 40, in <module>
    output.write(t)
TypeError: expected a character buffer object
[1] 288
doing runs/s24_ucld_subset_ucld.trees
[1] 289
[1] 290
[1] 291
using new function to process only last 100 trees
Traceback (most recent call last):
  File "./make_phylogs.py", line 40, in <module>
    output.write(t)
TypeError: expected a character buffer object
doing runs/s25_exp_subset_exp.trees
[1] 292
using new function to process only last 100 trees
Traceback (most recent call last):
  File "./make_phylogs.py", line 40, in <module>
    output.write(t)
TypeError: expected a character buffer object
[1] 293
doing runs/s25_exp_subset_ucld.trees
[1] 294
[1] 295
[1] 296
using new function to process only last 100 trees
Traceback (most recent call last):
  File "./make_phylogs.py", line 40, in <module>
    for t in trs:
TypeError: expected a character buffer object
doing runs/s25_strict_subset_exp.trees
[1] 297
[1] 298
using new function to process only last 100 trees
Traceback (most recent call last):
  File "./make_phylogs.py", line 40, in <module>
    for t in trs:
TypeError: expected a character buffer object
doing runs/s25_strict_subset_ucld.trees
[1] 299
[1] 300
using new function to process only last 100 trees
runs/s25_strict_subset_exp_phylogs.trees
Traceback (most recent call last):
  File "./make_phylogs.py", line 41, in <module>
    output.write(t)
TypeError: expected a character buffer object
doing runs/s25_ucld_subset_exp.trees
using new function to process only last 100 trees
runs/s25_strict_subset_ucld_phylogs.trees
Traceback (most recent call last):
  File "./make_phylogs.py", line 41, in <module>
    output.write(t)
TypeError: expected a character buffer object
doing runs/s25_ucld_subset_ucld.trees
using new function to process only last 100 trees
runs/s25_ucld_subset_exp_phylogs.trees
doing runs/s26_exp_subset_exp.trees
using new function to process only last 100 trees
runs/s25_ucld_subset_ucld_phylogs.trees
doing runs/s26_exp_subset_ucld.trees
using new function to process only last 100 trees
runs/s26_exp_subset_exp_phylogs.trees
doing runs/s26_strict_subset_exp.trees
using new function to process only last 100 trees
runs/s26_exp_subset_ucld_phylogs.trees
doing runs/s26_strict_subset_ucld.trees
using new function to process only last 100 trees
runs/s26_strict_subset_exp_phylogs.trees
doing runs/s26_ucld_subset_exp.trees
using new function to process only last 100 trees
runs/s26_strict_subset_ucld_phylogs.trees
doing runs/s26_ucld_subset_ucld.trees
using new function to process only last 100 trees
runs/s26_ucld_subset_exp_phylogs.trees
doing runs/s27_exp_subset_exp.trees
using new function to process only last 100 trees
runs/s26_ucld_subset_ucld_phylogs.trees
doing runs/s27_exp_subset_ucld.trees
using new function to process only last 100 trees
runs/s27_exp_subset_exp_phylogs.trees
doing runs/s27_strict_subset_exp.trees
using new function to process only last 100 trees
runs/s27_exp_subset_ucld_phylogs.trees
doing runs/s27_strict_subset_ucld.trees
using new function to process only last 100 trees
runs/s27_strict_subset_exp_phylogs.trees
doing runs/s27_ucld_subset_exp.trees
using new function to process only last 100 trees
runs/s27_strict_subset_ucld_phylogs.trees
doing runs/s27_ucld_subset_ucld.trees
using new function to process only last 100 trees
runs/s27_ucld_subset_exp_phylogs.trees
doing runs/s28_exp_subset_exp.trees
using new function to process only last 100 trees
runs/s27_ucld_subset_ucld_phylogs.trees
doing runs/s28_exp_subset_ucld.trees
using new function to process only last 100 trees
runs/s28_exp_subset_exp_phylogs.trees
doing runs/s28_strict_subset_exp.trees
using new function to process only last 100 trees
runs/s28_exp_subset_ucld_phylogs.trees
doing runs/s28_strict_subset_ucld.trees
using new function to process only last 100 trees
runs/s28_strict_subset_exp_phylogs.trees
doing runs/s28_ucld_subset_exp.trees
using new function to process only last 100 trees
runs/s28_strict_subset_ucld_phylogs.trees
doing runs/s28_ucld_subset_ucld.trees
using new function to process only last 100 trees
runs/s28_ucld_subset_exp_phylogs.trees
doing runs/s29_exp_subset_exp.trees
using new function to process only last 100 trees
runs/s28_ucld_subset_ucld_phylogs.trees
doing runs/s29_exp_subset_ucld.trees
using new function to process only last 100 trees
runs/s29_exp_subset_exp_phylogs.trees
doing runs/s29_strict_subset_exp.trees
using new function to process only last 100 trees
runs/s29_exp_subset_ucld_phylogs.trees
doing runs/s29_strict_subset_ucld.trees
using new function to process only last 100 trees
runs/s29_strict_subset_exp_phylogs.trees
doing runs/s29_ucld_subset_exp.trees
using new function to process only last 100 trees
runs/s29_strict_subset_ucld_phylogs.trees
doing runs/s29_ucld_subset_ucld.trees
using new function to process only last 100 trees
runs/s29_ucld_subset_exp_phylogs.trees
doing runs/s2_exp_subset_exp.trees
using new function to process only last 100 trees
runs/s29_ucld_subset_ucld_phylogs.trees
doing runs/s2_exp_subset_ucld.trees
using new function to process only last 100 trees
runs/s2_exp_subset_exp_phylogs.trees
doing runs/s2_strict_subset_exp.trees
using new function to process only last 100 trees
runs/s2_exp_subset_ucld_phylogs.trees
doing runs/s2_strict_subset_ucld.trees
using new function to process only last 100 trees
runs/s2_strict_subset_exp_phylogs.trees
doing runs/s2_ucld_subset_exp.trees
using new function to process only last 100 trees
runs/s2_strict_subset_ucld_phylogs.trees
doing runs/s2_ucld_subset_ucld.trees
using new function to process only last 100 trees
runs/s2_ucld_subset_exp_phylogs.trees
doing runs/s30_exp_subset_exp.trees
using new function to process only last 100 trees
runs/s2_ucld_subset_ucld_phylogs.trees
doing runs/s30_exp_subset_ucld.trees
using new function to process only last 100 trees
runs/s30_exp_subset_exp_phylogs.trees
doing runs/s30_strict_subset_exp.trees
using new function to process only last 100 trees
runs/s30_exp_subset_ucld_phylogs.trees
doing runs/s30_strict_subset_ucld.trees
using new function to process only last 100 trees
runs/s30_strict_subset_exp_phylogs.trees
doing runs/s30_ucld_subset_exp.trees
using new function to process only last 100 trees
runs/s30_strict_subset_ucld_phylogs.trees
doing runs/s30_ucld_subset_ucld.trees
using new function to process only last 100 trees
runs/s30_ucld_subset_exp_phylogs.trees
doing runs/s31_exp_subset_exp.trees
using new function to process only last 100 trees
runs/s30_ucld_subset_ucld_phylogs.trees
doing runs/s31_exp_subset_ucld.trees
using new function to process only last 100 trees
runs/s31_exp_subset_exp_phylogs.trees
doing runs/s31_strict_subset_exp.trees
using new function to process only last 100 trees
runs/s31_exp_subset_ucld_phylogs.trees
doing runs/s31_strict_subset_ucld.trees
using new function to process only last 100 trees
runs/s31_strict_subset_exp_phylogs.trees
doing runs/s31_ucld_subset_exp.trees
using new function to process only last 100 trees
runs/s31_strict_subset_ucld_phylogs.trees
doing runs/s31_ucld_subset_ucld.trees
using new function to process only last 100 trees
runs/s31_ucld_subset_exp_phylogs.trees
doing runs/s32_exp_subset_exp.trees
using new function to process only last 100 trees
runs/s31_ucld_subset_ucld_phylogs.trees
doing runs/s32_exp_subset_ucld.trees
using new function to process only last 100 trees
runs/s32_exp_subset_exp_phylogs.trees
doing runs/s32_strict_subset_exp.trees
using new function to process only last 100 trees
runs/s32_exp_subset_ucld_phylogs.trees
doing runs/s32_strict_subset_ucld.trees
using new function to process only last 100 trees
runs/s32_strict_subset_exp_phylogs.trees
doing runs/s32_ucld_subset_exp.trees
using new function to process only last 100 trees
runs/s32_strict_subset_ucld_phylogs.trees
doing runs/s32_ucld_subset_ucld.trees
using new function to process only last 100 trees
runs/s32_ucld_subset_exp_phylogs.trees
doing runs/s33_exp_subset_exp.trees
using new function to process only last 100 trees
runs/s32_ucld_subset_ucld_phylogs.trees
doing runs/s33_exp_subset_ucld.trees
using new function to process only last 100 trees
runs/s33_exp_subset_exp_phylogs.trees
doing runs/s33_strict_subset_exp.trees
using new function to process only last 100 trees
runs/s33_exp_subset_ucld_phylogs.trees
doing runs/s33_strict_subset_ucld.trees
using new function to process only last 100 trees
runs/s33_strict_subset_exp_phylogs.trees
doing runs/s33_ucld_subset_exp.trees
using new function to process only last 100 trees
runs/s33_strict_subset_ucld_phylogs.trees
doing runs/s33_ucld_subset_ucld.trees
using new function to process only last 100 trees
runs/s33_ucld_subset_exp_phylogs.trees
doing runs/s34_exp_subset_exp.trees
using new function to process only last 100 trees
runs/s33_ucld_subset_ucld_phylogs.trees
doing runs/s34_exp_subset_ucld.trees
using new function to process only last 100 trees
runs/s34_exp_subset_exp_phylogs.trees
doing runs/s34_strict_subset_exp.trees
using new function to process only last 100 trees
runs/s34_exp_subset_ucld_phylogs.trees
doing runs/s34_strict_subset_ucld.trees
using new function to process only last 100 trees
runs/s34_strict_subset_exp_phylogs.trees
doing runs/s34_ucld_subset_exp.trees
using new function to process only last 100 trees
runs/s34_strict_subset_ucld_phylogs.trees
doing runs/s34_ucld_subset_ucld.trees
using new function to process only last 100 trees
runs/s34_ucld_subset_exp_phylogs.trees
doing runs/s35_exp_subset_exp.trees
using new function to process only last 100 trees
runs/s34_ucld_subset_ucld_phylogs.trees
doing runs/s35_exp_subset_ucld.trees
using new function to process only last 100 trees
runs/s35_exp_subset_exp_phylogs.trees
doing runs/s35_strict_subset_exp.trees
using new function to process only last 100 trees
runs/s35_exp_subset_ucld_phylogs.trees
doing runs/s35_strict_subset_ucld.trees
using new function to process only last 100 trees
runs/s35_strict_subset_exp_phylogs.trees
doing runs/s35_ucld_subset_exp.trees
using new function to process only last 100 trees
runs/s35_strict_subset_ucld_phylogs.trees
doing runs/s35_ucld_subset_ucld.trees
using new function to process only last 100 trees
runs/s35_ucld_subset_exp_phylogs.trees
doing runs/s36_exp_subset_exp.trees
using new function to process only last 100 trees
runs/s35_ucld_subset_ucld_phylogs.trees
doing runs/s36_exp_subset_ucld.trees
using new function to process only last 100 trees
runs/s36_exp_subset_exp_phylogs.trees
doing runs/s36_strict_subset_exp.trees
using new function to process only last 100 trees
runs/s36_exp_subset_ucld_phylogs.trees
doing runs/s36_strict_subset_ucld.trees
using new function to process only last 100 trees
runs/s36_strict_subset_exp_phylogs.trees
doing runs/s36_ucld_subset_exp.trees
using new function to process only last 100 trees
runs/s36_strict_subset_ucld_phylogs.trees
doing runs/s36_ucld_subset_ucld.trees
using new function to process only last 100 trees
runs/s36_ucld_subset_exp_phylogs.trees
doing runs/s37_exp_subset_exp.trees
using new function to process only last 100 trees
runs/s36_ucld_subset_ucld_phylogs.trees
doing runs/s37_exp_subset_ucld.trees
using new function to process only last 100 trees
runs/s37_exp_subset_exp_phylogs.trees
doing runs/s37_strict_subset_exp.trees
using new function to process only last 100 trees
runs/s37_exp_subset_ucld_phylogs.trees
doing runs/s37_strict_subset_ucld.trees
using new function to process only last 100 trees
runs/s37_strict_subset_exp_phylogs.trees
doing runs/s37_ucld_subset_exp.trees
using new function to process only last 100 trees
runs/s37_strict_subset_ucld_phylogs.trees
doing runs/s37_ucld_subset_ucld.trees
using new function to process only last 100 trees
runs/s37_ucld_subset_exp_phylogs.trees
doing runs/s38_exp_subset_exp.trees
using new function to process only last 100 trees
runs/s37_ucld_subset_ucld_phylogs.trees
doing runs/s38_exp_subset_ucld.trees
using new function to process only last 100 trees
runs/s38_exp_subset_exp_phylogs.trees
doing runs/s38_strict_subset_exp.trees
using new function to process only last 100 trees
runs/s38_exp_subset_ucld_phylogs.trees
doing runs/s38_strict_subset_ucld.trees
using new function to process only last 100 trees
runs/s38_strict_subset_exp_phylogs.trees
doing runs/s38_ucld_subset_exp.trees
using new function to process only last 100 trees
runs/s38_strict_subset_ucld_phylogs.trees
doing runs/s38_ucld_subset_ucld.trees
using new function to process only last 100 trees
runs/s38_ucld_subset_exp_phylogs.trees
doing runs/s39_exp_subset_exp.trees
using new function to process only last 100 trees
runs/s38_ucld_subset_ucld_phylogs.trees
doing runs/s39_exp_subset_ucld.trees
using new function to process only last 100 trees
runs/s39_exp_subset_exp_phylogs.trees
doing runs/s39_strict_subset_exp.trees
using new function to process only last 100 trees
runs/s39_exp_subset_ucld_phylogs.trees
doing runs/s39_strict_subset_ucld.trees
using new function to process only last 100 trees
runs/s39_strict_subset_exp_phylogs.trees
doing runs/s39_ucld_subset_exp.trees
using new function to process only last 100 trees
runs/s39_strict_subset_ucld_phylogs.trees
doing runs/s39_ucld_subset_ucld.trees
using new function to process only last 100 trees
runs/s39_ucld_subset_exp_phylogs.trees
doing runs/s3_exp_subset_exp.trees
using new function to process only last 100 trees
runs/s39_ucld_subset_ucld_phylogs.trees
doing runs/s3_exp_subset_ucld.trees
using new function to process only last 100 trees
runs/s3_exp_subset_exp_phylogs.trees
doing runs/s3_strict_subset_exp.trees
using new function to process only last 100 trees
runs/s3_exp_subset_ucld_phylogs.trees
doing runs/s3_strict_subset_ucld.trees
using new function to process only last 100 trees
runs/s3_strict_subset_exp_phylogs.trees
doing runs/s3_ucld_subset_exp.trees
using new function to process only last 100 trees
runs/s3_strict_subset_ucld_phylogs.trees
doing runs/s3_ucld_subset_ucld.trees
using new function to process only last 100 trees
runs/s3_ucld_subset_exp_phylogs.trees
doing runs/s40_exp_subset_exp.trees
using new function to process only last 100 trees
runs/s3_ucld_subset_ucld_phylogs.trees
doing runs/s40_exp_subset_ucld.trees
using new function to process only last 100 trees
runs/s40_exp_subset_exp_phylogs.trees
doing runs/s40_strict_subset_exp.trees
using new function to process only last 100 trees
runs/s40_exp_subset_ucld_phylogs.trees
doing runs/s40_strict_subset_ucld.trees
using new function to process only last 100 trees
runs/s40_strict_subset_exp_phylogs.trees
doing runs/s40_ucld_subset_exp.trees
using new function to process only last 100 trees
runs/s40_strict_subset_ucld_phylogs.trees
doing runs/s40_ucld_subset_ucld.trees
using new function to process only last 100 trees
runs/s40_ucld_subset_exp_phylogs.trees
doing runs/s41_exp_subset_exp.trees
using new function to process only last 100 trees
runs/s40_ucld_subset_ucld_phylogs.trees
doing runs/s41_exp_subset_ucld.trees
using new function to process only last 100 trees
runs/s41_exp_subset_exp_phylogs.trees
doing runs/s41_strict_subset_exp.trees
using new function to process only last 100 trees
runs/s41_exp_subset_ucld_phylogs.trees
doing runs/s41_strict_subset_ucld.trees
using new function to process only last 100 trees
runs/s41_strict_subset_exp_phylogs.trees
doing runs/s41_ucld_subset_exp.trees
using new function to process only last 100 trees
runs/s41_strict_subset_ucld_phylogs.trees
doing runs/s41_ucld_subset_ucld.trees
using new function to process only last 100 trees
runs/s41_ucld_subset_exp_phylogs.trees
doing runs/s42_exp_subset_exp.trees
using new function to process only last 100 trees
runs/s41_ucld_subset_ucld_phylogs.trees
doing runs/s42_exp_subset_ucld.trees
using new function to process only last 100 trees
runs/s42_exp_subset_exp_phylogs.trees
doing runs/s42_strict_subset_exp.trees
using new function to process only last 100 trees
runs/s42_exp_subset_ucld_phylogs.trees
doing runs/s42_strict_subset_ucld.trees
using new function to process only last 100 trees
runs/s42_strict_subset_exp_phylogs.trees
doing runs/s42_ucld_subset_exp.trees
using new function to process only last 100 trees
runs/s42_strict_subset_ucld_phylogs.trees
doing runs/s42_ucld_subset_ucld.trees
using new function to process only last 100 trees
runs/s42_ucld_subset_exp_phylogs.trees
doing runs/s43_exp_subset_exp.trees
using new function to process only last 100 trees
runs/s42_ucld_subset_ucld_phylogs.trees
doing runs/s43_exp_subset_ucld.trees
using new function to process only last 100 trees
runs/s43_exp_subset_exp_phylogs.trees
doing runs/s43_strict_subset_exp.trees
using new function to process only last 100 trees
runs/s43_exp_subset_ucld_phylogs.trees
doing runs/s43_strict_subset_ucld.trees
using new function to process only last 100 trees
runs/s43_strict_subset_exp_phylogs.trees
doing runs/s43_ucld_subset_exp.trees
using new function to process only last 100 trees
runs/s43_strict_subset_ucld_phylogs.trees
doing runs/s43_ucld_subset_ucld.trees
using new function to process only last 100 trees
runs/s43_ucld_subset_exp_phylogs.trees
doing runs/s44_exp_subset_exp.trees
using new function to process only last 100 trees
runs/s43_ucld_subset_ucld_phylogs.trees
doing runs/s44_exp_subset_ucld.trees
using new function to process only last 100 trees
runs/s44_exp_subset_exp_phylogs.trees
doing runs/s44_strict_subset_exp.trees
using new function to process only last 100 trees
runs/s44_exp_subset_ucld_phylogs.trees
doing runs/s44_strict_subset_ucld.trees
using new function to process only last 100 trees
runs/s44_strict_subset_exp_phylogs.trees
doing runs/s44_ucld_subset_exp.trees
using new function to process only last 100 trees
runs/s44_strict_subset_ucld_phylogs.trees
doing runs/s44_ucld_subset_ucld.trees
./get_phylogs_all.sh: line 5: 14134 Killed: 9               ./make_phylogs.py $t
doing runs/s45_exp_subset_ucld.trees
using new function to process only last 100 trees
runs/s44_ucld_subset_exp_phylogs.trees
doing runs/s45_exp_subset_exp.trees
./get_phylogs_all.sh: line 5: 14138 Killed: 9               ./make_phylogs.py $t
doing runs/s45_strict_subset_ucld.trees
using new function to process only last 100 trees
runs/s45_exp_subset_exp_phylogs.trees
doing runs/s45_strict_subset_exp.trees
using new function to process only last 100 trees
runs/s45_strict_subset_ucld_phylogs.trees
doing runs/s45_ucld_subset_ucld.trees
using new function to process only last 100 trees
runs/s45_strict_subset_exp_phylogs.trees
using new function to process only last 100 trees
runs/s45_ucld_subset_ucld_phylogs.trees
